Log file open, 08/15/19 20:58:21
LogWindows: Failed to load 'aqProf.dll' (GetLastError=126)
LogWindows: File 'aqProf.dll' does not exist
LogWindows: Failed to load 'VtuneApi.dll' (GetLastError=126)
LogWindows: File 'VtuneApi.dll' does not exist
LogWindows: Failed to load 'VtuneApi32e.dll' (GetLastError=126)
LogWindows: File 'VtuneApi32e.dll' does not exist
LogConsoleResponse: Display: Failed to find resolution value strings in scalability ini. Falling back to default.
LogInit: Display: Running engine for game: ProjectZombies
LogPakFile: Registered encryption key '00000000000000000000000000000000': 0 pak files mounted, 0 remain pending
LogPlatformFile: Not using cached read wrapper
LogTaskGraph: Started task graph with 5 named threads and 23 total threads with 3 sets of task threads.
LogStats: Stats thread started at 0.318839
LogD3D11RHI: Loaded GFSDK_Aftermath_Lib.x64.dll
LogICUInternationalization: ICU TimeZone Detection - Raw Offset: +1:00, Platform Override: ''
LogPluginManager: Mounting plugin Paper2D
LogPluginManager: Mounting plugin AISupport
LogPluginManager: Mounting plugin LightPropagationVolume
LogPluginManager: Mounting plugin ActorLayerUtilities
LogPluginManager: Mounting plugin CLionSourceCodeAccess
LogPluginManager: Mounting plugin CodeLiteSourceCodeAccess
LogPluginManager: Mounting plugin GitSourceControl
LogPluginManager: Mounting plugin KDevelopSourceCodeAccess
LogPluginManager: Mounting plugin NullSourceCodeAccess
LogPluginManager: Mounting plugin PerforceSourceControl
LogPluginManager: Mounting plugin SubversionSourceControl
LogPluginManager: Mounting plugin UObjectPlugin
LogPluginManager: Mounting plugin VisualStudioCodeSourceCodeAccess
LogPluginManager: Mounting plugin VisualStudioSourceCodeAccess
LogPluginManager: Mounting plugin XCodeSourceCodeAccess
LogPluginManager: Mounting plugin AssetManagerEditor
LogPluginManager: Mounting plugin CryptoKeys
LogPluginManager: Mounting plugin DataValidation
LogPluginManager: Mounting plugin FacialAnimation
LogPluginManager: Mounting plugin GameplayTagsEditor
LogPluginManager: Mounting plugin MacGraphicsSwitching
LogPluginManager: Mounting plugin MeshEditor
LogPluginManager: Mounting plugin MobileLauncherProfileWizard
LogPluginManager: Mounting plugin PluginBrowser
LogPluginManager: Mounting plugin SpeedTreeImporter
LogPluginManager: Mounting plugin DatasmithContent
LogPluginManager: Mounting plugin VariantManagerContent
LogPluginManager: Mounting plugin AlembicImporter
LogPluginManager: Mounting plugin AppleImageUtils
LogPluginManager: Mounting plugin AppleVision
LogPluginManager: Mounting plugin BackChannel
LogPluginManager: Mounting plugin CharacterAI
LogPluginManager: Mounting plugin GeometryCache
LogPluginManager: Mounting plugin HTML5Networking
LogPluginManager: Mounting plugin ProxyLODPlugin
LogPluginManager: Mounting plugin MagicLeap
LogPluginManager: Mounting plugin MagicLeapMedia
LogPluginManager: Mounting plugin AndroidMedia
LogPluginManager: Mounting plugin AvfMedia
LogPluginManager: Mounting plugin ImgMedia
LogPluginManager: Mounting plugin LinearTimecode
LogPluginManager: Mounting plugin MediaCompositing
LogPluginManager: Mounting plugin MediaPlayerEditor
LogPluginManager: Mounting plugin WebMMedia
LogPluginManager: Mounting plugin WmfMedia
LogPluginManager: Mounting plugin TcpMessaging
LogPluginManager: Mounting plugin UdpMessaging
LogPluginManager: Mounting plugin ActorSequence
LogPluginManager: Mounting plugin LevelSequenceEditor
LogPluginManager: Mounting plugin MatineeToLevelSequence
LogPluginManager: Mounting plugin NetcodeUnitTest
LogPluginManager: Mounting plugin NUTUnrealEngine4
LogPluginManager: Mounting plugin OnlineSubsystemGooglePlay
LogPluginManager: Mounting plugin OnlineSubsystemIOS
LogPluginManager: Mounting plugin OnlineSubsystem
LogPluginManager: Mounting plugin OnlineSubsystemNull
LogPluginManager: Mounting plugin OnlineSubsystemUtils
LogPluginManager: Mounting plugin LauncherChunkInstaller
LogPluginManager: Mounting plugin AndroidDeviceProfileSelector
LogPluginManager: Mounting plugin AndroidMoviePlayer
LogPluginManager: Mounting plugin AndroidPermission
LogPluginManager: Mounting plugin AppleMoviePlayer
LogPluginManager: Mounting plugin ArchVisCharacter
LogPluginManager: Mounting plugin AudioCapture
LogPluginManager: Mounting plugin CableComponent
LogPluginManager: Mounting plugin CustomMeshComponent
LogPluginManager: Mounting plugin EditableMesh
LogPluginManager: Mounting plugin ExampleDeviceProfileSelector
LogPluginManager: Mounting plugin Firebase
LogPluginManager: Mounting plugin GoogleCloudMessaging
LogPluginManager: Mounting plugin IOSDeviceProfileSelector
LogPluginManager: Mounting plugin LinuxDeviceProfileSelector
LogPluginManager: Mounting plugin LocationServicesBPLibrary
LogPluginManager: Mounting plugin MobilePatchingUtils
LogPluginManager: Mounting plugin OculusVR
LogPluginManager: Mounting plugin PhysXVehicles
LogPluginManager: Mounting plugin ProceduralMeshComponent
LogPluginManager: Mounting plugin RuntimePhysXCooking
LogPluginManager: Mounting plugin SteamVR
LogPluginManager: Mounting plugin WebMMoviePlayer
LogPluginManager: Mounting plugin WindowsMoviePlayer
LogStreaming: Display: Took  0.066s to configure plugins.
LogInit: Using libcurl 7.55.1-DEV
LogInit:  - built for x86_64-pc-win32
LogInit:  - supports SSL with OpenSSL/1.0.2h
LogInit:  - supports HTTP deflate (compression) using libz 1.2.8
LogInit:  - other features:
LogInit:      CURL_VERSION_SSL
LogInit:      CURL_VERSION_LIBZ
LogInit:      CURL_VERSION_IPV6
LogInit:      CURL_VERSION_ASYNCHDNS
LogInit:      CURL_VERSION_LARGEFILE
LogInit:      CURL_VERSION_IDN
LogInit:  CurlRequestOptions (configurable via config and command line):
LogInit:  - bVerifyPeer = true  - Libcurl will verify peer certificate
LogInit:  - bUseHttpProxy = false  - Libcurl will NOT use HTTP proxy
LogInit:  - bDontReuseConnections = false  - Libcurl will reuse connections
LogInit:  - MaxHostConnections = 16  - Libcurl will limit the number of connections to a host
LogInit:  - LocalHostAddr = Default
LogInit:  - BufferSize = 65536
LogModuleManager: Warning: ModuleManager: Unable to load module 'OnlineSubsystemSteam'  - 0 instances of that module name found.
LogInit: WinSock: version 1.1 (2.2), MaxSocks=32767, MaxUdp=65467
LogInit: Build: ++UE4+Release-4.21-CL-4753647
LogInit: Engine Version: 4.21.2-4753647+++UE4+Release-4.21
LogInit: Compatible Engine Version: 4.21.0-4541578+++UE4+Release-4.21
LogInit: Net CL: 4541578
LogInit: OS: Windows 10 (), CPU: Intel(R) Core(TM) i7-7700HQ CPU @ 2.80GHz, GPU: Intel(R) HD Graphics 630
LogInit: Compiled (64-bit): Jan 19 2019 02:07:31
LogInit: Compiled with Visual C++: 19.13.26129.00
LogInit: Build Configuration: Development
LogInit: Branch Name: ++UE4+Release-4.21
LogInit: Command Line:  /Game/Maps/mainmenu -game -PIEVIACONSOLE -ResX=1280 -ResY=720 -Multiprocess -messaging -SessionName="Play in Standalone Game" -windowed
LogInit: Base Directory: C:/Program Files/Epic Games/UE_4.21/Engine/Binaries/Win64/
LogInit: Installed Engine Build: 1
LogDevObjectVersion: Number of dev versions registered: 22
LogDevObjectVersion:   Dev-Blueprints (B0D832E4-1F89-4F0D-ACCF-7EB736FD4AA2): 10
LogDevObjectVersion:   Dev-Build (E1C64328-A22C-4D53-A36C-8E866417BD8C): 0
LogDevObjectVersion:   Dev-Core (375EC13C-06E4-48FB-B500-84F0262A717E): 2
LogDevObjectVersion:   Dev-Editor (E4B068ED-F494-42E9-A231-DA0B2E46BB41): 26
LogDevObjectVersion:   Dev-Framework (CFFC743F-43B0-4480-9391-14DF171D2073): 34
LogDevObjectVersion:   Dev-Mobile (B02B49B5-BB20-44E9-A304-32B752E40360): 2
LogDevObjectVersion:   Dev-Networking (A4E4105C-59A1-49B5-A7C5-40C4547EDFEE): 0
LogDevObjectVersion:   Dev-Online (39C831C9-5AE6-47DC-9A44-9C173E1C8E7C): 0
LogDevObjectVersion:   Dev-Physics (78F01B33-EBEA-4F98-B9B4-84EACCB95AA2): 0
LogDevObjectVersion:   Dev-Platform (6631380F-2D4D-43E0-8009-CF276956A95A): 0
LogDevObjectVersion:   Dev-Rendering (12F88B9F-8875-4AFC-A67C-D90C383ABD29): 27
LogDevObjectVersion:   Dev-Sequencer (7B5AE74C-D270-4C10-A958-57980B212A5A): 9
LogDevObjectVersion:   Dev-VR (D7296918-1DD6-4BDD-9DE2-64A83CC13884): 2
LogDevObjectVersion:   Dev-LoadTimes (C2A15278-BFE7-4AFE-6C17-90FF531DF755): 1
LogDevObjectVersion:   Private-Geometry (6EACA3D4-40EC-4CC1-B786-8BED09428FC5): 3
LogDevObjectVersion:   Dev-AnimPhys (29E575DD-E0A3-4627-9D10-D276232CDCEA): 17
LogDevObjectVersion:   Dev-Anim (AF43A65D-7FD3-4947-9873-3E8ED9C1BB05): 2
LogDevObjectVersion:   Dev-ReflectionCapture (6B266CEC-1EC7-4B8F-A30B-E4D90942FC07): 1
LogDevObjectVersion:   Dev-Automation (0DF73D61-A23F-47EA-B727-89E90C41499A): 1
LogDevObjectVersion:   FortniteMain (601D1886-AC64-4F84-AA16-D3DE0DEAC7D6): 17
LogDevObjectVersion:   Dev-Enterprise (9DFFBCD6-494F-0158-E221-12823C92A888): 4
LogDevObjectVersion:   Dev-Niagara (F2AED0AC-9AFE-416F-8664-AA7FFA26D6FC): 1
LogStreaming: Display: Took  0.004s to delete old logs.
LogInit: Presizing for max 8388607 objects, including 0 objects not considered by GC, pre-allocating 0 bytes for permanent pool.
LogInit: Object subsystem initialized
LogConfig: Setting CVar [[con.DebugEarlyDefault:1]]
LogConfig: Setting CVar [[r.setres:1280x720]]
[2019.08.15-18.58.21:979][  0]LogConfig: Setting CVar [[con.DebugEarlyDefault:1]]
[2019.08.15-18.58.21:979][  0]LogConfig: Setting CVar [[r.setres:1280x720]]
[2019.08.15-18.58.21:979][  0]LogConfig: Applying CVar settings from Section [/Script/Engine.RendererSettings] File [C:/Users/Yannick/Documents/Unreal Projects/ProjectZombies/Saved/Config/Windows/Engine.ini]
[2019.08.15-18.58.21:979][  0]LogConfig: Setting CVar [[r.GPUCrashDebugging:0]]
[2019.08.15-18.58.21:979][  0]LogConfig: Applying CVar settings from Section [/Script/Engine.RendererOverrideSettings] File [C:/Users/Yannick/Documents/Unreal Projects/ProjectZombies/Saved/Config/Windows/Engine.ini]
[2019.08.15-18.58.21:979][  0]LogConfig: Applying CVar settings from Section [/Script/Engine.StreamingSettings] File [C:/Users/Yannick/Documents/Unreal Projects/ProjectZombies/Saved/Config/Windows/Engine.ini]
[2019.08.15-18.58.21:979][  0]LogConfig: Setting CVar [[s.MinBulkDataSizeForAsyncLoading:131072]]
[2019.08.15-18.58.21:979][  0]LogConfig: Setting CVar [[s.AsyncLoadingThreadEnabled:0]]
[2019.08.15-18.58.21:979][  0]LogConfig: Setting CVar [[s.EventDrivenLoaderEnabled:1]]
[2019.08.15-18.58.21:979][  0]LogConfig: Setting CVar [[s.WarnIfTimeLimitExceeded:0]]
[2019.08.15-18.58.21:979][  0]LogConfig: Setting CVar [[s.TimeLimitExceededMultiplier:1.5]]
[2019.08.15-18.58.21:979][  0]LogConfig: Setting CVar [[s.TimeLimitExceededMinTime:0.005]]
[2019.08.15-18.58.21:979][  0]LogConfig: Setting CVar [[s.UseBackgroundLevelStreaming:1]]
[2019.08.15-18.58.21:980][  0]LogConfig: Setting CVar [[s.PriorityAsyncLoadingExtraTime:15.0]]
[2019.08.15-18.58.21:980][  0]LogConfig: Setting CVar [[s.LevelStreamingActorsUpdateTimeLimit:5.0]]
[2019.08.15-18.58.21:980][  0]LogConfig: Setting CVar [[s.PriorityLevelStreamingActorsUpdateExtraTime:5.0]]
[2019.08.15-18.58.21:980][  0]LogConfig: Setting CVar [[s.LevelStreamingComponentsRegistrationGranularity:10]]
[2019.08.15-18.58.21:980][  0]LogConfig: Setting CVar [[s.UnregisterComponentsTimeLimit:1.0]]
[2019.08.15-18.58.21:980][  0]LogConfig: Setting CVar [[s.LevelStreamingComponentsUnregistrationGranularity:5]]
[2019.08.15-18.58.21:980][  0]LogConfig: Applying CVar settings from Section [/Script/Engine.GarbageCollectionSettings] File [C:/Users/Yannick/Documents/Unreal Projects/ProjectZombies/Saved/Config/Windows/Engine.ini]
[2019.08.15-18.58.21:980][  0]LogConfig: Setting CVar [[gc.MaxObjectsNotConsideredByGC:1]]
[2019.08.15-18.58.21:980][  0]LogConfig: Setting CVar [[gc.SizeOfPermanentObjectPool:0]]
[2019.08.15-18.58.21:980][  0]LogConfig: Setting CVar [[gc.FlushStreamingOnGC:0]]
[2019.08.15-18.58.21:980][  0]LogConfig: Setting CVar [[gc.NumRetriesBeforeForcingGC:10]]
[2019.08.15-18.58.21:980][  0]LogConfig: Setting CVar [[gc.AllowParallelGC:1]]
[2019.08.15-18.58.21:980][  0]LogConfig: Setting CVar [[gc.TimeBetweenPurgingPendingKillObjects:61.1]]
[2019.08.15-18.58.21:980][  0]LogConfig: Setting CVar [[gc.MaxObjectsInEditor:8388607]]
[2019.08.15-18.58.21:980][  0]LogConfig: Setting CVar [[gc.IncrementalBeginDestroyEnabled:1]]
[2019.08.15-18.58.21:980][  0]LogConfig: Setting CVar [[gc.CreateGCClusters:1]]
[2019.08.15-18.58.21:980][  0]LogConfig: Setting CVar [[gc.MergeGCClusters:0]]
[2019.08.15-18.58.21:980][  0]LogConfig: Setting CVar [[gc.MinGCClusterSize:5]]
[2019.08.15-18.58.21:980][  0]LogConfig: Setting CVar [[gc.ActorClusteringEnabled:0]]
[2019.08.15-18.58.21:980][  0]LogConfig: Setting CVar [[gc.BlueprintClusteringEnabled:0]]
[2019.08.15-18.58.21:980][  0]LogConfig: Setting CVar [[gc.UseDisregardForGCOnDedicatedServers:0]]
[2019.08.15-18.58.21:980][  0]LogConfig: Applying CVar settings from Section [/Script/Engine.NetworkSettings] File [C:/Users/Yannick/Documents/Unreal Projects/ProjectZombies/Saved/Config/Windows/Engine.ini]
[2019.08.15-18.58.21:980][  0]LogConfig: Applying CVar settings from Section [/Script/UnrealEd.CookerSettings] File [C:/Users/Yannick/Documents/Unreal Projects/ProjectZombies/Saved/Config/Windows/Engine.ini]
[2019.08.15-18.58.21:983][  0]LogConfig: Applying CVar settings from Section [ViewDistanceQuality@3] File [C:/Users/Yannick/Documents/Unreal Projects/ProjectZombies/Saved/Config/Windows/Scalability.ini]
[2019.08.15-18.58.21:983][  0]LogConfig: Setting CVar [[r.SkeletalMeshLODBias:0]]
[2019.08.15-18.58.21:984][  0]LogConfig: Setting CVar [[r.ViewDistanceScale:1.0]]
[2019.08.15-18.58.21:984][  0]LogConfig: Applying CVar settings from Section [AntiAliasingQuality@3] File [C:/Users/Yannick/Documents/Unreal Projects/ProjectZombies/Saved/Config/Windows/Scalability.ini]
[2019.08.15-18.58.21:984][  0]LogConfig: Setting CVar [[r.PostProcessAAQuality:4]]
[2019.08.15-18.58.21:984][  0]LogConfig: Applying CVar settings from Section [ShadowQuality@3] File [C:/Users/Yannick/Documents/Unreal Projects/ProjectZombies/Saved/Config/Windows/Scalability.ini]
[2019.08.15-18.58.21:984][  0]LogConfig: Setting CVar [[r.LightFunctionQuality:1]]
[2019.08.15-18.58.21:984][  0]LogConfig: Setting CVar [[r.ShadowQuality:5]]
[2019.08.15-18.58.21:984][  0]LogConfig: Setting CVar [[r.Shadow.CSM.MaxCascades:10]]
[2019.08.15-18.58.21:984][  0]LogConfig: Setting CVar [[r.Shadow.MaxResolution:2048]]
[2019.08.15-18.58.21:984][  0]LogConfig: Setting CVar [[r.Shadow.MaxCSMResolution:2048]]
[2019.08.15-18.58.21:984][  0]LogConfig: Setting CVar [[r.Shadow.RadiusThreshold:0.01]]
[2019.08.15-18.58.21:984][  0]LogConfig: Setting CVar [[r.Shadow.DistanceScale:1.0]]
[2019.08.15-18.58.21:984][  0]LogConfig: Setting CVar [[r.Shadow.CSM.TransitionScale:1.0]]
[2019.08.15-18.58.21:984][  0]LogConfig: Setting CVar [[r.Shadow.PreShadowResolutionFactor:1.0]]
[2019.08.15-18.58.21:984][  0]LogConfig: Setting CVar [[r.DistanceFieldShadowing:1]]
[2019.08.15-18.58.21:984][  0]LogConfig: Setting CVar [[r.DistanceFieldAO:1]]
[2019.08.15-18.58.21:984][  0]LogConfig: Setting CVar [[r.AOQuality:2]]
[2019.08.15-18.58.21:984][  0]LogConfig: Setting CVar [[r.VolumetricFog:1]]
[2019.08.15-18.58.21:984][  0]LogConfig: Setting CVar [[r.VolumetricFog.GridPixelSize:8]]
[2019.08.15-18.58.21:984][  0]LogConfig: Setting CVar [[r.VolumetricFog.GridSizeZ:128]]
[2019.08.15-18.58.21:984][  0]LogConfig: Setting CVar [[r.VolumetricFog.HistoryMissSupersampleCount:4]]
[2019.08.15-18.58.21:984][  0]LogConfig: Setting CVar [[r.LightMaxDrawDistanceScale:1]]
[2019.08.15-18.58.21:984][  0]LogConfig: Setting CVar [[r.CapsuleShadows:1]]
[2019.08.15-18.58.21:984][  0]LogConfig: Applying CVar settings from Section [PostProcessQuality@3] File [C:/Users/Yannick/Documents/Unreal Projects/ProjectZombies/Saved/Config/Windows/Scalability.ini]
[2019.08.15-18.58.21:984][  0]LogConfig: Setting CVar [[r.MotionBlurQuality:4]]
[2019.08.15-18.58.21:984][  0]LogConfig: Setting CVar [[r.AmbientOcclusionMipLevelFactor:0.4]]
[2019.08.15-18.58.21:984][  0]LogConfig: Setting CVar [[r.AmbientOcclusionMaxQuality:100]]
[2019.08.15-18.58.21:984][  0]LogConfig: Setting CVar [[r.AmbientOcclusionLevels:-1]]
[2019.08.15-18.58.21:984][  0]LogConfig: Setting CVar [[r.AmbientOcclusionRadiusScale:1.0]]
[2019.08.15-18.58.21:984][  0]LogConfig: Setting CVar [[r.DepthOfFieldQuality:2]]
[2019.08.15-18.58.21:984][  0]LogConfig: Setting CVar [[r.RenderTargetPoolMin:400]]
[2019.08.15-18.58.21:985][  0]LogConfig: Setting CVar [[r.LensFlareQuality:2]]
[2019.08.15-18.58.21:985][  0]LogConfig: Setting CVar [[r.SceneColorFringeQuality:1]]
[2019.08.15-18.58.21:985][  0]LogConfig: Setting CVar [[r.EyeAdaptationQuality:2]]
[2019.08.15-18.58.21:985][  0]LogConfig: Setting CVar [[r.BloomQuality:5]]
[2019.08.15-18.58.21:985][  0]LogConfig: Setting CVar [[r.FastBlurThreshold:100]]
[2019.08.15-18.58.21:985][  0]LogConfig: Setting CVar [[r.Upscale.Quality:3]]
[2019.08.15-18.58.21:985][  0]LogConfig: Setting CVar [[r.Tonemapper.GrainQuantization:1]]
[2019.08.15-18.58.21:985][  0]LogConfig: Setting CVar [[r.LightShaftQuality:1]]
[2019.08.15-18.58.21:985][  0]LogConfig: Setting CVar [[r.Filter.SizeScale:1]]
[2019.08.15-18.58.21:985][  0]LogConfig: Setting CVar [[r.Tonemapper.Quality:5]]
[2019.08.15-18.58.21:985][  0]LogConfig: Setting CVar [[r.DOF.Gather.AccumulatorQuality:1        ; higher gathering accumulator quality]]
[2019.08.15-18.58.21:985][  0]LogConfig: Setting CVar [[r.DOF.Gather.PostfilterMethod:1          ; Median3x3 postfilering method]]
[2019.08.15-18.58.21:985][  0]LogConfig: Setting CVar [[r.DOF.Gather.EnableBokehSettings:0       ; no bokeh simulation when gathering]]
[2019.08.15-18.58.21:985][  0]LogConfig: Setting CVar [[r.DOF.Gather.RingCount:4                 ; medium number of samples when gathering]]
[2019.08.15-18.58.21:985][  0]LogConfig: Setting CVar [[r.DOF.Scatter.ForegroundCompositing:1    ; additive foreground scattering]]
[2019.08.15-18.58.21:985][  0]LogConfig: Setting CVar [[r.DOF.Scatter.BackgroundCompositing:2    ; additive background scattering]]
[2019.08.15-18.58.21:985][  0]LogConfig: Setting CVar [[r.DOF.Scatter.EnableBokehSettings:1      ; bokeh simulation when scattering]]
[2019.08.15-18.58.21:985][  0]LogConfig: Setting CVar [[r.DOF.Scatter.MaxSpriteRatio:0.1         ; only a maximum of 10% of scattered bokeh]]
[2019.08.15-18.58.21:985][  0]LogConfig: Setting CVar [[r.DOF.Recombine.Quality:1                ; cheap slight out of focus]]
[2019.08.15-18.58.21:985][  0]LogConfig: Setting CVar [[r.DOF.Recombine.EnableBokehSettings:0    ; no bokeh simulation on slight out of focus]]
[2019.08.15-18.58.21:985][  0]LogConfig: Setting CVar [[r.DOF.TemporalAAQuality:1                ; more stable temporal accumulation]]
[2019.08.15-18.58.21:985][  0]LogConfig: Setting CVar [[r.DOF.Kernel.MaxForegroundRadius:0.025]]
[2019.08.15-18.58.21:985][  0]LogConfig: Setting CVar [[r.DOF.Kernel.MaxBackgroundRadius:0.025]]
[2019.08.15-18.58.21:985][  0]LogConfig: Applying CVar settings from Section [TextureQuality@3] File [C:/Users/Yannick/Documents/Unreal Projects/ProjectZombies/Saved/Config/Windows/Scalability.ini]
[2019.08.15-18.58.21:985][  0]LogConfig: Setting CVar [[r.Streaming.MipBias:0]]
[2019.08.15-18.58.21:985][  0]LogConfig: Setting CVar [[r.Streaming.AmortizeCPUToGPUCopy:0]]
[2019.08.15-18.58.21:985][  0]LogConfig: Setting CVar [[r.Streaming.MaxNumTexturesToStreamPerFrame:0]]
[2019.08.15-18.58.21:985][  0]LogConfig: Setting CVar [[r.Streaming.Boost:1]]
[2019.08.15-18.58.21:985][  0]LogConfig: Setting CVar [[r.MaxAnisotropy:8]]
[2019.08.15-18.58.21:985][  0]LogConfig: Setting CVar [[r.Streaming.LimitPoolSizeToVRAM:0]]
[2019.08.15-18.58.21:985][  0]LogConfig: Setting CVar [[r.Streaming.PoolSize:1000]]
[2019.08.15-18.58.21:985][  0]LogConfig: Setting CVar [[r.Streaming.MaxEffectiveScreenSize:0]]
[2019.08.15-18.58.21:985][  0]LogConfig: Applying CVar settings from Section [EffectsQuality@3] File [C:/Users/Yannick/Documents/Unreal Projects/ProjectZombies/Saved/Config/Windows/Scalability.ini]
[2019.08.15-18.58.21:985][  0]LogConfig: Setting CVar [[r.TranslucencyLightingVolumeDim:64]]
[2019.08.15-18.58.21:985][  0]LogConfig: Setting CVar [[r.RefractionQuality:2]]
[2019.08.15-18.58.21:986][  0]LogConfig: Setting CVar [[r.SSR.Quality:3]]
[2019.08.15-18.58.21:986][  0]LogConfig: Setting CVar [[r.SceneColorFormat:4]]
[2019.08.15-18.58.21:986][  0]LogConfig: Setting CVar [[r.DetailMode:2]]
[2019.08.15-18.58.21:986][  0]LogConfig: Setting CVar [[r.TranslucencyVolumeBlur:1]]
[2019.08.15-18.58.21:986][  0]LogConfig: Setting CVar [[r.MaterialQualityLevel:1 ; High quality]]
[2019.08.15-18.58.21:986][  0]LogConfig: Setting CVar [[r.SSS.Scale:1]]
[2019.08.15-18.58.21:986][  0]LogConfig: Setting CVar [[r.SSS.SampleSet:2]]
[2019.08.15-18.58.21:986][  0]LogConfig: Setting CVar [[r.SSS.Quality:1]]
[2019.08.15-18.58.21:986][  0]LogConfig: Setting CVar [[r.SSS.HalfRes:1]]
[2019.08.15-18.58.21:986][  0]LogConfig: Setting CVar [[r.EmitterSpawnRateScale:1.0]]
[2019.08.15-18.58.21:986][  0]LogConfig: Setting CVar [[r.ParticleLightQuality:2]]
[2019.08.15-18.58.21:986][  0]LogConfig: Applying CVar settings from Section [FoliageQuality@3] File [C:/Users/Yannick/Documents/Unreal Projects/ProjectZombies/Saved/Config/Windows/Scalability.ini]
[2019.08.15-18.58.21:986][  0]LogConfig: Setting CVar [[foliage.DensityScale:1.0]]
[2019.08.15-18.58.21:986][  0]LogConfig: Setting CVar [[grass.DensityScale:1.0]]
[2019.08.15-18.58.21:986][  0]LogInit: Selected Device Profile: [Windows]
[2019.08.15-18.58.21:986][  0]LogInit: Applying CVar settings loaded from the selected device profile: [Windows]
[2019.08.15-18.58.21:990][  0]LogHAL: Display: Platform has ~ 16 GB [17059446784 / 17179869184 / 16], which maps to Larger [LargestMinGB=32, LargerMinGB=12, DefaultMinGB=8, SmallerMinGB=6, SmallestMinGB=0)
[2019.08.15-18.58.21:990][  0]LogConfig: Setting CVar [[r.Vulkan.UseRealUBs:1]]
[2019.08.15-18.58.21:990][  0]LogInit: Going up to parent DeviceProfile []
[2019.08.15-18.58.21:990][  0]LogConfig: Applying CVar settings from Section [ViewDistanceQuality@3] File [C:/Users/Yannick/Documents/Unreal Projects/ProjectZombies/Saved/Config/Windows/Scalability.ini]
[2019.08.15-18.58.21:990][  0]LogConfig: Setting CVar [[r.SkeletalMeshLODBias:0]]
[2019.08.15-18.58.21:990][  0]LogConfig: Setting CVar [[r.ViewDistanceScale:1.0]]
[2019.08.15-18.58.21:990][  0]LogConfig: Applying CVar settings from Section [AntiAliasingQuality@3] File [C:/Users/Yannick/Documents/Unreal Projects/ProjectZombies/Saved/Config/Windows/Scalability.ini]
[2019.08.15-18.58.21:990][  0]LogConfig: Setting CVar [[r.PostProcessAAQuality:4]]
[2019.08.15-18.58.21:990][  0]LogConfig: Applying CVar settings from Section [ShadowQuality@3] File [C:/Users/Yannick/Documents/Unreal Projects/ProjectZombies/Saved/Config/Windows/Scalability.ini]
[2019.08.15-18.58.21:990][  0]LogConfig: Setting CVar [[r.LightFunctionQuality:1]]
[2019.08.15-18.58.21:990][  0]LogConfig: Setting CVar [[r.ShadowQuality:5]]
[2019.08.15-18.58.21:990][  0]LogConfig: Setting CVar [[r.Shadow.CSM.MaxCascades:10]]
[2019.08.15-18.58.21:990][  0]LogConfig: Setting CVar [[r.Shadow.MaxResolution:2048]]
[2019.08.15-18.58.21:990][  0]LogConfig: Setting CVar [[r.Shadow.MaxCSMResolution:2048]]
[2019.08.15-18.58.21:990][  0]LogConfig: Setting CVar [[r.Shadow.RadiusThreshold:0.01]]
[2019.08.15-18.58.21:990][  0]LogConfig: Setting CVar [[r.Shadow.DistanceScale:1.0]]
[2019.08.15-18.58.21:990][  0]LogConfig: Setting CVar [[r.Shadow.CSM.TransitionScale:1.0]]
[2019.08.15-18.58.21:990][  0]LogConfig: Setting CVar [[r.Shadow.PreShadowResolutionFactor:1.0]]
[2019.08.15-18.58.21:990][  0]LogConfig: Setting CVar [[r.DistanceFieldShadowing:1]]
[2019.08.15-18.58.21:990][  0]LogConfig: Setting CVar [[r.DistanceFieldAO:1]]
[2019.08.15-18.58.21:990][  0]LogConfig: Setting CVar [[r.AOQuality:2]]
[2019.08.15-18.58.21:990][  0]LogConfig: Setting CVar [[r.VolumetricFog:1]]
[2019.08.15-18.58.21:990][  0]LogConfig: Setting CVar [[r.VolumetricFog.GridPixelSize:8]]
[2019.08.15-18.58.21:990][  0]LogConfig: Setting CVar [[r.VolumetricFog.GridSizeZ:128]]
[2019.08.15-18.58.21:990][  0]LogConfig: Setting CVar [[r.VolumetricFog.HistoryMissSupersampleCount:4]]
[2019.08.15-18.58.21:990][  0]LogConfig: Setting CVar [[r.LightMaxDrawDistanceScale:1]]
[2019.08.15-18.58.21:990][  0]LogConfig: Setting CVar [[r.CapsuleShadows:1]]
[2019.08.15-18.58.21:990][  0]LogConfig: Applying CVar settings from Section [PostProcessQuality@3] File [C:/Users/Yannick/Documents/Unreal Projects/ProjectZombies/Saved/Config/Windows/Scalability.ini]
[2019.08.15-18.58.21:990][  0]LogConfig: Setting CVar [[r.MotionBlurQuality:4]]
[2019.08.15-18.58.21:990][  0]LogConfig: Setting CVar [[r.AmbientOcclusionMipLevelFactor:0.4]]
[2019.08.15-18.58.21:990][  0]LogConfig: Setting CVar [[r.AmbientOcclusionMaxQuality:100]]
[2019.08.15-18.58.21:991][  0]LogConfig: Setting CVar [[r.AmbientOcclusionLevels:-1]]
[2019.08.15-18.58.21:991][  0]LogConfig: Setting CVar [[r.AmbientOcclusionRadiusScale:1.0]]
[2019.08.15-18.58.21:991][  0]LogConfig: Setting CVar [[r.DepthOfFieldQuality:2]]
[2019.08.15-18.58.21:991][  0]LogConfig: Setting CVar [[r.RenderTargetPoolMin:400]]
[2019.08.15-18.58.21:991][  0]LogConfig: Setting CVar [[r.LensFlareQuality:2]]
[2019.08.15-18.58.21:991][  0]LogConfig: Setting CVar [[r.SceneColorFringeQuality:1]]
[2019.08.15-18.58.21:991][  0]LogConfig: Setting CVar [[r.EyeAdaptationQuality:2]]
[2019.08.15-18.58.21:991][  0]LogConfig: Setting CVar [[r.BloomQuality:5]]
[2019.08.15-18.58.21:991][  0]LogConfig: Setting CVar [[r.FastBlurThreshold:100]]
[2019.08.15-18.58.21:991][  0]LogConfig: Setting CVar [[r.Upscale.Quality:3]]
[2019.08.15-18.58.21:991][  0]LogConfig: Setting CVar [[r.Tonemapper.GrainQuantization:1]]
[2019.08.15-18.58.21:991][  0]LogConfig: Setting CVar [[r.LightShaftQuality:1]]
[2019.08.15-18.58.21:991][  0]LogConfig: Setting CVar [[r.Filter.SizeScale:1]]
[2019.08.15-18.58.21:991][  0]LogConfig: Setting CVar [[r.Tonemapper.Quality:5]]
[2019.08.15-18.58.21:991][  0]LogConfig: Setting CVar [[r.DOF.Gather.AccumulatorQuality:1        ; higher gathering accumulator quality]]
[2019.08.15-18.58.21:991][  0]LogConfig: Setting CVar [[r.DOF.Gather.PostfilterMethod:1          ; Median3x3 postfilering method]]
[2019.08.15-18.58.21:991][  0]LogConfig: Setting CVar [[r.DOF.Gather.EnableBokehSettings:0       ; no bokeh simulation when gathering]]
[2019.08.15-18.58.21:991][  0]LogConfig: Setting CVar [[r.DOF.Gather.RingCount:4                 ; medium number of samples when gathering]]
[2019.08.15-18.58.21:991][  0]LogConfig: Setting CVar [[r.DOF.Scatter.ForegroundCompositing:1    ; additive foreground scattering]]
[2019.08.15-18.58.21:991][  0]LogConfig: Setting CVar [[r.DOF.Scatter.BackgroundCompositing:2    ; additive background scattering]]
[2019.08.15-18.58.21:991][  0]LogConfig: Setting CVar [[r.DOF.Scatter.EnableBokehSettings:1      ; bokeh simulation when scattering]]
[2019.08.15-18.58.21:991][  0]LogConfig: Setting CVar [[r.DOF.Scatter.MaxSpriteRatio:0.1         ; only a maximum of 10% of scattered bokeh]]
[2019.08.15-18.58.21:991][  0]LogConfig: Setting CVar [[r.DOF.Recombine.Quality:1                ; cheap slight out of focus]]
[2019.08.15-18.58.21:991][  0]LogConfig: Setting CVar [[r.DOF.Recombine.EnableBokehSettings:0    ; no bokeh simulation on slight out of focus]]
[2019.08.15-18.58.21:991][  0]LogConfig: Setting CVar [[r.DOF.TemporalAAQuality:1                ; more stable temporal accumulation]]
[2019.08.15-18.58.21:991][  0]LogConfig: Setting CVar [[r.DOF.Kernel.MaxForegroundRadius:0.025]]
[2019.08.15-18.58.21:991][  0]LogConfig: Setting CVar [[r.DOF.Kernel.MaxBackgroundRadius:0.025]]
[2019.08.15-18.58.21:991][  0]LogConfig: Applying CVar settings from Section [TextureQuality@3] File [C:/Users/Yannick/Documents/Unreal Projects/ProjectZombies/Saved/Config/Windows/Scalability.ini]
[2019.08.15-18.58.21:991][  0]LogConfig: Setting CVar [[r.Streaming.MipBias:0]]
[2019.08.15-18.58.21:991][  0]LogConfig: Setting CVar [[r.Streaming.AmortizeCPUToGPUCopy:0]]
[2019.08.15-18.58.21:991][  0]LogConfig: Setting CVar [[r.Streaming.MaxNumTexturesToStreamPerFrame:0]]
[2019.08.15-18.58.21:991][  0]LogConfig: Setting CVar [[r.Streaming.Boost:1]]
[2019.08.15-18.58.21:991][  0]LogConfig: Setting CVar [[r.MaxAnisotropy:8]]
[2019.08.15-18.58.21:991][  0]LogConfig: Setting CVar [[r.Streaming.LimitPoolSizeToVRAM:0]]
[2019.08.15-18.58.21:991][  0]LogConfig: Setting CVar [[r.Streaming.PoolSize:1000]]
[2019.08.15-18.58.21:991][  0]LogConfig: Setting CVar [[r.Streaming.MaxEffectiveScreenSize:0]]
[2019.08.15-18.58.21:991][  0]LogConfig: Applying CVar settings from Section [EffectsQuality@3] File [C:/Users/Yannick/Documents/Unreal Projects/ProjectZombies/Saved/Config/Windows/Scalability.ini]
[2019.08.15-18.58.21:991][  0]LogConfig: Setting CVar [[r.TranslucencyLightingVolumeDim:64]]
[2019.08.15-18.58.21:991][  0]LogConfig: Setting CVar [[r.RefractionQuality:2]]
[2019.08.15-18.58.21:991][  0]LogConfig: Setting CVar [[r.SSR.Quality:3]]
[2019.08.15-18.58.21:991][  0]LogConfig: Setting CVar [[r.SceneColorFormat:4]]
[2019.08.15-18.58.21:991][  0]LogConfig: Setting CVar [[r.DetailMode:2]]
[2019.08.15-18.58.21:991][  0]LogConfig: Setting CVar [[r.TranslucencyVolumeBlur:1]]
[2019.08.15-18.58.21:991][  0]LogConfig: Setting CVar [[r.MaterialQualityLevel:1 ; High quality]]
[2019.08.15-18.58.21:991][  0]LogConfig: Setting CVar [[r.SSS.Scale:1]]
[2019.08.15-18.58.21:991][  0]LogConfig: Setting CVar [[r.SSS.SampleSet:2]]
[2019.08.15-18.58.21:991][  0]LogConfig: Setting CVar [[r.SSS.Quality:1]]
[2019.08.15-18.58.21:991][  0]LogConfig: Setting CVar [[r.SSS.HalfRes:1]]
[2019.08.15-18.58.21:991][  0]LogConfig: Setting CVar [[r.EmitterSpawnRateScale:1.0]]
[2019.08.15-18.58.21:992][  0]LogConfig: Setting CVar [[r.ParticleLightQuality:2]]
[2019.08.15-18.58.21:992][  0]LogConfig: Applying CVar settings from Section [FoliageQuality@3] File [C:/Users/Yannick/Documents/Unreal Projects/ProjectZombies/Saved/Config/Windows/Scalability.ini]
[2019.08.15-18.58.21:992][  0]LogConfig: Setting CVar [[foliage.DensityScale:1.0]]
[2019.08.15-18.58.21:992][  0]LogConfig: Setting CVar [[grass.DensityScale:1.0]]
[2019.08.15-18.58.21:992][  0]LogConfig: Applying CVar settings from Section [Startup] File [../../../Engine/Config/ConsoleVariables.ini]
[2019.08.15-18.58.21:992][  0]LogConfig: Setting CVar [[net.UseAdaptiveNetUpdateFrequency:0]]
[2019.08.15-18.58.21:992][  0]LogConfig: Applying CVar settings from Section [ConsoleVariables] File [C:/Users/Yannick/Documents/Unreal Projects/ProjectZombies/Saved/Config/Windows/Engine.ini]
[2019.08.15-18.58.21:992][  0]LogInit: Computer: MSI
[2019.08.15-18.58.21:992][  0]LogInit: User: Yannick
[2019.08.15-18.58.21:992][  0]LogInit: CPU Page size=4096, Cores=4
[2019.08.15-18.58.21:992][  0]LogInit: High frequency timer resolution =2.742188 MHz
[2019.08.15-18.58.21:993][  0]LogMemory: Memory total: Physical=15.9GB (16GB approx)
[2019.08.15-18.58.21:993][  0]LogMemory: Platform Memory Stats for Windows
[2019.08.15-18.58.21:993][  0]LogMemory: Process Physical Memory: 103.06 MB used, 103.06 MB peak
[2019.08.15-18.58.21:993][  0]LogMemory: Process Virtual Memory: 90.22 MB used, 90.22 MB peak
[2019.08.15-18.58.21:993][  0]LogMemory: Physical Memory: 9545.65 MB used,  6723.50 MB free, 16269.16 MB total
[2019.08.15-18.58.21:993][  0]LogMemory: Virtual Memory: 4652.15 MB used,  134213072.00 MB free, 134217728.00 MB total
[2019.08.15-18.58.22:024][  0]LogInit: Using OS detected language (en-US).
[2019.08.15-18.58.22:024][  0]LogInit: Using OS detected locale (en-US).
[2019.08.15-18.58.22:025][  0]LogTextLocalizationManager: No specific localization for 'en-US' exists, so the 'en' localization will be used.
[2019.08.15-18.58.22:517][  0]LogStreaming: Display: Took  0.492s to InitEngineTextLocalization.
[2019.08.15-18.58.22:552][  0]LogSlate: New Slate User Created.  User Index 0, Is Virtual User: 0
[2019.08.15-18.58.22:552][  0]LogSlate: Slate User Registered.  User Index 0, Is Virtual User: 0
[2019.08.15-18.58.22:583][  0]LogHMD: Failed to initialize OpenVR with code 110
[2019.08.15-18.58.22:584][  0]LogD3D11RHI: D3D11 adapters:
[2019.08.15-18.58.22:678][  0]LogD3D11RHI:    0. 'NVIDIA GeForce GTX 1060' (Feature Level 11_0)
[2019.08.15-18.58.22:679][  0]LogD3D11RHI:       2987/0/8134 MB DedicatedVideo/DedicatedSystem/SharedSystem, Outputs:1, VendorId:0x10de
[2019.08.15-18.58.22:690][  0]LogD3D11RHI:    1. 'Intel(R) HD Graphics 630' (Feature Level 11_0)
[2019.08.15-18.58.22:690][  0]LogD3D11RHI:       128/0/8134 MB DedicatedVideo/DedicatedSystem/SharedSystem, Outputs:0, VendorId:0x8086
[2019.08.15-18.58.22:693][  0]LogD3D11RHI:    2. 'Microsoft Basic Render Driver' (Feature Level 11_0)
[2019.08.15-18.58.22:693][  0]LogD3D11RHI:       0/0/8134 MB DedicatedVideo/DedicatedSystem/SharedSystem, Outputs:0, VendorId:0x1414
[2019.08.15-18.58.22:693][  0]LogD3D11RHI: Chosen D3D11 Adapter: 0
[2019.08.15-18.58.22:728][  0]LogD3D11RHI: Creating new Direct3DDevice
[2019.08.15-18.58.22:728][  0]LogD3D11RHI:     GPU DeviceId: 0x1c20 (for the marketing name, search the web for "GPU Device Id")
[2019.08.15-18.58.22:728][  0]LogWindows: EnumDisplayDevices:
[2019.08.15-18.58.22:728][  0]LogWindows:    0. 'Intel(R) HD Graphics 630' (P:1 D:1)
[2019.08.15-18.58.22:728][  0]LogWindows:    1. 'Intel(R) HD Graphics 630' (P:0 D:0)
[2019.08.15-18.58.22:729][  0]LogWindows:    2. 'Intel(R) HD Graphics 630' (P:0 D:0)
[2019.08.15-18.58.22:729][  0]LogWindows:    3. 'NVIDIA GeForce GTX 1060' (P:0 D:0)
[2019.08.15-18.58.22:729][  0]LogWindows:    4. 'NVIDIA GeForce GTX 1060' (P:0 D:0)
[2019.08.15-18.58.22:729][  0]LogWindows:    5. 'NVIDIA GeForce GTX 1060' (P:0 D:0)
[2019.08.15-18.58.22:730][  0]LogWindows:    6. 'NVIDIA GeForce GTX 1060' (P:0 D:0)
[2019.08.15-18.58.22:730][  0]LogWindows: DebugString: PrimaryIsNotTheChoosenAdapter PrimaryIsNotTheChoosenAdapter PrimaryIsNotTheChoosenAdapter FoundDriverCount:4 
[2019.08.15-18.58.22:730][  0]LogD3D11RHI:     Adapter Name: NVIDIA GeForce GTX 1060
[2019.08.15-18.58.22:730][  0]LogD3D11RHI:   Driver Version: 399.24 (internal:24.21.13.9924, unified:399.24)
[2019.08.15-18.58.22:730][  0]LogD3D11RHI:      Driver Date: 9-5-2018
[2019.08.15-18.58.22:730][  0]LogRHI: Texture pool is 2090 MB (70% of 2987 MB)
[2019.08.15-18.58.22:781][  0]LogD3D11RHI: Async texture creation enabled
[2019.08.15-18.58.22:823][  0]LogD3D11RHI: GPU Timing Frequency: 1000.000000 (Debug: 2 2)
[2019.08.15-18.58.23:173][  0]LogTemp: Display: Loaded TP WindowsClientTargetPlatform
[2019.08.15-18.58.23:192][  0]LogTemp: Display: Loaded TP WindowsNoEditorTargetPlatform
[2019.08.15-18.58.23:208][  0]LogTemp: Display: Loaded TP WindowsServerTargetPlatform
[2019.08.15-18.58.23:225][  0]LogTemp: Display: Loaded TP WindowsTargetPlatform
[2019.08.15-18.58.23:225][  0]LogTargetPlatformManager: Display: Building Assets For Windows
[2019.08.15-18.58.23:289][  0]LogShaderCompilers: Guid format shader working directory is -25 characters bigger than the processId version (../../../../../../Users/Yannick/Documents/Unreal Projects/ProjectZombies/Intermediate/Shaders/WorkingDirectory/13036/).
[2019.08.15-18.58.23:289][  0]LogShaderCompilers: Cleaned the shader compiler working directory 'C:/Users/Yannick/AppData/Local/Temp/UnrealShaderWorkingDir/E4F1EDB4421805DC970B4796F853152D/'.
[2019.08.15-18.58.23:291][  0]LogXGEController: Cannot use XGE Controller as Incredibuild is not installed on this machine.
[2019.08.15-18.58.23:292][  0]LogShaderCompilers: Cannot use XGE Shader Compiler as Incredibuild is not installed on this machine.
[2019.08.15-18.58.23:292][  0]LogShaderCompilers: Display: Using Local Shader Compiler.
[2019.08.15-18.58.23:946][  0]LogDerivedDataCache: Display: Max Cache Size: 512 MB
[2019.08.15-18.58.23:997][  0]LogDerivedDataCache: Loaded boot cache 0.05s 71MB C:/Users/Yannick/AppData/Local/UnrealEngine/4.21/DerivedDataCache/Boot.ddc.
[2019.08.15-18.58.23:997][  0]LogDerivedDataCache: Display: Loaded Boot cache: C:/Users/Yannick/AppData/Local/UnrealEngine/4.21/DerivedDataCache/Boot.ddc
[2019.08.15-18.58.23:997][  0]LogDerivedDataCache: FDerivedDataBackendGraph:  Pak pak cache file ../../../../../../Users/Yannick/Documents/Unreal Projects/ProjectZombies/DerivedDataCache/DDC.ddp not found, will not use a pak cache.
[2019.08.15-18.58.23:997][  0]LogDerivedDataCache: Unable to find inner node Pak for hierarchical cache Hierarchy.
[2019.08.15-18.58.23:997][  0]LogDerivedDataCache: FDerivedDataBackendGraph:  CompressedPak pak cache file ../../../../../../Users/Yannick/Documents/Unreal Projects/ProjectZombies/DerivedDataCache/Compressed.ddp not found, will not use a pak cache.
[2019.08.15-18.58.23:998][  0]LogDerivedDataCache: Unable to find inner node CompressedPak for hierarchical cache Hierarchy.
[2019.08.15-18.58.24:014][  0]LogDerivedDataCache: Display: Pak cache opened for reading ../../../Engine/DerivedDataCache/Compressed.ddp.
[2019.08.15-18.58.24:014][  0]LogDerivedDataCache: FDerivedDataBackendGraph:  EnterprisePak pak cache file ../../../Enterprise/DerivedDataCache/Compressed.ddp not found, will not use a pak cache.
[2019.08.15-18.58.24:014][  0]LogDerivedDataCache: Unable to find inner node EnterprisePak for hierarchical cache Hierarchy.
[2019.08.15-18.58.24:027][  0]LogDerivedDataCache: Using Local data cache path C:/Users/Yannick/AppData/Local/UnrealEngine/Common/DerivedDataCache: Writable
[2019.08.15-18.58.24:027][  0]LogDerivedDataCache: Shared data cache path not found in *engine.ini, will not use an Shared cache.
[2019.08.15-18.58.24:027][  0]LogDerivedDataCache: Unable to find inner node Shared for hierarchical cache Hierarchy.
[2019.08.15-18.58.24:052][  0]LogMaterial: Verifying Global Shaders for PCD3D_SM5
[2019.08.15-18.58.24:053][  0]LogSlate: Using FreeType 2.6.0
[2019.08.15-18.58.24:054][  0]LogSlate: SlateFontServices - WITH_FREETYPE: 1, WITH_HARFBUZZ: 1
[2019.08.15-18.58.24:187][  0]LogInit: Using OS detected language (en-US).
[2019.08.15-18.58.24:188][  0]LogInit: Using OS detected locale (en-US).
[2019.08.15-18.58.24:188][  0]LogTextLocalizationManager: No localization for 'en-US' exists, so 'en' will be used for the language.
[2019.08.15-18.58.24:188][  0]LogTextLocalizationManager: No localization for 'en-US' exists, so 'en' will be used for the locale.
[2019.08.15-18.58.24:188][  0]LogSlate: FontCache flush requested. Reason: Culture for localization was changed
[2019.08.15-18.58.24:188][  0]LogSlate: FontCache flush requested. Reason: Culture for localization was changed
[2019.08.15-18.58.24:544][  0]LogStreaming: Display: Took  0.356s to InitGameTextLocalization.
[2019.08.15-18.58.24:552][  0]LogAssetRegistry: FAssetRegistry took 0.0043 seconds to start up
[2019.08.15-18.58.24:791][  0]LogPackageLocalizationCache: Processed 11 localized package path(s) for 1 prioritized culture(s) in 0.021626 seconds
[2019.08.15-18.58.24:925][  0]LogInit: Selected Device Profile: [Windows]
[2019.08.15-18.58.24:992][  0]LogSimplygon: Simplygon DLL not present - disabling.
[2019.08.15-18.58.24:996][  0]LogMeshReduction: Using SimplygonSwarm for distributed automatic mesh merging
[2019.08.15-18.58.24:996][  0]LogMeshReduction: Using ProxyLODMeshReduction for automatic mesh merging
[2019.08.15-18.58.24:996][  0]LogMeshReduction: Using QuadricMeshReduction for automatic static mesh reduction
[2019.08.15-18.58.24:997][  0]LogMeshReduction: No automatic skeletal mesh reduction module available
[2019.08.15-18.58.25:107][  0]LogNetVersion: ProjectZombies 1.0.0, NetCL: 4541578, EngineNetVer: 5, GameNetVer: 0 (Checksum: 2519672339)
[2019.08.15-18.58.25:787][  0]LogMoviePlayer: Initializing movie player
[2019.08.15-18.58.25:903][  0]LogTcpMessaging: Initializing TcpMessaging bridge
[2019.08.15-18.58.25:916][  0]LogUdpMessaging: Initializing bridge on interface 0.0.0.0:0 to multicast group 230.0.0.1:6666.
[2019.08.15-18.58.26:008][  0]SourceControl: Source control is disabled
[2019.08.15-18.58.26:008][  0]SourceControl: Source control is disabled
[2019.08.15-18.58.26:009][  0]SourceControl: Source control is disabled
[2019.08.15-18.58.26:144][  0]LogAndroidPermission: UAndroidPermissionCallbackProxy::GetInstance
[2019.08.15-18.58.26:229][  0]LogOcInput: OculusInput pre-init called
[2019.08.15-18.58.26:238][  0]LogUObjectArray: 43226 objects as part of root set at end of initial load.
[2019.08.15-18.58.26:239][  0]LogUObjectAllocator: 7590224 out of 0 bytes used by permanent object pool.
[2019.08.15-18.58.26:239][  0]LogUObjectArray: CloseDisregardForGC: 0/0 objects in disregard for GC pool
[2019.08.15-18.58.26:368][  0]LogEngine: Initializing Engine...
[2019.08.15-18.58.26:369][  0]LogHMD: Failed to initialize OpenVR with code 110
[2019.08.15-18.58.26:381][  0]LogStats: UGameplayTagsManager::ConstructGameplayTagTree: ImportINI prefixes -  0.000 s
[2019.08.15-18.58.26:381][  0]LogStats: UGameplayTagsManager::ConstructGameplayTagTree: Construct from data asset -  0.000 s
[2019.08.15-18.58.26:381][  0]LogStats: UGameplayTagsManager::ConstructGameplayTagTree: ImportINI -  0.000 s
[2019.08.15-18.58.26:381][  0]LogStats: UGameplayTagsManager::ConstructGameplayTagTree: GameplayTagTreeChangedEvent.Broadcast -  0.000 s
[2019.08.15-18.58.26:581][  0]LogInit: Initializing FReadOnlyCVARCache
[2019.08.15-18.58.26:596][  0]LogInit: XAudio2 using 'Headphones (SteelSeries Arctis 5 Game)' : 2 channels at 48 kHz using 16 bits per sample (channel mask 0x3)
[2019.08.15-18.58.26:647][  0]LogInit: FAudioDevice initialized.
[2019.08.15-18.58.26:659][  0]LogNetVersion: Set ProjectVersion to 1.0.0.0. Version Checksum will be recalculated on next use.
[2019.08.15-18.58.26:664][  0]LogInit: Texture streaming: Enabled
[2019.08.15-18.58.26:974][  0]LogSlate: Updating window title bar state: overlay mode, drag disabled, window buttons hidden, title bar hidden
[2019.08.15-18.58.26:975][  0]LogInit: Display: Game Engine Initialized.
[2019.08.15-18.58.26:975][  0]LogGameplayTags: Display: UGameplayTagsManager::DoneAddingNativeTags. DelegateIsBound: 0
[2019.08.15-18.58.26:975][  0]LogStats: UGameplayTagsManager::ConstructGameplayTagTree: ImportINI prefixes -  0.000 s
[2019.08.15-18.58.26:975][  0]LogStats: UGameplayTagsManager::ConstructGameplayTagTree: Construct from data asset -  0.000 s
[2019.08.15-18.58.26:975][  0]LogStats: UGameplayTagsManager::ConstructGameplayTagTree: ImportINI -  0.000 s
[2019.08.15-18.58.26:975][  0]LogStats: UGameplayTagsManager::ConstructGameplayTagTree: GameplayTagTreeChangedEvent.Broadcast -  0.000 s
[2019.08.15-18.58.26:994][  0]LogInit: Display: Starting Game.
[2019.08.15-18.58.26:994][  0]LogNet: Browse: /Game/Maps/mainmenu?Name=Player
[2019.08.15-18.58.26:994][  0]LogLoad: LoadMap: /Game/Maps/mainmenu?Name=Player
[2019.08.15-18.58.27:040][  0]LogAIModule: Creating AISystem for world mainmenu
[2019.08.15-18.58.27:204][  0]LogLoad: Game class is 'ThirdPersonGameMode_C'
[2019.08.15-18.58.27:206][  0]LogWorld: Bringing World /Game/Maps/mainmenu.mainmenu up for play (max tick rate 0) at 2019.08.15-20.58.27
[2019.08.15-18.58.27:206][  0]LogWorld: Bringing up level for play took: 0.000558
[2019.08.15-18.58.27:206][  0]LogGameMode: FindPlayerStart: PATHS NOT DEFINED or NO PLAYERSTART with positive rating
[2019.08.15-18.58.27:215][  0]LogLoad: Took 0.221715 seconds to LoadMap(/Game/Maps/mainmenu)
[2019.08.15-18.58.27:273][  0]LogRenderer: Reallocating scene render targets to support 1280x720 Format 10 NumSamples 1 (Frame:1).
[2019.08.15-18.58.27:273][  0]LogLoad: (Engine Initialization) Total time: 7.72 seconds
[2019.08.15-18.58.27:273][  0]LogLoad: (Engine Initialization) Total Blueprint compile time: 0.00 seconds
[2019.08.15-18.58.27:299][  0]LogWindowsTextInputMethodSystem: Display: IME system now deactivated.
[2019.08.15-18.58.27:302][  0]LogContentStreaming: Texture pool size now 1000 MB
[2019.08.15-18.58.34:791][464]LogSlate: FSceneViewport::OnFocusLost() reason 0
[2019.08.15-18.58.34:888][470]Closing by request
[2019.08.15-18.58.34:888][470]LogWindows: FPlatformMisc::RequestExit(0)
[2019.08.15-18.58.35:402][471]LogSlate: Window 'ProjectZombies (64-bit Development PCD3D_SM5) ' being destroyed
[2019.08.15-18.58.35:403][471]LogWindowsTextInputMethodSystem: Display: IME system now deactivated.
[2019.08.15-18.58.35:408][471]LogWindowsTextInputMethodSystem: Display: IME system now deactivated.
[2019.08.15-18.58.35:410][471]LogExit: Preparing to exit.
[2019.08.15-18.58.35:410][471]LogMoviePlayer: Shutting down movie player
[2019.08.15-18.58.35:938][471]LogSlate: Updating window title bar state: overlay mode, drag disabled, window buttons hidden, title bar hidden
[2019.08.15-18.58.35:946][471]LogExit: Game engine shut down
[2019.08.15-18.58.36:000][471]LogExit: Object subsystem successfully closed.
[2019.08.15-18.58.36:025][471]LogShaderCompilers: Display: Shaders left to compile 0
[2019.08.15-18.58.36:029][471]LogD3D11RHI: Shutdown
[2019.08.15-18.58.36:029][471]LogD3D11RHI: CleanupD3DDevice
[2019.08.15-18.58.36:030][471]LogD3D11RHI: ~FD3D11DynamicRHI
[2019.08.15-18.58.36:047][471]LogModuleManager: Shutting down and abandoning module SequenceRecorderSections (383)
[2019.08.15-18.58.36:047][471]LogModuleManager: Shutting down and abandoning module SequenceRecorder (381)
[2019.08.15-18.58.36:047][471]LogModuleManager: Shutting down and abandoning module AutomationController (379)
[2019.08.15-18.58.36:047][471]LogModuleManager: Shutting down and abandoning module AutomationWorker (377)
[2019.08.15-18.58.36:047][471]LogModuleManager: Shutting down and abandoning module Voice (375)
[2019.08.15-18.58.36:047][471]LogModuleManager: Shutting down and abandoning module AIModule (373)
[2019.08.15-18.58.36:047][471]LogModuleManager: Shutting down and abandoning module GameplayDebugger (372)
[2019.08.15-18.58.36:047][471]LogModuleManager: Shutting down and abandoning module AITestSuite (370)
[2019.08.15-18.58.36:047][471]LogModuleManager: Shutting down and abandoning module NavigationSystem (368)
[2019.08.15-18.58.36:047][471]LogModuleManager: Shutting down and abandoning module WmfMediaFactory (365)
[2019.08.15-18.58.36:048][471]LogModuleManager: Shutting down and abandoning module WebMMediaFactory (363)
[2019.08.15-18.58.36:048][471]LogModuleManager: Shutting down and abandoning module WebMMedia (361)
[2019.08.15-18.58.36:048][471]LogModuleManager: Shutting down and abandoning module OpenExrWrapper (359)
[2019.08.15-18.58.36:048][471]LogModuleManager: Shutting down and abandoning module ImgMediaFactory (357)
[2019.08.15-18.58.36:048][471]LogModuleManager: Shutting down and abandoning module AvfMediaFactory (355)
[2019.08.15-18.58.36:048][471]LogModuleManager: Shutting down and abandoning module MagicLeapCameraPreviewFactory (353)
[2019.08.15-18.58.36:048][471]LogModuleManager: Shutting down and abandoning module MagicLeapMediaFactory (351)
[2019.08.15-18.58.36:048][471]LogModuleManager: Shutting down and abandoning module CharacterAI (349)
[2019.08.15-18.58.36:048][471]LogModuleManager: Shutting down and abandoning module SessionServices (347)
[2019.08.15-18.58.36:048][471]LogModuleManager: Shutting down and abandoning module MovieSceneCapture (345)
[2019.08.15-18.58.36:048][471]LogModuleManager: Shutting down and abandoning module MovieSceneTracks (343)
[2019.08.15-18.58.36:048][471]LogModuleManager: Shutting down and abandoning module MovieScene (341)
[2019.08.15-18.58.36:048][471]LogModuleManager: Shutting down and abandoning module StreamingPauseRendering (339)
[2019.08.15-18.58.36:048][471]LogModuleManager: Shutting down and abandoning module PortalServices (337)
[2019.08.15-18.58.36:048][471]LogModuleManager: Shutting down and abandoning module PortalRpc (335)
[2019.08.15-18.58.36:048][471]LogModuleManager: Shutting down and abandoning module MessagingRpc (333)
[2019.08.15-18.58.36:048][471]LogModuleManager: Shutting down and abandoning module ImageWriteQueue (331)
[2019.08.15-18.58.36:050][471]LogModuleManager: Shutting down and abandoning module ProfilerService (329)
[2019.08.15-18.58.36:264][471]LogModuleManager: Shutting down and abandoning module TaskGraph (327)
[2019.08.15-18.58.36:264][471]LogModuleManager: Shutting down and abandoning module SteamVRController (325)
[2019.08.15-18.58.36:264][471]LogModuleManager: Shutting down and abandoning module ProceduralMeshComponent (323)
[2019.08.15-18.58.36:264][471]LogModuleManager: Shutting down and abandoning module OculusInput (321)
[2019.08.15-18.58.36:264][471]LogModuleManager: Shutting down and abandoning module MobilePatchingUtils (319)
[2019.08.15-18.58.36:264][471]LogModuleManager: Shutting down and abandoning module EditableMesh (317)
[2019.08.15-18.58.36:264][471]LogModuleManager: Shutting down and abandoning module CustomMeshComponent (315)
[2019.08.15-18.58.36:264][471]LogModuleManager: Shutting down and abandoning module CableComponent (313)
[2019.08.15-18.58.36:264][471]LogModuleManager: Shutting down and abandoning module AudioCapture (311)
[2019.08.15-18.58.36:264][471]LogModuleManager: Shutting down and abandoning module ArchVisCharacter (309)
[2019.08.15-18.58.36:264][471]LogModuleManager: Shutting down and abandoning module AndroidPermission (307)
[2019.08.15-18.58.36:264][471]LogModuleManager: Shutting down and abandoning module NUTUnrealEngine4 (305)
[2019.08.15-18.58.36:264][471]LogModuleManager: Shutting down and abandoning module NetcodeUnitTest (303)
[2019.08.15-18.58.36:264][471]LogModuleManager: Shutting down and abandoning module MediaCompositing (301)
[2019.08.15-18.58.36:265][471]LogModuleManager: Shutting down and abandoning module LinearTimecode (299)
[2019.08.15-18.58.36:265][471]LogModuleManager: Shutting down and abandoning module ImgMedia (297)
[2019.08.15-18.58.36:267][471]LogModuleManager: Shutting down and abandoning module HTML5Networking (295)
[2019.08.15-18.58.36:267][471]LogModuleManager: Shutting down and abandoning module GeometryCacheTracks (293)
[2019.08.15-18.58.36:267][471]LogModuleManager: Shutting down and abandoning module GeometryCacheSequencer (292)
[2019.08.15-18.58.36:267][471]LogModuleManager: Shutting down and abandoning module GeometryCache (289)
[2019.08.15-18.58.36:267][471]LogModuleManager: Shutting down and abandoning module GeometryCacheEd (288)
[2019.08.15-18.58.36:267][471]LogModuleManager: Shutting down and abandoning module BackChannel (285)
[2019.08.15-18.58.36:267][471]LogModuleManager: Shutting down and abandoning module AppleVision (283)
[2019.08.15-18.58.36:267][471]LogModuleManager: Shutting down and abandoning module AppleImageUtilsBlueprintSupport (281)
[2019.08.15-18.58.36:267][471]LogModuleManager: Shutting down and abandoning module AppleImageUtils (279)
[2019.08.15-18.58.36:267][471]LogModuleManager: Shutting down and abandoning module VariantManagerContent (277)
[2019.08.15-18.58.36:267][471]LogModuleManager: Shutting down and abandoning module CryptoKeysOpenSSL (275)
[2019.08.15-18.58.36:267][471]LogModuleManager: Shutting down and abandoning module CryptoKeys (273)
[2019.08.15-18.58.36:267][471]LogModuleManager: Shutting down and abandoning module VisualStudioSourceCodeAccess (271)
[2019.08.15-18.58.36:268][471]LogModuleManager: Shutting down and abandoning module HotReload (270)
[2019.08.15-18.58.36:268][471]LogModuleManager: Shutting down and abandoning module DirectoryWatcher (269)
[2019.08.15-18.58.36:268][471]LogModuleManager: Shutting down and abandoning module VisualStudioCodeSourceCodeAccess (265)
[2019.08.15-18.58.36:268][471]LogModuleManager: Shutting down and abandoning module UObjectPlugin (263)
[2019.08.15-18.58.36:268][471]LogModuleManager: Shutting down and abandoning module SubversionSourceControl (261)
[2019.08.15-18.58.36:268][471]LogModuleManager: Shutting down and abandoning module PerforceSourceControl (259)
[2019.08.15-18.58.36:268][471]LogModuleManager: Shutting down and abandoning module SourceControl (258)
[2019.08.15-18.58.36:268][471]LogModuleManager: Shutting down and abandoning module CLionSourceCodeAccess (255)
[2019.08.15-18.58.36:268][471]LogModuleManager: Shutting down and abandoning module ActorLayerUtilities (253)
[2019.08.15-18.58.36:268][471]LogModuleManager: Shutting down and abandoning module RuntimePhysXCooking (251)
[2019.08.15-18.58.36:268][471]LogModuleManager: Shutting down and abandoning module PhysXVehiclesEditor (249)
[2019.08.15-18.58.36:268][471]LogModuleManager: Shutting down and abandoning module PhysXVehicles (247)
[2019.08.15-18.58.36:268][471]LogModuleManager: Shutting down and abandoning module LocationServicesBPLibrary (245)
[2019.08.15-18.58.36:268][471]LogModuleManager: Shutting down and abandoning module ActorSequence (243)
[2019.08.15-18.58.36:268][471]LogModuleManager: Shutting down and abandoning module UdpMessaging (241)
[2019.08.15-18.58.36:369][471]LogModuleManager: Shutting down and abandoning module TcpMessaging (239)
[2019.08.15-18.58.36:908][471]LogModuleManager: Shutting down and abandoning module MagicLeapAudio (237)
[2019.08.15-18.58.36:908][471]LogModuleManager: Shutting down and abandoning module GameplayTagsEditor (235)
[2019.08.15-18.58.36:908][471]LogModuleManager: Shutting down and abandoning module FacialAnimation (233)
[2019.08.15-18.58.36:908][471]LogModuleManager: Shutting down and abandoning module DataValidation (231)
[2019.08.15-18.58.36:908][471]LogModuleManager: Shutting down and abandoning module AssetManagerEditor (229)
[2019.08.15-18.58.36:908][471]LogModuleManager: Shutting down and abandoning module TreeMap (228)
[2019.08.15-18.58.36:908][471]LogModuleManager: Shutting down and abandoning module LightPropagationVolumeRuntime (225)
[2019.08.15-18.58.36:909][471]LogModuleManager: Shutting down and abandoning module AISupportModule (223)
[2019.08.15-18.58.36:909][471]LogModuleManager: Shutting down and abandoning module Paper2D (221)
[2019.08.15-18.58.36:909][471]LogModuleManager: Shutting down and abandoning module WindowsMoviePlayer (219)
[2019.08.15-18.58.36:909][471]LogModuleManager: Shutting down and abandoning module WebMMoviePlayer (217)
[2019.08.15-18.58.36:909][471]LogModuleManager: Shutting down and abandoning module WmfMedia (215)
[2019.08.15-18.58.36:910][471]LogModuleManager: Shutting down and abandoning module Media (214)
[2019.08.15-18.58.36:918][471]LogModuleManager: Shutting down and abandoning module PacketHandler (211)
[2019.08.15-18.58.36:918][471]LogModuleManager: Shutting down and abandoning module ClothingSystemEditor (209)
[2019.08.15-18.58.36:918][471]LogModuleManager: Shutting down and abandoning module ClothingSystemRuntime (207)
[2019.08.15-18.58.36:918][471]LogModuleManager: Shutting down and abandoning module MediaAssets (205)
[2019.08.15-18.58.36:918][471]LogModuleManager: Shutting down and abandoning module Overlay (203)
[2019.08.15-18.58.36:918][471]LogModuleManager: Shutting down and abandoning module OverlayEditor (202)
[2019.08.15-18.58.36:918][471]LogModuleManager: Shutting down and abandoning module VREditor (199)
[2019.08.15-18.58.36:918][471]LogModuleManager: Shutting down and abandoning module StringTableEditor (197)
[2019.08.15-18.58.36:918][471]LogModuleManager: Shutting down and abandoning module GameplayTasksEditor (195)
[2019.08.15-18.58.36:918][471]LogModuleManager: Shutting down and abandoning module BehaviorTreeEditor (193)
[2019.08.15-18.58.36:918][471]LogModuleManager: Shutting down and abandoning module FunctionalTesting (191)
[2019.08.15-18.58.36:918][471]LogModuleManager: Shutting down and abandoning module CollisionAnalyzer (189)
[2019.08.15-18.58.36:918][471]LogModuleManager: Shutting down and abandoning module WorkspaceMenuStructure (188)
[2019.08.15-18.58.36:918][471]LogModuleManager: Shutting down and abandoning module UMG (185)
[2019.08.15-18.58.36:918][471]LogModuleManager: Shutting down and abandoning module UMGEditor (184)
[2019.08.15-18.58.36:918][471]LogModuleManager: Shutting down and abandoning module Sequencer (183)
[2019.08.15-18.58.36:918][471]LogModuleManager: Shutting down and abandoning module MessageLog (180)
[2019.08.15-18.58.36:919][471]LogModuleManager: Shutting down and abandoning module SlateReflector (175)
[2019.08.15-18.58.36:919][471]LogModuleManager: Shutting down and abandoning module Slate (173)
[2019.08.15-18.58.36:919][471]LogModuleManager: Shutting down and abandoning module EditorStyle (171)
[2019.08.15-18.58.36:921][471]LogModuleManager: Shutting down and abandoning module MRMesh (169)
[2019.08.15-18.58.36:921][471]LogModuleManager: Shutting down and abandoning module Messaging (167)
[2019.08.15-18.58.36:921][471]LogModuleManager: Shutting down and abandoning module SourceCodeAccess (165)
[2019.08.15-18.58.36:921][471]LogModuleManager: Shutting down and abandoning module HeadMountedDisplay (163)
[2019.08.15-18.58.36:921][471]LogModuleManager: Shutting down and abandoning module XAudio2 (161)
[2019.08.15-18.58.36:921][471]LogModuleManager: Shutting down and abandoning module Networking (159)
[2019.08.15-18.58.36:921][471]LogModuleManager: Shutting down and abandoning module Core (157)
[2019.08.15-18.58.36:921][471]LogModuleManager: Shutting down and abandoning module LevelSequence (155)
[2019.08.15-18.58.36:921][471]LogModuleManager: Shutting down and abandoning module KismetCompiler (153)
[2019.08.15-18.58.36:921][471]LogModuleManager: Shutting down and abandoning module MeshUtilities (151)
[2019.08.15-18.58.36:921][471]LogModuleManager: Shutting down and abandoning module MeshMergeUtilities (150)
[2019.08.15-18.58.36:921][471]LogModuleManager: Shutting down and abandoning module MeshReductionInterface (149)
[2019.08.15-18.58.36:921][471]LogModuleManager: Shutting down and abandoning module SimplygonSwarm (148)
[2019.08.15-18.58.36:921][471]LogModuleManager: Shutting down and abandoning module ProxyLODMeshReduction (146)
[2019.08.15-18.58.36:921][471]LogModuleManager: Shutting down and abandoning module SimplygonMeshReduction (144)
[2019.08.15-18.58.36:921][471]LogModuleManager: Shutting down and abandoning module QuadricMeshReduction (142)
[2019.08.15-18.58.36:921][471]LogModuleManager: Shutting down and abandoning module MaterialBaking (138)
[2019.08.15-18.58.36:921][471]LogModuleManager: Shutting down and abandoning module PIEPreviewDeviceProfileSelector (133)
[2019.08.15-18.58.36:921][471]LogModuleManager: Shutting down and abandoning module DerivedDataCache (131)
[2019.08.15-18.58.37:033][471]LogDerivedDataCache: Shutdown
[2019.08.15-18.58.37:033][471]LogModuleManager: Shutting down and abandoning module XGEController (129)
[2019.08.15-18.58.37:033][471]LogModuleManager: Shutting down and abandoning module TargetPlatform (127)
[2019.08.15-18.58.37:033][471]LogModuleManager: Shutting down and abandoning module VulkanShaderFormat (126)
[2019.08.15-18.58.37:034][471]LogModuleManager: Shutting down and abandoning module ShaderFormatVectorVM (124)
[2019.08.15-18.58.37:034][471]LogModuleManager: Shutting down and abandoning module ShaderFormatOpenGL (122)
[2019.08.15-18.58.37:034][471]LogModuleManager: Shutting down and abandoning module ShaderFormatD3D (120)
[2019.08.15-18.58.37:034][471]LogModuleManager: Shutting down and abandoning module MetalShaderFormat (118)
[2019.08.15-18.58.37:034][471]LogModuleManager: Shutting down and abandoning module TextureFormatUncompressed (116)
[2019.08.15-18.58.37:034][471]LogModuleManager: Shutting down and abandoning module TextureFormatPVR (114)
[2019.08.15-18.58.37:034][471]LogModuleManager: Shutting down and abandoning module TextureFormatDXT (112)
[2019.08.15-18.58.37:034][471]LogModuleManager: Shutting down and abandoning module TextureFormatIntelISPCTexComp (110)
[2019.08.15-18.58.37:034][471]LogModuleManager: Shutting down and abandoning module TextureFormatASTC (108)
[2019.08.15-18.58.37:034][471]LogModuleManager: Shutting down and abandoning module ImageWrapper (107)
[2019.08.15-18.58.37:034][471]LogModuleManager: Shutting down and abandoning module TextureFormatAndroid (104)
[2019.08.15-18.58.37:034][471]LogModuleManager: Shutting down and abandoning module AudioFormatOpus (102)
[2019.08.15-18.58.37:034][471]LogModuleManager: Shutting down and abandoning module AudioFormatOgg (100)
[2019.08.15-18.58.37:034][471]LogModuleManager: Shutting down and abandoning module AudioFormatADPCM (98)
[2019.08.15-18.58.37:034][471]LogModuleManager: Shutting down and abandoning module WindowsTargetPlatform (96)
[2019.08.15-18.58.37:034][471]LogModuleManager: Shutting down and abandoning module WindowsServerTargetPlatform (94)
[2019.08.15-18.58.37:034][471]LogModuleManager: Shutting down and abandoning module WindowsNoEditorTargetPlatform (92)
[2019.08.15-18.58.37:034][471]LogModuleManager: Shutting down and abandoning module WindowsClientTargetPlatform (90)
[2019.08.15-18.58.37:034][471]LogModuleManager: Shutting down and abandoning module InputCore (87)
[2019.08.15-18.58.37:034][471]LogModuleManager: Shutting down and abandoning module Settings (85)
[2019.08.15-18.58.37:034][471]LogModuleManager: Shutting down and abandoning module PhysXCooking (83)
[2019.08.15-18.58.37:034][471]LogModuleManager: Shutting down and abandoning module SteamVR (81)
[2019.08.15-18.58.37:034][471]LogHMD: Freeing OpenVRDLLHandle.
[2019.08.15-18.58.37:034][471]LogModuleManager: Shutting down and abandoning module OculusHMD (79)
[2019.08.15-18.58.37:034][471]LogModuleManager: Shutting down and abandoning module ExampleDeviceProfileSelector (77)
[2019.08.15-18.58.37:034][471]LogModuleManager: Shutting down and abandoning module LauncherChunkInstaller (75)
[2019.08.15-18.58.37:034][471]LogModuleManager: Shutting down and abandoning module OnlineBlueprintSupport (73)
[2019.08.15-18.58.37:034][471]LogModuleManager: Shutting down and abandoning module OnlineSubsystem (69)
[2019.08.15-18.58.37:035][471]LogModuleManager: Shutting down and abandoning module XMPP (63)
[2019.08.15-18.58.37:035][471]LogModuleManager: Shutting down and abandoning module WebSockets (62)
[2019.08.15-18.58.37:053][471]LogModuleManager: Shutting down and abandoning module HTTP (59)
[2019.08.15-18.58.37:082][471]LogModuleManager: Shutting down and abandoning module SSL (58)
[2019.08.15-18.58.37:083][471]LogModuleManager: Shutting down and abandoning module MagicLeapIdentity (54)
[2019.08.15-18.58.37:083][471]LogModuleManager: Shutting down and abandoning module MagicLeapHelperVulkan (52)
[2019.08.15-18.58.37:083][471]LogModuleManager: Shutting down and abandoning module MagicLeapHelperOpenGL (50)
[2019.08.15-18.58.37:083][471]LogModuleManager: Shutting down and abandoning module MagicLeapSecureStorage (48)
[2019.08.15-18.58.37:083][471]LogModuleManager: Shutting down and abandoning module MagicLeapHandTracking (46)
[2019.08.15-18.58.37:083][471]LogModuleManager: Shutting down and abandoning module MagicLeapEyeTracker (44)
[2019.08.15-18.58.37:083][471]LogModuleManager: Shutting down and abandoning module MagicLeapController (42)
[2019.08.15-18.58.37:084][471]LogSlate: Slate User Destroyed.  User Index 0, Is Virtual User: 0
[2019.08.15-18.58.37:084][471]LogModuleManager: Shutting down and abandoning module MagicLeap (40)
[2019.08.15-18.58.37:084][471]LogModuleManager: Shutting down and abandoning module DatasmithContent (38)
[2019.08.15-18.58.37:085][471]LogModuleManager: Shutting down and abandoning module AnimationModifiers (36)
[2019.08.15-18.58.37:085][471]LogModuleManager: Shutting down and abandoning module PropertyEditor (35)
[2019.08.15-18.58.37:085][471]LogModuleManager: Shutting down and abandoning module AudioEditor (32)
[2019.08.15-18.58.37:085][471]LogModuleManager: Shutting down and abandoning module TextureCompressor (30)
[2019.08.15-18.58.37:085][471]LogModuleManager: Shutting down and abandoning module ShaderCore (28)
[2019.08.15-18.58.37:085][471]LogModuleManager: Shutting down and abandoning module Landscape (26)
[2019.08.15-18.58.37:085][471]LogModuleManager: Shutting down and abandoning module SlateRHIRenderer (24)
[2019.08.15-18.58.37:085][471]LogModuleManager: Shutting down and abandoning module OpenGLDrv (22)
[2019.08.15-18.58.37:086][471]LogModuleManager: Shutting down and abandoning module D3D11RHI (20)
[2019.08.15-18.58.37:086][471]LogModuleManager: Shutting down and abandoning module AnimGraphRuntime (18)
[2019.08.15-18.58.37:086][471]LogModuleManager: Shutting down and abandoning module Renderer (16)
[2019.08.15-18.58.37:086][471]LogModuleManager: Shutting down and abandoning module Engine (14)
[2019.08.15-18.58.37:086][471]LogModuleManager: Shutting down and abandoning module CoreUObject (12)
[2019.08.15-18.58.37:086][471]LogModuleManager: Shutting down and abandoning module NetworkFile (10)
[2019.08.15-18.58.37:086][471]LogModuleManager: Shutting down and abandoning module CookedIterativeFile (8)
[2019.08.15-18.58.37:086][471]LogModuleManager: Shutting down and abandoning module StreamingFile (6)
[2019.08.15-18.58.37:086][471]LogModuleManager: Shutting down and abandoning module SandboxFile (4)
[2019.08.15-18.58.37:086][471]LogModuleManager: Shutting down and abandoning module PakFile (2)
[2019.08.15-18.58.37:094][471]LogExit: Exiting.
[2019.08.15-18.58.37:099][471]Log file closed, 08/15/19 20:58:37
