Log file open, 09/05/19 19:32:15
LogWindows: Failed to load 'aqProf.dll' (GetLastError=126)
LogWindows: File 'aqProf.dll' does not exist
LogWindows: Failed to load 'VtuneApi.dll' (GetLastError=126)
LogWindows: File 'VtuneApi.dll' does not exist
LogWindows: Failed to load 'VtuneApi32e.dll' (GetLastError=126)
LogWindows: File 'VtuneApi32e.dll' does not exist
LogConsoleResponse: Display: Failed to find resolution value strings in scalability ini. Falling back to default.
LogInit: Display: Running engine for game: ProjectZombies
LogPakFile: Registered encryption key '00000000000000000000000000000000': 0 pak files mounted, 0 remain pending
LogPlatformFile: Not using cached read wrapper
LogTaskGraph: Started task graph with 5 named threads and 23 total threads with 3 sets of task threads.
LogStats: Stats thread started at 0.314868
LogD3D11RHI: Loaded GFSDK_Aftermath_Lib.x64.dll
LogICUInternationalization: ICU TimeZone Detection - Raw Offset: +1:00, Platform Override: ''
LogPluginManager: Mounting plugin Paper2D
LogPluginManager: Mounting plugin AISupport
LogPluginManager: Mounting plugin LightPropagationVolume
LogPluginManager: Mounting plugin ActorLayerUtilities
LogPluginManager: Mounting plugin CLionSourceCodeAccess
LogPluginManager: Mounting plugin CodeLiteSourceCodeAccess
LogPluginManager: Mounting plugin GitSourceControl
LogPluginManager: Mounting plugin KDevelopSourceCodeAccess
LogPluginManager: Mounting plugin NullSourceCodeAccess
LogPluginManager: Mounting plugin PerforceSourceControl
LogPluginManager: Mounting plugin SubversionSourceControl
LogPluginManager: Mounting plugin UObjectPlugin
LogPluginManager: Mounting plugin VisualStudioCodeSourceCodeAccess
LogPluginManager: Mounting plugin VisualStudioSourceCodeAccess
LogPluginManager: Mounting plugin XCodeSourceCodeAccess
LogPluginManager: Mounting plugin AssetManagerEditor
LogPluginManager: Mounting plugin CryptoKeys
LogPluginManager: Mounting plugin DataValidation
LogPluginManager: Mounting plugin FacialAnimation
LogPluginManager: Mounting plugin GameplayTagsEditor
LogPluginManager: Mounting plugin MacGraphicsSwitching
LogPluginManager: Mounting plugin MeshEditor
LogPluginManager: Mounting plugin MobileLauncherProfileWizard
LogPluginManager: Mounting plugin PluginBrowser
LogPluginManager: Mounting plugin SpeedTreeImporter
LogPluginManager: Mounting plugin DatasmithContent
LogPluginManager: Mounting plugin VariantManagerContent
LogPluginManager: Mounting plugin AlembicImporter
LogPluginManager: Mounting plugin AppleImageUtils
LogPluginManager: Mounting plugin AppleVision
LogPluginManager: Mounting plugin BackChannel
LogPluginManager: Mounting plugin CharacterAI
LogPluginManager: Mounting plugin GeometryCache
LogPluginManager: Mounting plugin HTML5Networking
LogPluginManager: Mounting plugin ProxyLODPlugin
LogPluginManager: Mounting plugin MagicLeap
LogPluginManager: Mounting plugin MagicLeapMedia
LogPluginManager: Mounting plugin AndroidMedia
LogPluginManager: Mounting plugin AvfMedia
LogPluginManager: Mounting plugin ImgMedia
LogPluginManager: Mounting plugin LinearTimecode
LogPluginManager: Mounting plugin MediaCompositing
LogPluginManager: Mounting plugin MediaPlayerEditor
LogPluginManager: Mounting plugin WebMMedia
LogPluginManager: Mounting plugin WmfMedia
LogPluginManager: Mounting plugin TcpMessaging
LogPluginManager: Mounting plugin UdpMessaging
LogPluginManager: Mounting plugin ActorSequence
LogPluginManager: Mounting plugin LevelSequenceEditor
LogPluginManager: Mounting plugin MatineeToLevelSequence
LogPluginManager: Mounting plugin NetcodeUnitTest
LogPluginManager: Mounting plugin NUTUnrealEngine4
LogPluginManager: Mounting plugin OnlineSubsystemGooglePlay
LogPluginManager: Mounting plugin OnlineSubsystemIOS
LogPluginManager: Mounting plugin OnlineSubsystem
LogPluginManager: Mounting plugin OnlineSubsystemNull
LogPluginManager: Mounting plugin OnlineSubsystemSteam
LogPluginManager: Mounting plugin OnlineSubsystemUtils
LogPluginManager: Mounting plugin LauncherChunkInstaller
LogPluginManager: Mounting plugin AndroidDeviceProfileSelector
LogPluginManager: Mounting plugin AndroidMoviePlayer
LogPluginManager: Mounting plugin AndroidPermission
LogPluginManager: Mounting plugin AppleMoviePlayer
LogPluginManager: Mounting plugin ArchVisCharacter
LogPluginManager: Mounting plugin AudioCapture
LogPluginManager: Mounting plugin CableComponent
LogPluginManager: Mounting plugin CustomMeshComponent
LogPluginManager: Mounting plugin EditableMesh
LogPluginManager: Mounting plugin ExampleDeviceProfileSelector
LogPluginManager: Mounting plugin Firebase
LogPluginManager: Mounting plugin GoogleCloudMessaging
LogPluginManager: Mounting plugin IOSDeviceProfileSelector
LogPluginManager: Mounting plugin LinuxDeviceProfileSelector
LogPluginManager: Mounting plugin LocationServicesBPLibrary
LogPluginManager: Mounting plugin MobilePatchingUtils
LogPluginManager: Mounting plugin OculusVR
LogPluginManager: Mounting plugin PhysXVehicles
LogPluginManager: Mounting plugin ProceduralMeshComponent
LogPluginManager: Mounting plugin RuntimePhysXCooking
LogPluginManager: Mounting plugin SteamVR
LogPluginManager: Mounting plugin WebMMoviePlayer
LogPluginManager: Mounting plugin WindowsMoviePlayer
LogStreaming: Display: Took  0.120s to configure plugins.
LogInit: Using libcurl 7.55.1-DEV
LogInit:  - built for x86_64-pc-win32
LogInit:  - supports SSL with OpenSSL/1.0.2h
LogInit:  - supports HTTP deflate (compression) using libz 1.2.8
LogInit:  - other features:
LogInit:      CURL_VERSION_SSL
LogInit:      CURL_VERSION_LIBZ
LogInit:      CURL_VERSION_IPV6
LogInit:      CURL_VERSION_ASYNCHDNS
LogInit:      CURL_VERSION_LARGEFILE
LogInit:      CURL_VERSION_IDN
LogInit:  CurlRequestOptions (configurable via config and command line):
LogInit:  - bVerifyPeer = true  - Libcurl will verify peer certificate
LogInit:  - bUseHttpProxy = false  - Libcurl will NOT use HTTP proxy
LogInit:  - bDontReuseConnections = false  - Libcurl will reuse connections
LogInit:  - MaxHostConnections = 16  - Libcurl will limit the number of connections to a host
LogInit:  - LocalHostAddr = Default
LogInit:  - BufferSize = 65536
LogOnline: Display: STEAM: Loading Steam SDK 1.39
LogOnline: Warning: STEAM: Steam API disabled!
LogOnline: Display: STEAM: OnlineSubsystemSteam::Shutdown()
LogOnline: OSS: Unable to create OnlineSubsystem module Steam
LogInit: WinSock: version 1.1 (2.2), MaxSocks=32767, MaxUdp=65467
LogInit: Build: ++UE4+Release-4.21-CL-4753647
LogInit: Engine Version: 4.21.2-4753647+++UE4+Release-4.21
LogInit: Compatible Engine Version: 4.21.0-4541578+++UE4+Release-4.21
LogInit: Net CL: 4541578
LogInit: OS: Windows 10 (), CPU: Intel(R) Core(TM) i7-7700HQ CPU @ 2.80GHz, GPU: Intel(R) HD Graphics 630
LogInit: Compiled (64-bit): Jan 19 2019 02:07:31
LogInit: Compiled with Visual C++: 19.13.26129.00
LogInit: Build Configuration: Development
LogInit: Branch Name: ++UE4+Release-4.21
LogInit: Command Line: 
LogInit: Base Directory: C:/Program Files/Epic Games/UE_4.21/Engine/Binaries/Win64/
LogInit: Installed Engine Build: 1
LogDevObjectVersion: Number of dev versions registered: 22
LogDevObjectVersion:   Dev-Blueprints (B0D832E4-1F89-4F0D-ACCF-7EB736FD4AA2): 10
LogDevObjectVersion:   Dev-Build (E1C64328-A22C-4D53-A36C-8E866417BD8C): 0
LogDevObjectVersion:   Dev-Core (375EC13C-06E4-48FB-B500-84F0262A717E): 2
LogDevObjectVersion:   Dev-Editor (E4B068ED-F494-42E9-A231-DA0B2E46BB41): 26
LogDevObjectVersion:   Dev-Framework (CFFC743F-43B0-4480-9391-14DF171D2073): 34
LogDevObjectVersion:   Dev-Mobile (B02B49B5-BB20-44E9-A304-32B752E40360): 2
LogDevObjectVersion:   Dev-Networking (A4E4105C-59A1-49B5-A7C5-40C4547EDFEE): 0
LogDevObjectVersion:   Dev-Online (39C831C9-5AE6-47DC-9A44-9C173E1C8E7C): 0
LogDevObjectVersion:   Dev-Physics (78F01B33-EBEA-4F98-B9B4-84EACCB95AA2): 0
LogDevObjectVersion:   Dev-Platform (6631380F-2D4D-43E0-8009-CF276956A95A): 0
LogDevObjectVersion:   Dev-Rendering (12F88B9F-8875-4AFC-A67C-D90C383ABD29): 27
LogDevObjectVersion:   Dev-Sequencer (7B5AE74C-D270-4C10-A958-57980B212A5A): 9
LogDevObjectVersion:   Dev-VR (D7296918-1DD6-4BDD-9DE2-64A83CC13884): 2
LogDevObjectVersion:   Dev-LoadTimes (C2A15278-BFE7-4AFE-6C17-90FF531DF755): 1
LogDevObjectVersion:   Private-Geometry (6EACA3D4-40EC-4CC1-B786-8BED09428FC5): 3
LogDevObjectVersion:   Dev-AnimPhys (29E575DD-E0A3-4627-9D10-D276232CDCEA): 17
LogDevObjectVersion:   Dev-Anim (AF43A65D-7FD3-4947-9873-3E8ED9C1BB05): 2
LogDevObjectVersion:   Dev-ReflectionCapture (6B266CEC-1EC7-4B8F-A30B-E4D90942FC07): 1
LogDevObjectVersion:   Dev-Automation (0DF73D61-A23F-47EA-B727-89E90C41499A): 1
LogDevObjectVersion:   FortniteMain (601D1886-AC64-4F84-AA16-D3DE0DEAC7D6): 17
LogDevObjectVersion:   Dev-Enterprise (9DFFBCD6-494F-0158-E221-12823C92A888): 4
LogDevObjectVersion:   Dev-Niagara (F2AED0AC-9AFE-416F-8664-AA7FFA26D6FC): 1
LogStreaming: Display: Took  0.006s to delete old logs.
LogInit: Presizing for max 8388607 objects, including 0 objects not considered by GC, pre-allocating 0 bytes for permanent pool.
LogInit: Object subsystem initialized
LogConfig: Setting CVar [[con.DebugEarlyDefault:1]]
LogConfig: Setting CVar [[r.setres:1280x720]]
[2019.09.05-17.32.15:458][  0]LogConfig: Setting CVar [[r.VSync:0]]
[2019.09.05-17.32.15:458][  0]LogConfig: Setting CVar [[r.RHICmdBypass:0]]
[2019.09.05-17.32.15:458][  0]LogConfig: Applying CVar settings from Section [/Script/Engine.RendererSettings] File [C:/Users/Yannick/Documents/Unreal Projects/ProjectZombies/Saved/Config/Windows/Engine.ini]
[2019.09.05-17.32.15:458][  0]LogConfig: Setting CVar [[r.GPUCrashDebugging:0]]
[2019.09.05-17.32.15:458][  0]LogConfig: Applying CVar settings from Section [/Script/Engine.RendererOverrideSettings] File [C:/Users/Yannick/Documents/Unreal Projects/ProjectZombies/Saved/Config/Windows/Engine.ini]
[2019.09.05-17.32.15:458][  0]LogConfig: Applying CVar settings from Section [/Script/Engine.StreamingSettings] File [C:/Users/Yannick/Documents/Unreal Projects/ProjectZombies/Saved/Config/Windows/Engine.ini]
[2019.09.05-17.32.15:458][  0]LogConfig: Setting CVar [[s.MinBulkDataSizeForAsyncLoading:131072]]
[2019.09.05-17.32.15:458][  0]LogConfig: Setting CVar [[s.AsyncLoadingThreadEnabled:0]]
[2019.09.05-17.32.15:458][  0]LogConfig: Setting CVar [[s.EventDrivenLoaderEnabled:1]]
[2019.09.05-17.32.15:458][  0]LogConfig: Setting CVar [[s.WarnIfTimeLimitExceeded:0]]
[2019.09.05-17.32.15:458][  0]LogConfig: Setting CVar [[s.TimeLimitExceededMultiplier:1.5]]
[2019.09.05-17.32.15:458][  0]LogConfig: Setting CVar [[s.TimeLimitExceededMinTime:0.005]]
[2019.09.05-17.32.15:458][  0]LogConfig: Setting CVar [[s.UseBackgroundLevelStreaming:1]]
[2019.09.05-17.32.15:458][  0]LogConfig: Setting CVar [[s.PriorityAsyncLoadingExtraTime:15.0]]
[2019.09.05-17.32.15:458][  0]LogConfig: Setting CVar [[s.LevelStreamingActorsUpdateTimeLimit:5.0]]
[2019.09.05-17.32.15:458][  0]LogConfig: Setting CVar [[s.PriorityLevelStreamingActorsUpdateExtraTime:5.0]]
[2019.09.05-17.32.15:458][  0]LogConfig: Setting CVar [[s.LevelStreamingComponentsRegistrationGranularity:10]]
[2019.09.05-17.32.15:458][  0]LogConfig: Setting CVar [[s.UnregisterComponentsTimeLimit:1.0]]
[2019.09.05-17.32.15:458][  0]LogConfig: Setting CVar [[s.LevelStreamingComponentsUnregistrationGranularity:5]]
[2019.09.05-17.32.15:459][  0]LogConfig: Applying CVar settings from Section [/Script/Engine.GarbageCollectionSettings] File [C:/Users/Yannick/Documents/Unreal Projects/ProjectZombies/Saved/Config/Windows/Engine.ini]
[2019.09.05-17.32.15:459][  0]LogConfig: Setting CVar [[gc.MaxObjectsNotConsideredByGC:1]]
[2019.09.05-17.32.15:459][  0]LogConfig: Setting CVar [[gc.SizeOfPermanentObjectPool:0]]
[2019.09.05-17.32.15:459][  0]LogConfig: Setting CVar [[gc.FlushStreamingOnGC:0]]
[2019.09.05-17.32.15:459][  0]LogConfig: Setting CVar [[gc.NumRetriesBeforeForcingGC:10]]
[2019.09.05-17.32.15:459][  0]LogConfig: Setting CVar [[gc.AllowParallelGC:1]]
[2019.09.05-17.32.15:459][  0]LogConfig: Setting CVar [[gc.TimeBetweenPurgingPendingKillObjects:61.1]]
[2019.09.05-17.32.15:459][  0]LogConfig: Setting CVar [[gc.MaxObjectsInEditor:8388607]]
[2019.09.05-17.32.15:459][  0]LogConfig: Setting CVar [[gc.IncrementalBeginDestroyEnabled:1]]
[2019.09.05-17.32.15:459][  0]LogConfig: Setting CVar [[gc.CreateGCClusters:1]]
[2019.09.05-17.32.15:459][  0]LogConfig: Setting CVar [[gc.MergeGCClusters:0]]
[2019.09.05-17.32.15:459][  0]LogConfig: Setting CVar [[gc.MinGCClusterSize:5]]
[2019.09.05-17.32.15:459][  0]LogConfig: Setting CVar [[gc.ActorClusteringEnabled:0]]
[2019.09.05-17.32.15:459][  0]LogConfig: Setting CVar [[gc.BlueprintClusteringEnabled:0]]
[2019.09.05-17.32.15:459][  0]LogConfig: Setting CVar [[gc.UseDisregardForGCOnDedicatedServers:0]]
[2019.09.05-17.32.15:459][  0]LogConfig: Applying CVar settings from Section [/Script/Engine.NetworkSettings] File [C:/Users/Yannick/Documents/Unreal Projects/ProjectZombies/Saved/Config/Windows/Engine.ini]
[2019.09.05-17.32.15:459][  0]LogConfig: Applying CVar settings from Section [/Script/UnrealEd.CookerSettings] File [C:/Users/Yannick/Documents/Unreal Projects/ProjectZombies/Saved/Config/Windows/Engine.ini]
[2019.09.05-17.32.15:462][  0]LogConfig: Applying CVar settings from Section [ViewDistanceQuality@3] File [C:/Users/Yannick/Documents/Unreal Projects/ProjectZombies/Saved/Config/Windows/Scalability.ini]
[2019.09.05-17.32.15:462][  0]LogConfig: Setting CVar [[r.SkeletalMeshLODBias:0]]
[2019.09.05-17.32.15:462][  0]LogConfig: Setting CVar [[r.ViewDistanceScale:1.0]]
[2019.09.05-17.32.15:462][  0]LogConfig: Applying CVar settings from Section [AntiAliasingQuality@3] File [C:/Users/Yannick/Documents/Unreal Projects/ProjectZombies/Saved/Config/Windows/Scalability.ini]
[2019.09.05-17.32.15:462][  0]LogConfig: Setting CVar [[r.PostProcessAAQuality:4]]
[2019.09.05-17.32.15:462][  0]LogConfig: Applying CVar settings from Section [ShadowQuality@3] File [C:/Users/Yannick/Documents/Unreal Projects/ProjectZombies/Saved/Config/Windows/Scalability.ini]
[2019.09.05-17.32.15:462][  0]LogConfig: Setting CVar [[r.LightFunctionQuality:1]]
[2019.09.05-17.32.15:462][  0]LogConfig: Setting CVar [[r.ShadowQuality:5]]
[2019.09.05-17.32.15:462][  0]LogConfig: Setting CVar [[r.Shadow.CSM.MaxCascades:10]]
[2019.09.05-17.32.15:462][  0]LogConfig: Setting CVar [[r.Shadow.MaxResolution:2048]]
[2019.09.05-17.32.15:462][  0]LogConfig: Setting CVar [[r.Shadow.MaxCSMResolution:2048]]
[2019.09.05-17.32.15:462][  0]LogConfig: Setting CVar [[r.Shadow.RadiusThreshold:0.01]]
[2019.09.05-17.32.15:462][  0]LogConfig: Setting CVar [[r.Shadow.DistanceScale:1.0]]
[2019.09.05-17.32.15:462][  0]LogConfig: Setting CVar [[r.Shadow.CSM.TransitionScale:1.0]]
[2019.09.05-17.32.15:462][  0]LogConfig: Setting CVar [[r.Shadow.PreShadowResolutionFactor:1.0]]
[2019.09.05-17.32.15:462][  0]LogConfig: Setting CVar [[r.DistanceFieldShadowing:1]]
[2019.09.05-17.32.15:462][  0]LogConfig: Setting CVar [[r.DistanceFieldAO:1]]
[2019.09.05-17.32.15:462][  0]LogConfig: Setting CVar [[r.AOQuality:2]]
[2019.09.05-17.32.15:462][  0]LogConfig: Setting CVar [[r.VolumetricFog:1]]
[2019.09.05-17.32.15:462][  0]LogConfig: Setting CVar [[r.VolumetricFog.GridPixelSize:8]]
[2019.09.05-17.32.15:462][  0]LogConfig: Setting CVar [[r.VolumetricFog.GridSizeZ:128]]
[2019.09.05-17.32.15:462][  0]LogConfig: Setting CVar [[r.VolumetricFog.HistoryMissSupersampleCount:4]]
[2019.09.05-17.32.15:462][  0]LogConfig: Setting CVar [[r.LightMaxDrawDistanceScale:1]]
[2019.09.05-17.32.15:462][  0]LogConfig: Setting CVar [[r.CapsuleShadows:1]]
[2019.09.05-17.32.15:462][  0]LogConfig: Applying CVar settings from Section [PostProcessQuality@3] File [C:/Users/Yannick/Documents/Unreal Projects/ProjectZombies/Saved/Config/Windows/Scalability.ini]
[2019.09.05-17.32.15:462][  0]LogConfig: Setting CVar [[r.MotionBlurQuality:4]]
[2019.09.05-17.32.15:462][  0]LogConfig: Setting CVar [[r.AmbientOcclusionMipLevelFactor:0.4]]
[2019.09.05-17.32.15:462][  0]LogConfig: Setting CVar [[r.AmbientOcclusionMaxQuality:100]]
[2019.09.05-17.32.15:462][  0]LogConfig: Setting CVar [[r.AmbientOcclusionLevels:-1]]
[2019.09.05-17.32.15:462][  0]LogConfig: Setting CVar [[r.AmbientOcclusionRadiusScale:1.0]]
[2019.09.05-17.32.15:462][  0]LogConfig: Setting CVar [[r.DepthOfFieldQuality:2]]
[2019.09.05-17.32.15:462][  0]LogConfig: Setting CVar [[r.RenderTargetPoolMin:400]]
[2019.09.05-17.32.15:462][  0]LogConfig: Setting CVar [[r.LensFlareQuality:2]]
[2019.09.05-17.32.15:462][  0]LogConfig: Setting CVar [[r.SceneColorFringeQuality:1]]
[2019.09.05-17.32.15:462][  0]LogConfig: Setting CVar [[r.EyeAdaptationQuality:2]]
[2019.09.05-17.32.15:462][  0]LogConfig: Setting CVar [[r.BloomQuality:5]]
[2019.09.05-17.32.15:462][  0]LogConfig: Setting CVar [[r.FastBlurThreshold:100]]
[2019.09.05-17.32.15:462][  0]LogConfig: Setting CVar [[r.Upscale.Quality:3]]
[2019.09.05-17.32.15:463][  0]LogConfig: Setting CVar [[r.Tonemapper.GrainQuantization:1]]
[2019.09.05-17.32.15:463][  0]LogConfig: Setting CVar [[r.LightShaftQuality:1]]
[2019.09.05-17.32.15:463][  0]LogConfig: Setting CVar [[r.Filter.SizeScale:1]]
[2019.09.05-17.32.15:463][  0]LogConfig: Setting CVar [[r.Tonemapper.Quality:5]]
[2019.09.05-17.32.15:463][  0]LogConfig: Setting CVar [[r.DOF.Gather.AccumulatorQuality:1        ; higher gathering accumulator quality]]
[2019.09.05-17.32.15:463][  0]LogConfig: Setting CVar [[r.DOF.Gather.PostfilterMethod:1          ; Median3x3 postfilering method]]
[2019.09.05-17.32.15:463][  0]LogConfig: Setting CVar [[r.DOF.Gather.EnableBokehSettings:0       ; no bokeh simulation when gathering]]
[2019.09.05-17.32.15:463][  0]LogConfig: Setting CVar [[r.DOF.Gather.RingCount:4                 ; medium number of samples when gathering]]
[2019.09.05-17.32.15:463][  0]LogConfig: Setting CVar [[r.DOF.Scatter.ForegroundCompositing:1    ; additive foreground scattering]]
[2019.09.05-17.32.15:463][  0]LogConfig: Setting CVar [[r.DOF.Scatter.BackgroundCompositing:2    ; additive background scattering]]
[2019.09.05-17.32.15:463][  0]LogConfig: Setting CVar [[r.DOF.Scatter.EnableBokehSettings:1      ; bokeh simulation when scattering]]
[2019.09.05-17.32.15:463][  0]LogConfig: Setting CVar [[r.DOF.Scatter.MaxSpriteRatio:0.1         ; only a maximum of 10% of scattered bokeh]]
[2019.09.05-17.32.15:463][  0]LogConfig: Setting CVar [[r.DOF.Recombine.Quality:1                ; cheap slight out of focus]]
[2019.09.05-17.32.15:463][  0]LogConfig: Setting CVar [[r.DOF.Recombine.EnableBokehSettings:0    ; no bokeh simulation on slight out of focus]]
[2019.09.05-17.32.15:463][  0]LogConfig: Setting CVar [[r.DOF.TemporalAAQuality:1                ; more stable temporal accumulation]]
[2019.09.05-17.32.15:463][  0]LogConfig: Setting CVar [[r.DOF.Kernel.MaxForegroundRadius:0.025]]
[2019.09.05-17.32.15:463][  0]LogConfig: Setting CVar [[r.DOF.Kernel.MaxBackgroundRadius:0.025]]
[2019.09.05-17.32.15:463][  0]LogConfig: Applying CVar settings from Section [TextureQuality@3] File [C:/Users/Yannick/Documents/Unreal Projects/ProjectZombies/Saved/Config/Windows/Scalability.ini]
[2019.09.05-17.32.15:463][  0]LogConfig: Setting CVar [[r.Streaming.MipBias:0]]
[2019.09.05-17.32.15:463][  0]LogConfig: Setting CVar [[r.Streaming.AmortizeCPUToGPUCopy:0]]
[2019.09.05-17.32.15:463][  0]LogConfig: Setting CVar [[r.Streaming.MaxNumTexturesToStreamPerFrame:0]]
[2019.09.05-17.32.15:463][  0]LogConfig: Setting CVar [[r.Streaming.Boost:1]]
[2019.09.05-17.32.15:463][  0]LogConfig: Setting CVar [[r.MaxAnisotropy:8]]
[2019.09.05-17.32.15:463][  0]LogConfig: Setting CVar [[r.Streaming.LimitPoolSizeToVRAM:0]]
[2019.09.05-17.32.15:463][  0]LogConfig: Setting CVar [[r.Streaming.PoolSize:1000]]
[2019.09.05-17.32.15:463][  0]LogConfig: Setting CVar [[r.Streaming.MaxEffectiveScreenSize:0]]
[2019.09.05-17.32.15:463][  0]LogConfig: Applying CVar settings from Section [EffectsQuality@3] File [C:/Users/Yannick/Documents/Unreal Projects/ProjectZombies/Saved/Config/Windows/Scalability.ini]
[2019.09.05-17.32.15:463][  0]LogConfig: Setting CVar [[r.TranslucencyLightingVolumeDim:64]]
[2019.09.05-17.32.15:463][  0]LogConfig: Setting CVar [[r.RefractionQuality:2]]
[2019.09.05-17.32.15:463][  0]LogConfig: Setting CVar [[r.SSR.Quality:3]]
[2019.09.05-17.32.15:463][  0]LogConfig: Setting CVar [[r.SceneColorFormat:4]]
[2019.09.05-17.32.15:463][  0]LogConfig: Setting CVar [[r.DetailMode:2]]
[2019.09.05-17.32.15:463][  0]LogConfig: Setting CVar [[r.TranslucencyVolumeBlur:1]]
[2019.09.05-17.32.15:463][  0]LogConfig: Setting CVar [[r.MaterialQualityLevel:1 ; High quality]]
[2019.09.05-17.32.15:463][  0]LogConfig: Setting CVar [[r.SSS.Scale:1]]
[2019.09.05-17.32.15:463][  0]LogConfig: Setting CVar [[r.SSS.SampleSet:2]]
[2019.09.05-17.32.15:463][  0]LogConfig: Setting CVar [[r.SSS.Quality:1]]
[2019.09.05-17.32.15:463][  0]LogConfig: Setting CVar [[r.SSS.HalfRes:1]]
[2019.09.05-17.32.15:463][  0]LogConfig: Setting CVar [[r.EmitterSpawnRateScale:1.0]]
[2019.09.05-17.32.15:463][  0]LogConfig: Setting CVar [[r.ParticleLightQuality:2]]
[2019.09.05-17.32.15:463][  0]LogConfig: Applying CVar settings from Section [FoliageQuality@3] File [C:/Users/Yannick/Documents/Unreal Projects/ProjectZombies/Saved/Config/Windows/Scalability.ini]
[2019.09.05-17.32.15:463][  0]LogConfig: Setting CVar [[foliage.DensityScale:1.0]]
[2019.09.05-17.32.15:463][  0]LogConfig: Setting CVar [[grass.DensityScale:1.0]]
[2019.09.05-17.32.15:464][  0]LogInit: Selected Device Profile: [Windows]
[2019.09.05-17.32.15:464][  0]LogInit: Applying CVar settings loaded from the selected device profile: [Windows]
[2019.09.05-17.32.15:484][  0]LogHAL: Display: Platform has ~ 16 GB [17059438592 / 17179869184 / 16], which maps to Larger [LargestMinGB=32, LargerMinGB=12, DefaultMinGB=8, SmallerMinGB=6, SmallestMinGB=0)
[2019.09.05-17.32.15:484][  0]LogConfig: Setting CVar [[r.Vulkan.UseRealUBs:1]]
[2019.09.05-17.32.15:484][  0]LogInit: Going up to parent DeviceProfile []
[2019.09.05-17.32.15:484][  0]LogConfig: Applying CVar settings from Section [ViewDistanceQuality@3] File [C:/Users/Yannick/Documents/Unreal Projects/ProjectZombies/Saved/Config/Windows/Scalability.ini]
[2019.09.05-17.32.15:484][  0]LogConfig: Setting CVar [[r.SkeletalMeshLODBias:0]]
[2019.09.05-17.32.15:484][  0]LogConfig: Setting CVar [[r.ViewDistanceScale:1.0]]
[2019.09.05-17.32.15:485][  0]LogConfig: Applying CVar settings from Section [AntiAliasingQuality@3] File [C:/Users/Yannick/Documents/Unreal Projects/ProjectZombies/Saved/Config/Windows/Scalability.ini]
[2019.09.05-17.32.15:485][  0]LogConfig: Setting CVar [[r.PostProcessAAQuality:4]]
[2019.09.05-17.32.15:485][  0]LogConfig: Applying CVar settings from Section [ShadowQuality@3] File [C:/Users/Yannick/Documents/Unreal Projects/ProjectZombies/Saved/Config/Windows/Scalability.ini]
[2019.09.05-17.32.15:485][  0]LogConfig: Setting CVar [[r.LightFunctionQuality:1]]
[2019.09.05-17.32.15:485][  0]LogConfig: Setting CVar [[r.ShadowQuality:5]]
[2019.09.05-17.32.15:485][  0]LogConfig: Setting CVar [[r.Shadow.CSM.MaxCascades:10]]
[2019.09.05-17.32.15:485][  0]LogConfig: Setting CVar [[r.Shadow.MaxResolution:2048]]
[2019.09.05-17.32.15:485][  0]LogConfig: Setting CVar [[r.Shadow.MaxCSMResolution:2048]]
[2019.09.05-17.32.15:485][  0]LogConfig: Setting CVar [[r.Shadow.RadiusThreshold:0.01]]
[2019.09.05-17.32.15:485][  0]LogConfig: Setting CVar [[r.Shadow.DistanceScale:1.0]]
[2019.09.05-17.32.15:485][  0]LogConfig: Setting CVar [[r.Shadow.CSM.TransitionScale:1.0]]
[2019.09.05-17.32.15:485][  0]LogConfig: Setting CVar [[r.Shadow.PreShadowResolutionFactor:1.0]]
[2019.09.05-17.32.15:485][  0]LogConfig: Setting CVar [[r.DistanceFieldShadowing:1]]
[2019.09.05-17.32.15:485][  0]LogConfig: Setting CVar [[r.DistanceFieldAO:1]]
[2019.09.05-17.32.15:485][  0]LogConfig: Setting CVar [[r.AOQuality:2]]
[2019.09.05-17.32.15:485][  0]LogConfig: Setting CVar [[r.VolumetricFog:1]]
[2019.09.05-17.32.15:485][  0]LogConfig: Setting CVar [[r.VolumetricFog.GridPixelSize:8]]
[2019.09.05-17.32.15:485][  0]LogConfig: Setting CVar [[r.VolumetricFog.GridSizeZ:128]]
[2019.09.05-17.32.15:485][  0]LogConfig: Setting CVar [[r.VolumetricFog.HistoryMissSupersampleCount:4]]
[2019.09.05-17.32.15:485][  0]LogConfig: Setting CVar [[r.LightMaxDrawDistanceScale:1]]
[2019.09.05-17.32.15:485][  0]LogConfig: Setting CVar [[r.CapsuleShadows:1]]
[2019.09.05-17.32.15:485][  0]LogConfig: Applying CVar settings from Section [PostProcessQuality@3] File [C:/Users/Yannick/Documents/Unreal Projects/ProjectZombies/Saved/Config/Windows/Scalability.ini]
[2019.09.05-17.32.15:485][  0]LogConfig: Setting CVar [[r.MotionBlurQuality:4]]
[2019.09.05-17.32.15:485][  0]LogConfig: Setting CVar [[r.AmbientOcclusionMipLevelFactor:0.4]]
[2019.09.05-17.32.15:485][  0]LogConfig: Setting CVar [[r.AmbientOcclusionMaxQuality:100]]
[2019.09.05-17.32.15:485][  0]LogConfig: Setting CVar [[r.AmbientOcclusionLevels:-1]]
[2019.09.05-17.32.15:485][  0]LogConfig: Setting CVar [[r.AmbientOcclusionRadiusScale:1.0]]
[2019.09.05-17.32.15:485][  0]LogConfig: Setting CVar [[r.DepthOfFieldQuality:2]]
[2019.09.05-17.32.15:485][  0]LogConfig: Setting CVar [[r.RenderTargetPoolMin:400]]
[2019.09.05-17.32.15:485][  0]LogConfig: Setting CVar [[r.LensFlareQuality:2]]
[2019.09.05-17.32.15:485][  0]LogConfig: Setting CVar [[r.SceneColorFringeQuality:1]]
[2019.09.05-17.32.15:485][  0]LogConfig: Setting CVar [[r.EyeAdaptationQuality:2]]
[2019.09.05-17.32.15:485][  0]LogConfig: Setting CVar [[r.BloomQuality:5]]
[2019.09.05-17.32.15:485][  0]LogConfig: Setting CVar [[r.FastBlurThreshold:100]]
[2019.09.05-17.32.15:485][  0]LogConfig: Setting CVar [[r.Upscale.Quality:3]]
[2019.09.05-17.32.15:485][  0]LogConfig: Setting CVar [[r.Tonemapper.GrainQuantization:1]]
[2019.09.05-17.32.15:485][  0]LogConfig: Setting CVar [[r.LightShaftQuality:1]]
[2019.09.05-17.32.15:485][  0]LogConfig: Setting CVar [[r.Filter.SizeScale:1]]
[2019.09.05-17.32.15:485][  0]LogConfig: Setting CVar [[r.Tonemapper.Quality:5]]
[2019.09.05-17.32.15:485][  0]LogConfig: Setting CVar [[r.DOF.Gather.AccumulatorQuality:1        ; higher gathering accumulator quality]]
[2019.09.05-17.32.15:485][  0]LogConfig: Setting CVar [[r.DOF.Gather.PostfilterMethod:1          ; Median3x3 postfilering method]]
[2019.09.05-17.32.15:485][  0]LogConfig: Setting CVar [[r.DOF.Gather.EnableBokehSettings:0       ; no bokeh simulation when gathering]]
[2019.09.05-17.32.15:485][  0]LogConfig: Setting CVar [[r.DOF.Gather.RingCount:4                 ; medium number of samples when gathering]]
[2019.09.05-17.32.15:485][  0]LogConfig: Setting CVar [[r.DOF.Scatter.ForegroundCompositing:1    ; additive foreground scattering]]
[2019.09.05-17.32.15:485][  0]LogConfig: Setting CVar [[r.DOF.Scatter.BackgroundCompositing:2    ; additive background scattering]]
[2019.09.05-17.32.15:485][  0]LogConfig: Setting CVar [[r.DOF.Scatter.EnableBokehSettings:1      ; bokeh simulation when scattering]]
[2019.09.05-17.32.15:485][  0]LogConfig: Setting CVar [[r.DOF.Scatter.MaxSpriteRatio:0.1         ; only a maximum of 10% of scattered bokeh]]
[2019.09.05-17.32.15:485][  0]LogConfig: Setting CVar [[r.DOF.Recombine.Quality:1                ; cheap slight out of focus]]
[2019.09.05-17.32.15:485][  0]LogConfig: Setting CVar [[r.DOF.Recombine.EnableBokehSettings:0    ; no bokeh simulation on slight out of focus]]
[2019.09.05-17.32.15:485][  0]LogConfig: Setting CVar [[r.DOF.TemporalAAQuality:1                ; more stable temporal accumulation]]
[2019.09.05-17.32.15:485][  0]LogConfig: Setting CVar [[r.DOF.Kernel.MaxForegroundRadius:0.025]]
[2019.09.05-17.32.15:485][  0]LogConfig: Setting CVar [[r.DOF.Kernel.MaxBackgroundRadius:0.025]]
[2019.09.05-17.32.15:485][  0]LogConfig: Applying CVar settings from Section [TextureQuality@3] File [C:/Users/Yannick/Documents/Unreal Projects/ProjectZombies/Saved/Config/Windows/Scalability.ini]
[2019.09.05-17.32.15:485][  0]LogConfig: Setting CVar [[r.Streaming.MipBias:0]]
[2019.09.05-17.32.15:485][  0]LogConfig: Setting CVar [[r.Streaming.AmortizeCPUToGPUCopy:0]]
[2019.09.05-17.32.15:485][  0]LogConfig: Setting CVar [[r.Streaming.MaxNumTexturesToStreamPerFrame:0]]
[2019.09.05-17.32.15:485][  0]LogConfig: Setting CVar [[r.Streaming.Boost:1]]
[2019.09.05-17.32.15:485][  0]LogConfig: Setting CVar [[r.MaxAnisotropy:8]]
[2019.09.05-17.32.15:485][  0]LogConfig: Setting CVar [[r.Streaming.LimitPoolSizeToVRAM:0]]
[2019.09.05-17.32.15:485][  0]LogConfig: Setting CVar [[r.Streaming.PoolSize:1000]]
[2019.09.05-17.32.15:485][  0]LogConfig: Setting CVar [[r.Streaming.MaxEffectiveScreenSize:0]]
[2019.09.05-17.32.15:485][  0]LogConfig: Applying CVar settings from Section [EffectsQuality@3] File [C:/Users/Yannick/Documents/Unreal Projects/ProjectZombies/Saved/Config/Windows/Scalability.ini]
[2019.09.05-17.32.15:485][  0]LogConfig: Setting CVar [[r.TranslucencyLightingVolumeDim:64]]
[2019.09.05-17.32.15:485][  0]LogConfig: Setting CVar [[r.RefractionQuality:2]]
[2019.09.05-17.32.15:485][  0]LogConfig: Setting CVar [[r.SSR.Quality:3]]
[2019.09.05-17.32.15:485][  0]LogConfig: Setting CVar [[r.SceneColorFormat:4]]
[2019.09.05-17.32.15:485][  0]LogConfig: Setting CVar [[r.DetailMode:2]]
[2019.09.05-17.32.15:485][  0]LogConfig: Setting CVar [[r.TranslucencyVolumeBlur:1]]
[2019.09.05-17.32.15:485][  0]LogConfig: Setting CVar [[r.MaterialQualityLevel:1 ; High quality]]
[2019.09.05-17.32.15:485][  0]LogConfig: Setting CVar [[r.SSS.Scale:1]]
[2019.09.05-17.32.15:485][  0]LogConfig: Setting CVar [[r.SSS.SampleSet:2]]
[2019.09.05-17.32.15:485][  0]LogConfig: Setting CVar [[r.SSS.Quality:1]]
[2019.09.05-17.32.15:485][  0]LogConfig: Setting CVar [[r.SSS.HalfRes:1]]
[2019.09.05-17.32.15:485][  0]LogConfig: Setting CVar [[r.EmitterSpawnRateScale:1.0]]
[2019.09.05-17.32.15:485][  0]LogConfig: Setting CVar [[r.ParticleLightQuality:2]]
[2019.09.05-17.32.15:485][  0]LogConfig: Applying CVar settings from Section [FoliageQuality@3] File [C:/Users/Yannick/Documents/Unreal Projects/ProjectZombies/Saved/Config/Windows/Scalability.ini]
[2019.09.05-17.32.15:485][  0]LogConfig: Setting CVar [[foliage.DensityScale:1.0]]
[2019.09.05-17.32.15:485][  0]LogConfig: Setting CVar [[grass.DensityScale:1.0]]
[2019.09.05-17.32.15:485][  0]LogConfig: Applying CVar settings from Section [Startup] File [../../../Engine/Config/ConsoleVariables.ini]
[2019.09.05-17.32.15:486][  0]LogConfig: Setting CVar [[net.UseAdaptiveNetUpdateFrequency:0]]
[2019.09.05-17.32.15:486][  0]LogConfig: Applying CVar settings from Section [ConsoleVariables] File [C:/Users/Yannick/Documents/Unreal Projects/ProjectZombies/Saved/Config/Windows/Engine.ini]
[2019.09.05-17.32.15:486][  0]LogInit: Computer: MSI
[2019.09.05-17.32.15:486][  0]LogInit: User: Yannick
[2019.09.05-17.32.15:486][  0]LogInit: CPU Page size=4096, Cores=4
[2019.09.05-17.32.15:486][  0]LogInit: High frequency timer resolution =2.742188 MHz
[2019.09.05-17.32.15:486][  0]LogMemory: Memory total: Physical=15.9GB (16GB approx)
[2019.09.05-17.32.15:486][  0]LogMemory: Platform Memory Stats for Windows
[2019.09.05-17.32.15:486][  0]LogMemory: Process Physical Memory: 102.40 MB used, 102.40 MB peak
[2019.09.05-17.32.15:486][  0]LogMemory: Process Virtual Memory: 91.61 MB used, 91.61 MB peak
[2019.09.05-17.32.15:486][  0]LogMemory: Physical Memory: 6958.04 MB used,  9311.11 MB free, 16269.15 MB total
[2019.09.05-17.32.15:486][  0]LogMemory: Virtual Memory: 4654.97 MB used,  134213072.00 MB free, 134217728.00 MB total
[2019.09.05-17.32.15:533][  0]LogInit: Using OS detected language (en-US).
[2019.09.05-17.32.15:533][  0]LogInit: Using OS detected locale (en-US).
[2019.09.05-17.32.15:534][  0]LogTextLocalizationManager: No specific localization for 'en-US' exists, so the 'en' localization will be used.
[2019.09.05-17.32.15:985][  0]LogStreaming: Display: Took  0.452s to InitEngineTextLocalization.
[2019.09.05-17.32.15:986][  0]LogInit: Setting process to per monitor DPI aware
[2019.09.05-17.32.16:026][  0]LogSlate: New Slate User Created.  User Index 0, Is Virtual User: 0
[2019.09.05-17.32.16:026][  0]LogSlate: Slate User Registered.  User Index 0, Is Virtual User: 0
[2019.09.05-17.32.16:276][  0]LogHMD: Failed to initialize OpenVR with code 110
[2019.09.05-17.32.16:276][  0]LogD3D11RHI: D3D11 adapters:
[2019.09.05-17.32.16:358][  0]LogD3D11RHI:    0. 'NVIDIA GeForce GTX 1060' (Feature Level 11_0)
[2019.09.05-17.32.16:358][  0]LogD3D11RHI:       2987/0/8134 MB DedicatedVideo/DedicatedSystem/SharedSystem, Outputs:1, VendorId:0x10de
[2019.09.05-17.32.16:373][  0]LogD3D11RHI:    1. 'Intel(R) HD Graphics 630' (Feature Level 11_0)
[2019.09.05-17.32.16:373][  0]LogD3D11RHI:       128/0/8134 MB DedicatedVideo/DedicatedSystem/SharedSystem, Outputs:0, VendorId:0x8086
[2019.09.05-17.32.16:375][  0]LogD3D11RHI:    2. 'Microsoft Basic Render Driver' (Feature Level 11_0)
[2019.09.05-17.32.16:375][  0]LogD3D11RHI:       0/0/8134 MB DedicatedVideo/DedicatedSystem/SharedSystem, Outputs:0, VendorId:0x1414
[2019.09.05-17.32.16:375][  0]LogD3D11RHI: Chosen D3D11 Adapter: 0
[2019.09.05-17.32.16:404][  0]LogD3D11RHI: Creating new Direct3DDevice
[2019.09.05-17.32.16:404][  0]LogD3D11RHI:     GPU DeviceId: 0x1c20 (for the marketing name, search the web for "GPU Device Id")
[2019.09.05-17.32.16:404][  0]LogWindows: EnumDisplayDevices:
[2019.09.05-17.32.16:404][  0]LogWindows:    0. 'Intel(R) HD Graphics 630' (P:1 D:1)
[2019.09.05-17.32.16:404][  0]LogWindows:    1. 'Intel(R) HD Graphics 630' (P:0 D:0)
[2019.09.05-17.32.16:405][  0]LogWindows:    2. 'Intel(R) HD Graphics 630' (P:0 D:0)
[2019.09.05-17.32.16:405][  0]LogWindows:    3. 'NVIDIA GeForce GTX 1060' (P:0 D:0)
[2019.09.05-17.32.16:405][  0]LogWindows:    4. 'NVIDIA GeForce GTX 1060' (P:0 D:0)
[2019.09.05-17.32.16:405][  0]LogWindows:    5. 'NVIDIA GeForce GTX 1060' (P:0 D:0)
[2019.09.05-17.32.16:406][  0]LogWindows:    6. 'NVIDIA GeForce GTX 1060' (P:0 D:0)
[2019.09.05-17.32.16:406][  0]LogWindows: DebugString: PrimaryIsNotTheChoosenAdapter PrimaryIsNotTheChoosenAdapter PrimaryIsNotTheChoosenAdapter FoundDriverCount:4 
[2019.09.05-17.32.16:406][  0]LogD3D11RHI:     Adapter Name: NVIDIA GeForce GTX 1060
[2019.09.05-17.32.16:406][  0]LogD3D11RHI:   Driver Version: 436.02 (internal:26.21.14.3602, unified:436.02)
[2019.09.05-17.32.16:406][  0]LogD3D11RHI:      Driver Date: 8-16-2019
[2019.09.05-17.32.16:406][  0]LogRHI: Texture pool is 2090 MB (70% of 2987 MB)
[2019.09.05-17.32.16:450][  0]LogD3D11RHI: Async texture creation enabled
[2019.09.05-17.32.16:466][  0]LogD3D11RHI: GPU Timing Frequency: 1000.000000 (Debug: 2 1)
[2019.09.05-17.32.16:856][  0]LogTemp: Display: Loaded TP AllDesktopTargetPlatform
[2019.09.05-17.32.16:868][  0]LogTemp: Display: Loaded TP MacClientTargetPlatform
[2019.09.05-17.32.16:880][  0]LogTemp: Display: Loaded TP MacNoEditorTargetPlatform
[2019.09.05-17.32.16:893][  0]LogTemp: Display: Loaded TP MacServerTargetPlatform
[2019.09.05-17.32.16:906][  0]LogTemp: Display: Loaded TP MacTargetPlatform
[2019.09.05-17.32.16:919][  0]LogTemp: Display: Loaded TP WindowsClientTargetPlatform
[2019.09.05-17.32.16:931][  0]LogTemp: Display: Loaded TP WindowsNoEditorTargetPlatform
[2019.09.05-17.32.16:945][  0]LogTemp: Display: Loaded TP WindowsServerTargetPlatform
[2019.09.05-17.32.16:951][  0]LogTemp: Display: Loaded TP WindowsTargetPlatform
[2019.09.05-17.32.17:034][  0]LogTemp: Display: Loaded TP AndroidTargetPlatform
[2019.09.05-17.32.17:034][  0]LogTemp: Display: Loaded TP AndroidTargetPlatform
[2019.09.05-17.32.17:034][  0]LogTemp: Display: Loaded TP AndroidTargetPlatform
[2019.09.05-17.32.17:034][  0]LogTemp: Display: Loaded TP AndroidTargetPlatform
[2019.09.05-17.32.17:034][  0]LogTemp: Display: Loaded TP AndroidTargetPlatform
[2019.09.05-17.32.17:034][  0]LogTemp: Display: Loaded TP AndroidTargetPlatform
[2019.09.05-17.32.17:034][  0]LogTemp: Display: Loaded TP AndroidTargetPlatform
[2019.09.05-17.32.17:034][  0]LogTemp: Display: Loaded TP AndroidTargetPlatform
[2019.09.05-17.32.17:034][  0]LogTemp: Display: Loaded TP AndroidTargetPlatform
[2019.09.05-17.32.17:034][  0]LogTemp: Display: Loaded TP AndroidTargetPlatform
[2019.09.05-17.32.17:034][  0]LogTemp: Display: Loaded TP AndroidTargetPlatform
[2019.09.05-17.32.17:034][  0]LogTemp: Display: Loaded TP AndroidTargetPlatform
[2019.09.05-17.32.17:034][  0]LogTemp: Display: Loaded TP AndroidTargetPlatform
[2019.09.05-17.32.17:034][  0]LogTemp: Display: Loaded TP AndroidTargetPlatform
[2019.09.05-17.32.17:034][  0]LogTemp: Display: Loaded TP AndroidTargetPlatform
[2019.09.05-17.32.17:034][  0]LogTemp: Display: Loaded TP AndroidTargetPlatform
[2019.09.05-17.32.17:034][  0]LogTemp: Display: Loaded TP AndroidTargetPlatform
[2019.09.05-17.32.17:034][  0]LogTemp: Display: Loaded TP AndroidTargetPlatform
[2019.09.05-17.32.17:036][  0]LogTemp: Display: Loaded TP HTML5TargetPlatform
[2019.09.05-17.32.17:104][  0]LogTemp: Display: Loaded TP IOSTargetPlatform
[2019.09.05-17.32.17:104][  0]LogTemp: Display: Loaded TP IOSTargetPlatform
[2019.09.05-17.32.17:129][  0]LogTemp: Display: Loaded TP TVOSTargetPlatform
[2019.09.05-17.32.17:129][  0]LogTemp: Display: Loaded TP TVOSTargetPlatform
[2019.09.05-17.32.17:141][  0]LogTemp: Display: Loaded TP LinuxClientTargetPlatform
[2019.09.05-17.32.17:155][  0]LogTemp: Display: Loaded TP LinuxNoEditorTargetPlatform
[2019.09.05-17.32.17:167][  0]LogTemp: Display: Loaded TP LinuxServerTargetPlatform
[2019.09.05-17.32.17:180][  0]LogTemp: Display: Loaded TP LinuxTargetPlatform
[2019.09.05-17.32.17:229][  0]LogTemp: Display: Loaded TP LuminTargetPlatform
[2019.09.05-17.32.17:229][  0]LogTemp: Display: Loaded TP LuminTargetPlatform
[2019.09.05-17.32.17:229][  0]LogTargetPlatformManager: Display: Building Assets For Windows
[2019.09.05-17.32.17:290][  0]LogShaderCompilers: Guid format shader working directory is -24 characters bigger than the processId version (../../../../../../Users/Yannick/Documents/Unreal Projects/ProjectZombies/Intermediate/Shaders/WorkingDirectory/5516/).
[2019.09.05-17.32.17:290][  0]LogShaderCompilers: Cleaned the shader compiler working directory 'C:/Users/Yannick/AppData/Local/Temp/UnrealShaderWorkingDir/87720657486ABFF1A07946AE97A80B65/'.
[2019.09.05-17.32.17:293][  0]LogXGEController: Cannot use XGE Controller as Incredibuild is not installed on this machine.
[2019.09.05-17.32.17:293][  0]LogShaderCompilers: Cannot use XGE Shader Compiler as Incredibuild is not installed on this machine.
[2019.09.05-17.32.17:293][  0]LogShaderCompilers: Display: Using Local Shader Compiler.
[2019.09.05-17.32.17:877][  0]LogDerivedDataCache: Display: Max Cache Size: 512 MB
[2019.09.05-17.32.17:939][  0]LogDerivedDataCache: Loaded boot cache 0.06s 71MB C:/Users/Yannick/AppData/Local/UnrealEngine/4.21/DerivedDataCache/Boot.ddc.
[2019.09.05-17.32.17:939][  0]LogDerivedDataCache: Display: Loaded Boot cache: C:/Users/Yannick/AppData/Local/UnrealEngine/4.21/DerivedDataCache/Boot.ddc
[2019.09.05-17.32.17:939][  0]LogDerivedDataCache: FDerivedDataBackendGraph:  Pak pak cache file ../../../../../../Users/Yannick/Documents/Unreal Projects/ProjectZombies/DerivedDataCache/DDC.ddp not found, will not use a pak cache.
[2019.09.05-17.32.17:939][  0]LogDerivedDataCache: Unable to find inner node Pak for hierarchical cache Hierarchy.
[2019.09.05-17.32.17:939][  0]LogDerivedDataCache: FDerivedDataBackendGraph:  CompressedPak pak cache file ../../../../../../Users/Yannick/Documents/Unreal Projects/ProjectZombies/DerivedDataCache/Compressed.ddp not found, will not use a pak cache.
[2019.09.05-17.32.17:939][  0]LogDerivedDataCache: Unable to find inner node CompressedPak for hierarchical cache Hierarchy.
[2019.09.05-17.32.17:955][  0]LogDerivedDataCache: Display: Pak cache opened for reading ../../../Engine/DerivedDataCache/Compressed.ddp.
[2019.09.05-17.32.17:955][  0]LogDerivedDataCache: FDerivedDataBackendGraph:  EnterprisePak pak cache file ../../../Enterprise/DerivedDataCache/Compressed.ddp not found, will not use a pak cache.
[2019.09.05-17.32.17:955][  0]LogDerivedDataCache: Unable to find inner node EnterprisePak for hierarchical cache Hierarchy.
[2019.09.05-17.32.17:967][  0]LogDerivedDataCache: Using Local data cache path C:/Users/Yannick/AppData/Local/UnrealEngine/Common/DerivedDataCache: Writable
[2019.09.05-17.32.17:967][  0]LogDerivedDataCache: Shared data cache path not found in *engine.ini, will not use an Shared cache.
[2019.09.05-17.32.17:967][  0]LogDerivedDataCache: Unable to find inner node Shared for hierarchical cache Hierarchy.
[2019.09.05-17.32.17:991][  0]LogMaterial: Verifying Global Shaders for PCD3D_SM5
[2019.09.05-17.32.17:993][  0]LogSlate: Using FreeType 2.6.0
[2019.09.05-17.32.17:993][  0]LogSlate: SlateFontServices - WITH_FREETYPE: 1, WITH_HARFBUZZ: 1
[2019.09.05-17.32.18:095][  0]LogAssetRegistry: FAssetRegistry took 0.0395 seconds to start up
[2019.09.05-17.32.18:494][  0]LogInit: Selected Device Profile: [Windows]
[2019.09.05-17.32.18:671][  0]LogSimplygon: Simplygon DLL not present - disabling.
[2019.09.05-17.32.18:676][  0]LogMeshReduction: Using SimplygonSwarm for distributed automatic mesh merging
[2019.09.05-17.32.18:676][  0]LogMeshReduction: Using ProxyLODMeshReduction for automatic mesh merging
[2019.09.05-17.32.18:676][  0]LogMeshReduction: Using QuadricMeshReduction for automatic static mesh reduction
[2019.09.05-17.32.18:676][  0]LogMeshReduction: No automatic skeletal mesh reduction module available
[2019.09.05-17.32.18:697][  0]LogNetVersion: ProjectZombies 1.0.0, NetCL: 4541578, EngineNetVer: 5, GameNetVer: 0 (Checksum: 2519672339)
[2019.09.05-17.32.19:558][  0]LogPackageLocalizationCache: Processed 11 localized package path(s) for 2 prioritized culture(s) in 0.184609 seconds
[2019.09.05-17.32.19:569][  0]LogUObjectArray: 39784 objects as part of root set at end of initial load.
[2019.09.05-17.32.19:569][  0]LogUObjectAllocator: 6925464 out of 0 bytes used by permanent object pool.
[2019.09.05-17.32.19:570][  0]LogUObjectArray: CloseDisregardForGC: 0/0 objects in disregard for GC pool
[2019.09.05-17.32.20:555][  0]LogTcpMessaging: Initializing TcpMessaging bridge
[2019.09.05-17.32.20:569][  0]LogUdpMessaging: Initializing bridge on interface 0.0.0.0:0 to multicast group 230.0.0.1:6666.
[2019.09.05-17.32.21:368][  0]SourceControl: Source control is disabled
[2019.09.05-17.32.21:368][  0]SourceControl: Source control is disabled
[2019.09.05-17.32.21:370][  0]SourceControl: Source control is disabled
[2019.09.05-17.32.21:371][  0]SourceControl: Source control is disabled
[2019.09.05-17.32.21:542][  0]LogAndroidPermission: UAndroidPermissionCallbackProxy::GetInstance
[2019.09.05-17.32.21:624][  0]LogOcInput: OculusInput pre-init called
[2019.09.05-17.32.21:768][  0]LogEngine: Initializing Engine...
[2019.09.05-17.32.21:769][  0]LogHMD: Failed to initialize OpenVR with code 110
[2019.09.05-17.32.21:771][  0]LogStats: UGameplayTagsManager::ConstructGameplayTagTree: ImportINI prefixes -  0.000 s
[2019.09.05-17.32.21:771][  0]LogStats: UGameplayTagsManager::ConstructGameplayTagTree: Construct from data asset -  0.000 s
[2019.09.05-17.32.21:771][  0]LogStats: UGameplayTagsManager::ConstructGameplayTagTree: ImportINI -  0.000 s
[2019.09.05-17.32.21:771][  0]LogStats: UGameplayTagsManager::ConstructGameplayTagTree: GameplayTagTreeChangedEvent.Broadcast -  0.000 s
[2019.09.05-17.32.22:041][  0]LogInit: Initializing FReadOnlyCVARCache
[2019.09.05-17.32.22:055][  0]LogAIModule: Creating AISystem for world Untitled
[2019.09.05-17.32.22:134][  0]LogInit: XAudio2 using 'Headphones (SteelSeries Arctis 5 Game)' : 2 channels at 48 kHz using 16 bits per sample (channel mask 0x3)
[2019.09.05-17.32.22:212][  0]LogInit: FAudioDevice initialized.
[2019.09.05-17.32.22:212][  0]LogNetVersion: Set ProjectVersion to 1.0.0.0. Version Checksum will be recalculated on next use.
[2019.09.05-17.32.22:350][  0]LogDerivedDataCache: Saved boot cache 0.14s 71MB C:/Users/Yannick/AppData/Local/UnrealEngine/4.21/DerivedDataCache/Boot.ddc.
[2019.09.05-17.32.22:358][  0]LogInit: Texture streaming: Enabled
[2019.09.05-17.32.22:374][  0]LogEngineSessionManager: EngineSessionManager initialized
[2019.09.05-17.32.22:389][  0]LogInit: Transaction tracking system initialized
[2019.09.05-17.32.22:429][  0]BlueprintLog: New page: Editor Load
[2019.09.05-17.32.22:512][  0]LocalizationService: Localization service is disabled
[2019.09.05-17.32.23:041][  0]LogCook: Display: Max memory allowance for cook 16384mb min free memory 0mb
[2019.09.05-17.32.23:042][  0]LogCook: Display: Mobile HDR setting 1
[2019.09.05-17.32.23:042][  0]LogGameplayTags: Display: UGameplayTagsManager::DoneAddingNativeTags. DelegateIsBound: 0
[2019.09.05-17.32.23:042][  0]LogStats: UGameplayTagsManager::ConstructGameplayTagTree: ImportINI prefixes -  0.000 s
[2019.09.05-17.32.23:042][  0]LogStats: UGameplayTagsManager::ConstructGameplayTagTree: Construct from data asset -  0.000 s
[2019.09.05-17.32.23:042][  0]LogStats: UGameplayTagsManager::ConstructGameplayTagTree: ImportINI -  0.000 s
[2019.09.05-17.32.23:042][  0]LogStats: UGameplayTagsManager::ConstructGameplayTagTree: GameplayTagTreeChangedEvent.Broadcast -  0.000 s
[2019.09.05-17.32.23:211][  0]LogFileCache: Scanning file cache for directory 'C:/Users/Yannick/Documents/Unreal Projects/ProjectZombies/Content/' took 0.04s
[2019.09.05-17.32.23:211][  0]SourceControl: Source control is disabled
[2019.09.05-17.32.23:211][  0]Cmd: MAP LOAD FILE="../../../../../../Users/Yannick/Documents/Unreal Projects/ProjectZombies/Content/Maps/mainmenu.umap" TEMPLATE=0 SHOWPROGRESS=1 FEATURELEVEL=3
[2019.09.05-17.32.23:221][  0]LightingResults: New page: Lighting Build
[2019.09.05-17.32.23:224][  0]MapCheck: New page: Map Check
[2019.09.05-17.32.23:225][  0]LightingResults: New page: Lighting Build
[2019.09.05-17.32.23:753][  0]LogAIModule: Creating AISystem for world mainmenu
[2019.09.05-17.32.23:754][  0]LogEditorServer: Finished looking for orphan Actors (0.000 secs)
[2019.09.05-17.32.23:779][  0]Cmd: MAP CHECKDEP NOCLEARLOG
[2019.09.05-17.32.23:780][  0]MapCheck: Map check complete: 0 Error(s), 0 Warning(s), took 0.205ms to complete.
[2019.09.05-17.32.23:780][  0]LogFileHelpers: Loading map 'mainmenu' took 0.568
[2019.09.05-17.32.24:119][  0]LogSlate: Updating window title bar state: overlay mode, drag disabled, window buttons hidden, title bar hidden
[2019.09.05-17.32.24:131][  0]LogSlate: Updating window title bar state: overlay mode, drag disabled, window buttons hidden, title bar hidden
[2019.09.05-17.32.24:140][  0]LogSlate: Updating window title bar state: overlay mode, drag disabled, window buttons hidden, title bar hidden
[2019.09.05-17.32.24:148][  0]LogSlate: Updating window title bar state: overlay mode, drag disabled, window buttons hidden, title bar hidden
[2019.09.05-17.32.24:168][  0]LogCollectionManager: Loaded 0 collections in 0.001884 seconds
[2019.09.05-17.32.24:206][  0]LogFileCache: Scanning file cache for directory 'C:/Users/Yannick/Documents/Unreal Projects/ProjectZombies/Saved/Collections/' took 0.01s
[2019.09.05-17.32.24:206][  0]LogFileCache: Scanning file cache for directory 'C:/Users/Yannick/Documents/Unreal Projects/ProjectZombies/Content/Developers/Yannick/Collections/' took 0.00s
[2019.09.05-17.32.24:206][  0]LogFileCache: Scanning file cache for directory 'C:/Users/Yannick/Documents/Unreal Projects/ProjectZombies/Content/Collections/' took 0.00s
[2019.09.05-17.32.24:206][  0]LogCollectionManager: Rebuilt the GUID cache for 0 collections in 0.000000 seconds
[2019.09.05-17.32.24:220][  0]LogContentBrowser: Native class hierarchy populated in 0.0117 seconds. Added 2654 classes and 624 folders.
[2019.09.05-17.32.24:254][  0]LogContentBrowser: Native class hierarchy updated for 'WidgetCarousel' in 0.0003 seconds. Added 0 classes and 0 folders.
[2019.09.05-17.32.24:271][  0]LogPakFile: Registered encryption key '00000000000000000000000000000000': 0 pak files mounted, 0 remain pending
[2019.09.05-17.32.24:281][  0]LogPakFile: Registered encryption key '00000000000000000000000000000000': 0 pak files mounted, 0 remain pending
[2019.09.05-17.32.24:300][  0]LogPakFile: Registered encryption key '00000000000000000000000000000000': 0 pak files mounted, 0 remain pending
[2019.09.05-17.32.24:307][  0]LogPakFile: Registered encryption key '00000000000000000000000000000000': 0 pak files mounted, 0 remain pending
[2019.09.05-17.32.24:314][  0]LogPakFile: Registered encryption key '00000000000000000000000000000000': 0 pak files mounted, 0 remain pending
[2019.09.05-17.32.24:320][  0]LogPakFile: Registered encryption key '00000000000000000000000000000000': 0 pak files mounted, 0 remain pending
[2019.09.05-17.32.24:330][  0]LogPakFile: Registered encryption key '00000000000000000000000000000000': 0 pak files mounted, 0 remain pending
[2019.09.05-17.32.24:356][  0]LogPakFile: Registered encryption key '00000000000000000000000000000000': 0 pak files mounted, 0 remain pending
[2019.09.05-17.32.24:363][  0]LogPakFile: Registered encryption key '00000000000000000000000000000000': 0 pak files mounted, 0 remain pending
[2019.09.05-17.32.24:376][  0]LogPakFile: Registered encryption key '00000000000000000000000000000000': 0 pak files mounted, 0 remain pending
[2019.09.05-17.32.24:382][  0]LogPakFile: Registered encryption key '00000000000000000000000000000000': 0 pak files mounted, 0 remain pending
[2019.09.05-17.32.24:391][  0]LogPakFile: Registered encryption key '00000000000000000000000000000000': 0 pak files mounted, 0 remain pending
[2019.09.05-17.32.24:405][  0]LogPakFile: Registered encryption key '00000000000000000000000000000000': 0 pak files mounted, 0 remain pending
[2019.09.05-17.32.24:421][  0]LogPakFile: Registered encryption key '00000000000000000000000000000000': 0 pak files mounted, 0 remain pending
[2019.09.05-17.32.24:427][  0]LogPakFile: Registered encryption key '00000000000000000000000000000000': 0 pak files mounted, 0 remain pending
[2019.09.05-17.32.24:435][  0]LogPakFile: Registered encryption key '00000000000000000000000000000000': 0 pak files mounted, 0 remain pending
[2019.09.05-17.32.24:468][  0]LogPakFile: Registered encryption key '00000000000000000000000000000000': 0 pak files mounted, 0 remain pending
[2019.09.05-17.32.24:475][  0]LogPakFile: Registered encryption key '00000000000000000000000000000000': 0 pak files mounted, 0 remain pending
[2019.09.05-17.32.24:482][  0]LogPakFile: Registered encryption key '00000000000000000000000000000000': 0 pak files mounted, 0 remain pending
[2019.09.05-17.32.24:487][  0]LogPakFile: Registered encryption key '00000000000000000000000000000000': 0 pak files mounted, 0 remain pending
[2019.09.05-17.32.24:515][  0]LogPakFile: Registered encryption key '00000000000000000000000000000000': 0 pak files mounted, 0 remain pending
[2019.09.05-17.32.24:520][  0]LogPakFile: Registered encryption key '00000000000000000000000000000000': 0 pak files mounted, 0 remain pending
[2019.09.05-17.32.24:527][  0]LogPakFile: Registered encryption key '00000000000000000000000000000000': 0 pak files mounted, 0 remain pending
[2019.09.05-17.32.24:534][  0]LogPakFile: Registered encryption key '00000000000000000000000000000000': 0 pak files mounted, 0 remain pending
[2019.09.05-17.32.24:541][  0]LogPakFile: Registered encryption key '00000000000000000000000000000000': 0 pak files mounted, 0 remain pending
[2019.09.05-17.32.24:546][  0]LogPakFile: Registered encryption key '00000000000000000000000000000000': 0 pak files mounted, 0 remain pending
[2019.09.05-17.32.24:740][  0]LogContentBrowser: Native class hierarchy updated for 'AddContentDialog' in 0.0002 seconds. Added 0 classes and 0 folders.
[2019.09.05-17.32.24:753][  0]LogContentBrowser: Native class hierarchy updated for 'SceneOutliner' in 0.0003 seconds. Added 1 classes and 2 folders.
[2019.09.05-17.32.24:950][  0]LogSlate: Took 0.000224 seconds to synchronously load lazily loaded font '../../../Engine/Content/Slate/Fonts/Roboto-Regular.ttf' (155K)
[2019.09.05-17.32.24:953][  0]LogSlate: Took 0.000253 seconds to synchronously load lazily loaded font '../../../Engine/Content/Slate/Fonts/Roboto-Bold.ttf' (160K)
[2019.09.05-17.32.24:981][  0]LogSlate: Took 0.016474 seconds to synchronously load lazily loaded font '../../../Engine/Content/Editor/Slate/Fonts/FontAwesome.ttf' (139K)
[2019.09.05-17.32.25:200][  0]LogRenderer: Reallocating scene render targets to support 1208x576 Format 10 NumSamples 1 (Frame:1).
[2019.09.05-17.32.25:438][  0]LogContentBrowser: Native class hierarchy updated for 'HierarchicalLODOutliner' in 0.0004 seconds. Added 0 classes and 0 folders.
[2019.09.05-17.32.25:438][  0]LogLoad: (Engine Initialization) Total time: 12.39 seconds
[2019.09.05-17.32.25:438][  0]LogLoad: (Engine Initialization) Total Blueprint compile time: 0.00 seconds
[2019.09.05-17.32.25:457][  0]LogWindowsTextInputMethodSystem: Display: IME system now deactivated.
[2019.09.05-17.32.25:525][  0]LogContentStreaming: Texture pool size now 1000 MB
[2019.09.05-17.32.25:555][  0]LogSlate: Took 0.005143 seconds to synchronously load lazily loaded font '../../../Engine/Content/Slate/Fonts/Roboto-Light.ttf' (167K)
[2019.09.05-17.32.25:778][  3]LogAssetRegistry: Asset discovery search completed in 7.7052 seconds
[2019.09.05-17.32.25:785][  3]LogCollectionManager: Rebuilt the object cache for 0 collections in 0.000000 seconds (found 0 objects)
[2019.09.05-17.32.25:785][  3]LogCollectionManager: Fixed up redirectors for 0 collections in 0.000062 seconds (updated 0 objects)
[2019.09.05-17.32.32:714][344]LogSlate: FSceneViewport::OnFocusLost() reason 0
[2019.09.05-17.32.35:473][509]LogSlate: Took 0.000155 seconds to synchronously load lazily loaded font '../../../Engine/Content/Slate/Fonts/Roboto-Light.ttf' (167K)
[2019.09.05-17.32.35:481][509]LogAssetEditorManager: Opening Asset editor for WidgetBlueprint /Game/Ui/MainMenu/errordialog.errordialog
[2019.09.05-17.32.36:143][509]LogContentBrowser: Native class hierarchy updated for 'BlueprintGraph' in 0.0005 seconds. Added 117 classes and 0 folders.
[2019.09.05-17.32.37:075][509]LogSlate: Took 0.005538 seconds to synchronously load lazily loaded font '../../../Engine/Content/Slate/Fonts/Roboto-BoldCondensed.ttf' (158K)
[2019.09.05-17.32.38:776][609]LogSlate: Window 'errordialog' being destroyed
[2019.09.05-17.32.38:780][609]LogSlate: Window 'errordialog' being destroyed
[2019.09.05-17.33.20:309][669]LogAssetEditorManager: Opening Asset editor for WidgetBlueprint /Game/Ui/MainMenu/errordialog.errordialog
[2019.09.05-17.33.27:647][ 79]LogSlate: Window 'errordialog' being destroyed
[2019.09.05-17.33.27:651][ 79]LogSlate: Window 'errordialog' being destroyed
[2019.09.05-17.34.35:553][579]LogTemp: Repeating last play command: Standalone Game
[2019.09.05-17.38.51:284][858]LogAssetEditorManager: Opening Asset editor for WidgetBlueprint /Game/Ui/MainMenu/hostmenu.hostmenu
[2019.09.05-17.38.53:345][933]LogSlate: Took 0.005898 seconds to synchronously load lazily loaded font '../../../Engine/Content/Slate/Fonts/Roboto-Italic.ttf' (157K)
[2019.09.05-17.39.20:937][533]LogSlate: Window 'hostmenu' being destroyed
[2019.09.05-17.39.20:943][533]LogSlate: Window 'hostmenu' being destroyed
[2019.09.05-17.39.23:755][698]LogAssetEditorManager: Opening Asset editor for WidgetBlueprint /Game/Ui/MainMenu/servermenu.servermenu
[2019.09.05-17.39.33:209][215]LogSlate: Window 'servermenu*' being destroyed
[2019.09.05-17.39.33:214][215]LogSlate: Window 'servermenu*' being destroyed
[2019.09.05-17.40.02:714][499]Cmd: OBJ SAVEPACKAGE PACKAGE="/Game/Maps/mainmenu" FILE="../../../../../../Users/Yannick/Documents/Unreal Projects/ProjectZombies/Content/Maps/mainmenu.umap" SILENT=true AUTOSAVING=false KEEPDIRTY=false
[2019.09.05-17.40.02:993][499]LogSavePackage: Moving '../../../../../../Users/Yannick/Documents/Unreal Projects/ProjectZombies/Saved/mainmenu856930164A8275DB9D6E54B0F5FDA762.tmp' to '../../../../../../Users/Yannick/Documents/Unreal Projects/ProjectZombies/Content/Maps/mainmenu.umap'
[2019.09.05-17.40.05:921][669]LogAssetEditorManager: Opening Asset editor for WidgetBlueprint /Game/Ui/MainMenu/servermenu.servermenu
[2019.09.05-17.40.07:893][754]BlueprintLog: New page: Compile servermenu
[2019.09.05-17.40.08:676][775]Cmd: OBJ SAVEPACKAGE PACKAGE="/Game/Ui/MainMenu/servermenu" FILE="../../../../../../Users/Yannick/Documents/Unreal Projects/ProjectZombies/Content/Ui/MainMenu/servermenu.uasset" SILENT=true
[2019.09.05-17.40.08:811][775]LogSavePackage: Moving '../../../../../../Users/Yannick/Documents/Unreal Projects/ProjectZombies/Saved/servermenuCC9A981B4A57236DF4E3BE9F1901CF82.tmp' to '../../../../../../Users/Yannick/Documents/Unreal Projects/ProjectZombies/Content/Ui/MainMenu/servermenu.uasset'
[2019.09.05-17.40.09:762][831]LogSlate: Window 'servermenu' being destroyed
[2019.09.05-17.40.09:766][831]LogSlate: Window 'servermenu' being destroyed
[2019.09.05-17.40.18:522][122]LogAssetEditorManager: Opening Asset editor for WidgetBlueprint /Game/Ui/MainMenu/servermenu.servermenu
[2019.09.05-17.41.20:270][584]Cmd: OBJ SAVEPACKAGE PACKAGE="/Game/Ui/MainMenu/servermenu" FILE="../../../../../../Users/Yannick/Documents/Unreal Projects/ProjectZombies/Content/Ui/MainMenu/servermenu.uasset" SILENT=true
[2019.09.05-17.41.20:396][584]LogSavePackage: Moving '../../../../../../Users/Yannick/Documents/Unreal Projects/ProjectZombies/Saved/servermenuCC46E8F44E9DDCB46BBAB28A364B11F4.tmp' to '../../../../../../Users/Yannick/Documents/Unreal Projects/ProjectZombies/Content/Ui/MainMenu/servermenu.uasset'
[2019.09.05-17.41.22:729][720]LogSlate: Window 'servermenu' being destroyed
[2019.09.05-17.41.22:738][720]LogSlate: Window 'servermenu' being destroyed
[2019.09.05-17.41.24:270][808]LogAssetEditorManager: Opening Asset editor for WidgetBlueprint /Game/Ui/MainMenu/hostmenu.hostmenu
[2019.09.05-17.43.04:756][482]LogSlate: Window 'hostmenu' being destroyed
[2019.09.05-17.43.04:761][482]LogSlate: Window 'hostmenu' being destroyed
[2019.09.05-17.43.06:292][569]LogTemp: Repeating last play command: Standalone Game
[2019.09.05-17.44.38:436][413]LogTemp: Repeating last play command: Standalone Game
[2019.09.05-17.46.22:665][882]LogAssetEditorManager: Opening Asset editor for WidgetBlueprint /Game/Ui/MainMenu/servermenu.servermenu
[2019.09.05-17.46.44:275][962]BlueprintLog: New page: Compile servermenu
[2019.09.05-17.46.44:941][979]Cmd: OBJ SAVEPACKAGE PACKAGE="/Game/Ui/MainMenu/servermenu" FILE="../../../../../../Users/Yannick/Documents/Unreal Projects/ProjectZombies/Content/Ui/MainMenu/servermenu.uasset" SILENT=true
[2019.09.05-17.46.45:093][979]LogSavePackage: Moving '../../../../../../Users/Yannick/Documents/Unreal Projects/ProjectZombies/Saved/servermenu61DE3F1A49BDC6343D4B6EA187F5AF4B.tmp' to '../../../../../../Users/Yannick/Documents/Unreal Projects/ProjectZombies/Content/Ui/MainMenu/servermenu.uasset'
[2019.09.05-17.46.45:093][979]LogFileManager: Warning: DeleteFile was unable to delete '../../../../../../Users/Yannick/Documents/Unreal Projects/ProjectZombies/Content/Ui/MainMenu/servermenu.uasset', retrying in .5s...
[2019.09.05-17.46.45:594][979]LogFileManager: Error: Error deleting file '../../../../../../Users/Yannick/Documents/Unreal Projects/ProjectZombies/Content/Ui/MainMenu/servermenu.uasset'.
[2019.09.05-17.46.45:594][979]LogSavePackage: Error: Error saving '../../../../../../Users/Yannick/Documents/Unreal Projects/ProjectZombies/Content/Ui/MainMenu/servermenu.uasset'
[2019.09.05-17.46.57:498][979]LogSlate: Window 'Message' being destroyed
[2019.09.05-17.46.57:503][979]Cmd: OBJ SAVEPACKAGE PACKAGE="/Game/Ui/MainMenu/servermenu" FILE="../../../../../../Users/Yannick/Documents/Unreal Projects/ProjectZombies/Content/Ui/MainMenu/servermenu.uasset" SILENT=true
[2019.09.05-17.46.57:632][979]LogSavePackage: Moving '../../../../../../Users/Yannick/Documents/Unreal Projects/ProjectZombies/Saved/servermenu831540284A76C18F8CD602A00D1D548B.tmp' to '../../../../../../Users/Yannick/Documents/Unreal Projects/ProjectZombies/Content/Ui/MainMenu/servermenu.uasset'
[2019.09.05-17.46.57:641][979]EditorErrors: New page: Save Output
[2019.09.05-17.46.57:641][979]EditorErrors: Warning: Error saving '../../../../../../Users/Yannick/Documents/Unreal Projects/ProjectZombies/Content/Ui/MainMenu/servermenu.uasset'
[2019.09.05-17.47.00:089][110]LogSlate: Window 'Message Log' being destroyed
[2019.09.05-17.47.00:098][110]LogSlate: Window 'Message Log' being destroyed
[2019.09.05-17.47.00:820][151]BlueprintLog: New page: Compile servermenu
[2019.09.05-17.47.01:750][187]Cmd: OBJ SAVEPACKAGE PACKAGE="/Game/Ui/MainMenu/servermenu" FILE="../../../../../../Users/Yannick/Documents/Unreal Projects/ProjectZombies/Content/Ui/MainMenu/servermenu.uasset" SILENT=true
[2019.09.05-17.47.01:881][187]LogSavePackage: Moving '../../../../../../Users/Yannick/Documents/Unreal Projects/ProjectZombies/Saved/servermenu4821DA5748B379F66399B299C9734D2D.tmp' to '../../../../../../Users/Yannick/Documents/Unreal Projects/ProjectZombies/Content/Ui/MainMenu/servermenu.uasset'
[2019.09.05-17.47.03:621][288]LogTemp: Repeating last play command: Standalone Game
[2019.09.05-17.51.25:381][929]LogFileHelpers: Editor autosave (incl. sublevels) for '/Game/Maps/mainmenu' took 0.049
[2019.09.05-17.51.25:387][929]OBJ SavePackage: Generating thumbnails for [0] asset(s) in package [/Game/Ui/MainMenu/servermenu] ([1] browsable assets)...
[2019.09.05-17.51.25:387][929]OBJ SavePackage: Finished generating thumbnails for package [/Game/Ui/MainMenu/servermenu]
[2019.09.05-17.51.25:591][929]LogSavePackage: Moving '../../../../../../Users/Yannick/Documents/Unreal Projects/ProjectZombies/Saved/servermenu_Auto1C77CDC984B2AD5693EF8F9911F5E2D84.tmp' to '../../../../../../Users/Yannick/Documents/Unreal Projects/ProjectZombies/Saved/Autosaves/Game/Ui/MainMenu/servermenu_Auto1.uasset'
[2019.09.05-17.51.25:596][929]LogFileHelpers: Auto-saving content packages took 0.212
[2019.09.05-18.01.18:924][360]LogSlate: Window 'Save Content' being destroyed
[2019.09.05-18.01.18:964][360]Cmd: OBJ SAVEPACKAGE PACKAGE="/Game/Ui/MainMenu/servermenu" FILE="../../../../../../Users/Yannick/Documents/Unreal Projects/ProjectZombies/Content/Ui/MainMenu/servermenu.uasset" SILENT=true
[2019.09.05-18.01.19:165][360]LogSavePackage: Moving '../../../../../../Users/Yannick/Documents/Unreal Projects/ProjectZombies/Saved/servermenu6A77850641BC94AA2E075DABA498204F.tmp' to '../../../../../../Users/Yannick/Documents/Unreal Projects/ProjectZombies/Content/Ui/MainMenu/servermenu.uasset'
[2019.09.05-18.01.19:339][360]LogSlate: Window 'servermenu' being destroyed
[2019.09.05-18.01.19:398][360]LogSlate: Window 'ProjectZombies - Unreal Editor' being destroyed
[2019.09.05-18.01.19:399][360]LogWindowsTextInputMethodSystem: Display: IME system now deactivated.
[2019.09.05-18.01.19:673][361]Cmd: QUIT_EDITOR
[2019.09.05-18.01.19:759][361]LogExit: Preparing to exit.
[2019.09.05-18.01.20:574][361]LogExit: Editor shut down
[2019.09.05-18.01.20:575][361]LogExit: Transaction tracking system shut down
[2019.09.05-18.01.21:048][361]LogExit: Object subsystem successfully closed.
[2019.09.05-18.01.21:088][361]LogShaderCompilers: Display: Shaders left to compile 0
[2019.09.05-18.01.21:104][361]LogD3D11RHI: Shutdown
[2019.09.05-18.01.21:104][361]LogD3D11RHI: CleanupD3DDevice
[2019.09.05-18.01.21:110][361]LogD3D11RHI: ~FD3D11DynamicRHI
[2019.09.05-18.01.21:210][361]LogModuleManager: Shutting down and abandoning module SequencerWidgets (628)
[2019.09.05-18.01.21:210][361]LogModuleManager: Shutting down and abandoning module BlueprintGraph (626)
[2019.09.05-18.01.21:210][361]LogModuleManager: Shutting down and abandoning module HierarchicalLODOutliner (624)
[2019.09.05-18.01.21:210][361]LogModuleManager: Shutting down and abandoning module SceneOutliner (622)
[2019.09.05-18.01.21:211][361]LogModuleManager: Shutting down and abandoning module AddContentDialog (620)
[2019.09.05-18.01.21:213][361]LogModuleManager: Shutting down and abandoning module WidgetCarousel (619)
[2019.09.05-18.01.21:213][361]LogModuleManager: Shutting down and abandoning module EditorWidgets (616)
[2019.09.05-18.01.21:213][361]LogModuleManager: Shutting down and abandoning module CollectionManager (614)
[2019.09.05-18.01.21:214][361]LogModuleManager: Shutting down and abandoning module StatsViewer (612)
[2019.09.05-18.01.21:215][361]LogModuleManager: Shutting down and abandoning module FoliageEdit (610)
[2019.09.05-18.01.21:216][361]LogModuleManager: Shutting down and abandoning module LandscapeEditor (608)
[2019.09.05-18.01.21:218][361]LogModuleManager: Shutting down and abandoning module MeshPaintMode (606)
[2019.09.05-18.01.21:218][361]LogModuleManager: Shutting down and abandoning module SceneDepthPickerMode (604)
[2019.09.05-18.01.21:218][361]LogModuleManager: Shutting down and abandoning module ActorPickerMode (602)
[2019.09.05-18.01.21:218][361]LogModuleManager: Shutting down and abandoning module GeometryMode (600)
[2019.09.05-18.01.21:218][361]LogModuleManager: Shutting down and abandoning module TextureAlignMode (598)
[2019.09.05-18.01.21:218][361]LogModuleManager: Shutting down and abandoning module BspMode (596)
[2019.09.05-18.01.21:218][361]LogModuleManager: Shutting down and abandoning module PIEPreviewDeviceProfileSelector (594)
[2019.09.05-18.01.21:219][361]LogModuleManager: Shutting down and abandoning module SequenceRecorderSections (592)
[2019.09.05-18.01.21:219][361]LogModuleManager: Shutting down and abandoning module AutomationWorker (590)
[2019.09.05-18.01.21:219][361]LogModuleManager: Shutting down and abandoning module AudioCaptureEditor (588)
[2019.09.05-18.01.21:219][361]LogModuleManager: Shutting down and abandoning module MatineeToLevelSequence (586)
[2019.09.05-18.01.21:219][361]LogModuleManager: Shutting down and abandoning module LevelSequenceEditor (584)
[2019.09.05-18.01.21:220][361]LogModuleManager: Shutting down and abandoning module PlacementMode (583)
[2019.09.05-18.01.21:220][361]LogModuleManager: Shutting down and abandoning module MaterialEditor (582)
[2019.09.05-18.01.21:222][361]LogModuleManager: Shutting down and abandoning module WmfMediaFactory (578)
[2019.09.05-18.01.21:222][361]LogModuleManager: Shutting down and abandoning module WmfMediaEditor (576)
[2019.09.05-18.01.21:222][361]LogModuleManager: Shutting down and abandoning module WebMMediaFactory (574)
[2019.09.05-18.01.21:222][361]LogModuleManager: Shutting down and abandoning module WebMMediaEditor (572)
[2019.09.05-18.01.21:222][361]LogModuleManager: Shutting down and abandoning module WebMMedia (570)
[2019.09.05-18.01.21:222][361]LogModuleManager: Shutting down and abandoning module MediaPlayerEditor (568)
[2019.09.05-18.01.21:224][361]LogModuleManager: Shutting down and abandoning module MediaCompositingEditor (566)
[2019.09.05-18.01.21:226][361]LogModuleManager: Shutting down and abandoning module SequenceRecorder (565)
[2019.09.05-18.01.21:226][361]LogModuleManager: Shutting down and abandoning module OpenExrWrapper (562)
[2019.09.05-18.01.21:226][361]LogModuleManager: Shutting down and abandoning module ImgMediaFactory (560)
[2019.09.05-18.01.21:226][361]LogModuleManager: Shutting down and abandoning module ImgMediaEditor (558)
[2019.09.05-18.01.21:226][361]LogModuleManager: Shutting down and abandoning module AvfMediaFactory (556)
[2019.09.05-18.01.21:226][361]LogModuleManager: Shutting down and abandoning module AvfMediaEditor (554)
[2019.09.05-18.01.21:226][361]LogModuleManager: Shutting down and abandoning module AndroidMediaFactory (552)
[2019.09.05-18.01.21:226][361]LogModuleManager: Shutting down and abandoning module AndroidMediaEditor (550)
[2019.09.05-18.01.21:226][361]LogModuleManager: Shutting down and abandoning module MagicLeapCameraPreviewFactory (548)
[2019.09.05-18.01.21:226][361]LogModuleManager: Shutting down and abandoning module MagicLeapMediaFactory (546)
[2019.09.05-18.01.21:226][361]LogModuleManager: Shutting down and abandoning module MagicLeapMediaEditor (544)
[2019.09.05-18.01.21:226][361]LogModuleManager: Shutting down and abandoning module CharacterAI (542)
[2019.09.05-18.01.21:227][361]LogModuleManager: Shutting down and abandoning module SmartSnapping (540)
[2019.09.05-18.01.21:227][361]LogModuleManager: Shutting down and abandoning module SessionServices (538)
[2019.09.05-18.01.21:227][361]LogModuleManager: Shutting down and abandoning module ViewportSnapping (536)
[2019.09.05-18.01.21:227][361]LogModuleManager: Shutting down and abandoning module ViewportInteraction (534)
[2019.09.05-18.01.21:227][361]LogModuleManager: Shutting down and abandoning module ClothPainter (532)
[2019.09.05-18.01.21:227][361]LogModuleManager: Shutting down and abandoning module SkeletalMeshEditor (531)
[2019.09.05-18.01.21:228][361]LogModuleManager: Shutting down and abandoning module LogVisualizer (528)
[2019.09.05-18.01.21:230][361]LogModuleManager: Shutting down and abandoning module IntroTutorials (526)
[2019.09.05-18.01.21:232][361]LogModuleManager: Shutting down and abandoning module GameProjectGeneration (525)
[2019.09.05-18.01.21:233][361]LogModuleManager: Shutting down and abandoning module LuminPlatformEditor (522)
[2019.09.05-18.01.21:233][361]LogModuleManager: Shutting down and abandoning module IOSPlatformEditor (520)
[2019.09.05-18.01.21:233][361]LogModuleManager: Shutting down and abandoning module HTML5PlatformEditor (518)
[2019.09.05-18.01.21:233][361]LogModuleManager: Shutting down and abandoning module AndroidPlatformEditor (516)
[2019.09.05-18.01.21:233][361]LogModuleManager: Shutting down and abandoning module AndroidDeviceDetection (515)
[2019.09.05-18.01.21:711][361]LogModuleManager: Shutting down and abandoning module WindowsPlatformEditor (512)
[2019.09.05-18.01.21:711][361]LogModuleManager: Shutting down and abandoning module LuminRuntimeSettings (510)
[2019.09.05-18.01.21:711][361]LogModuleManager: Shutting down and abandoning module IOSRuntimeSettings (508)
[2019.09.05-18.01.21:711][361]LogModuleManager: Shutting down and abandoning module AndroidRuntimeSettings (506)
[2019.09.05-18.01.21:711][361]LogModuleManager: Shutting down and abandoning module TimeManagementEditor (504)
[2019.09.05-18.01.21:711][361]LogModuleManager: Shutting down and abandoning module InputBindingEditor (502)
[2019.09.05-18.01.21:712][361]LogModuleManager: Shutting down and abandoning module MergeActors (500)
[2019.09.05-18.01.21:712][361]LogModuleManager: Shutting down and abandoning module LocalizationDashboard (498)
[2019.09.05-18.01.21:713][361]LogModuleManager: Shutting down and abandoning module LocalizationService (497)
[2019.09.05-18.01.21:714][361]LogModuleManager: Shutting down and abandoning module HardwareTargeting (494)
[2019.09.05-18.01.21:714][361]LogModuleManager: Shutting down and abandoning module DeviceProfileEditor (492)
[2019.09.05-18.01.21:714][361]LogModuleManager: Shutting down and abandoning module UndoHistory (490)
[2019.09.05-18.01.21:714][361]LogModuleManager: Shutting down and abandoning module XmlParser (488)
[2019.09.05-18.01.21:714][361]LogModuleManager: Shutting down and abandoning module Blutility (486)
[2019.09.05-18.01.21:714][361]LogModuleManager: Shutting down and abandoning module ProjectSettingsViewer (484)
[2019.09.05-18.01.21:715][361]LogModuleManager: Shutting down and abandoning module ProjectTargetPlatformEditor (483)
[2019.09.05-18.01.21:715][361]LogModuleManager: Shutting down and abandoning module EditorSettingsViewer (480)
[2019.09.05-18.01.21:715][361]LogModuleManager: Shutting down and abandoning module SettingsEditor (478)
[2019.09.05-18.01.21:716][361]LogModuleManager: Shutting down and abandoning module ProjectLauncher (476)
[2019.09.05-18.01.21:716][361]LogModuleManager: Shutting down and abandoning module SessionFrontend (474)
[2019.09.05-18.01.21:717][361]LogModuleManager: Shutting down and abandoning module ProfilerClient (472)
[2019.09.05-18.01.21:717][361]LogModuleManager: Shutting down and abandoning module DeviceManager (470)
[2019.09.05-18.01.21:718][361]LogModuleManager: Shutting down and abandoning module TargetDeviceServices (469)
[2019.09.05-18.01.21:783][361]LogModuleManager: Shutting down and abandoning module AutomationController (466)
[2019.09.05-18.01.21:783][361]LogModuleManager: Shutting down and abandoning module AutomationWindow (464)
[2019.09.05-18.01.21:784][361]LogModuleManager: Shutting down and abandoning module Layers (462)
[2019.09.05-18.01.21:785][361]LogModuleManager: Shutting down and abandoning module ComponentVisualizers (460)
[2019.09.05-18.01.21:785][361]LogModuleManager: Shutting down and abandoning module DetailCustomizations (458)
[2019.09.05-18.01.21:786][361]LogModuleManager: Shutting down and abandoning module PackagesDialog (456)
[2019.09.05-18.01.21:787][361]LogModuleManager: Shutting down and abandoning module Persona (454)
[2019.09.05-18.01.21:787][361]LogModuleManager: Shutting down and abandoning module AdvancedPreviewScene (453)
[2019.09.05-18.01.21:788][361]LogModuleManager: Shutting down and abandoning module AnimGraph (451)
[2019.09.05-18.01.21:788][361]LogModuleManager: Shutting down and abandoning module Kismet (448)
[2019.09.05-18.01.21:797][361]LogModuleManager: Shutting down and abandoning module GraphEditor (446)
[2019.09.05-18.01.21:797][361]LogModuleManager: Shutting down and abandoning module ClassViewer (444)
[2019.09.05-18.01.21:798][361]LogModuleManager: Shutting down and abandoning module Toolbox (442)
[2019.09.05-18.01.21:798][361]LogModuleManager: Shutting down and abandoning module ModuleUI (440)
[2019.09.05-18.01.21:798][361]LogModuleManager: Shutting down and abandoning module MovieSceneTools (438)
[2019.09.05-18.01.21:798][361]LogModuleManager: Shutting down and abandoning module OutputLog (436)
[2019.09.05-18.01.21:798][361]LogModuleManager: Shutting down and abandoning module GammaUI (434)
[2019.09.05-18.01.21:798][361]LogModuleManager: Shutting down and abandoning module Documentation (432)
[2019.09.05-18.01.21:799][361]LogModuleManager: Shutting down and abandoning module MovieSceneTracks (430)
[2019.09.05-18.01.21:799][361]LogModuleManager: Shutting down and abandoning module MovieScene (428)
[2019.09.05-18.01.21:799][361]LogModuleManager: Shutting down and abandoning module StreamingPauseRendering (426)
[2019.09.05-18.01.21:799][361]LogModuleManager: Shutting down and abandoning module LauncherPlatform (424)
[2019.09.05-18.01.21:799][361]LogModuleManager: Shutting down and abandoning module AnalyticsET (422)
[2019.09.05-18.01.21:799][361]LogModuleManager: Shutting down and abandoning module PortalServices (420)
[2019.09.05-18.01.21:799][361]LogModuleManager: Shutting down and abandoning module PortalRpc (418)
[2019.09.05-18.01.21:799][361]LogModuleManager: Shutting down and abandoning module MessagingRpc (416)
[2019.09.05-18.01.21:799][361]LogModuleManager: Shutting down and abandoning module AIModule (414)
[2019.09.05-18.01.21:799][361]LogModuleManager: Shutting down and abandoning module GameplayDebugger (413)
[2019.09.05-18.01.21:799][361]LogModuleManager: Shutting down and abandoning module AITestSuite (411)
[2019.09.05-18.01.21:799][361]LogModuleManager: Shutting down and abandoning module NavigationSystem (409)
[2019.09.05-18.01.21:799][361]LogModuleManager: Shutting down and abandoning module DesktopPlatform (406)
[2019.09.05-18.01.21:799][361]LogModuleManager: Shutting down and abandoning module ImageWriteQueue (404)
[2019.09.05-18.01.21:804][361]LogModuleManager: Shutting down and abandoning module ProfilerService (402)
[2019.09.05-18.01.21:907][361]LogModuleManager: Shutting down and abandoning module TaskGraph (400)
[2019.09.05-18.01.21:907][361]LogModuleManager: Shutting down and abandoning module SteamVRController (398)
[2019.09.05-18.01.21:907][361]LogModuleManager: Shutting down and abandoning module ProceduralMeshComponentEditor (396)
[2019.09.05-18.01.21:907][361]LogModuleManager: Shutting down and abandoning module ProceduralMeshComponent (394)
[2019.09.05-18.01.21:907][361]LogModuleManager: Shutting down and abandoning module OculusInput (392)
[2019.09.05-18.01.21:907][361]LogModuleManager: Shutting down and abandoning module MobilePatchingUtils (390)
[2019.09.05-18.01.21:907][361]LogModuleManager: Shutting down and abandoning module EditableMesh (388)
[2019.09.05-18.01.21:908][361]LogModuleManager: Shutting down and abandoning module CustomMeshComponent (386)
[2019.09.05-18.01.21:908][361]LogModuleManager: Shutting down and abandoning module CableComponent (384)
[2019.09.05-18.01.21:908][361]LogModuleManager: Shutting down and abandoning module AudioCapture (382)
[2019.09.05-18.01.21:908][361]LogModuleManager: Shutting down and abandoning module ArchVisCharacter (380)
[2019.09.05-18.01.21:908][361]LogModuleManager: Shutting down and abandoning module AndroidPermission (378)
[2019.09.05-18.01.21:908][361]LogModuleManager: Shutting down and abandoning module NUTUnrealEngine4 (376)
[2019.09.05-18.01.21:908][361]LogModuleManager: Shutting down and abandoning module NetcodeUnitTest (374)
[2019.09.05-18.01.21:908][361]LogModuleManager: Shutting down and abandoning module MediaCompositing (372)
[2019.09.05-18.01.21:908][361]LogModuleManager: Shutting down and abandoning module LinearTimecode (370)
[2019.09.05-18.01.21:908][361]LogModuleManager: Shutting down and abandoning module ImgMedia (368)
[2019.09.05-18.01.21:915][361]LogModuleManager: Shutting down and abandoning module HTML5Networking (366)
[2019.09.05-18.01.21:915][361]LogModuleManager: Shutting down and abandoning module GeometryCacheTracks (364)
[2019.09.05-18.01.21:915][361]LogModuleManager: Shutting down and abandoning module GeometryCacheSequencer (362)
[2019.09.05-18.01.21:915][361]LogModuleManager: Shutting down and abandoning module BackChannel (360)
[2019.09.05-18.01.21:915][361]LogModuleManager: Shutting down and abandoning module AppleVision (358)
[2019.09.05-18.01.21:915][361]LogModuleManager: Shutting down and abandoning module AppleImageUtilsBlueprintSupport (356)
[2019.09.05-18.01.21:915][361]LogModuleManager: Shutting down and abandoning module AppleImageUtils (354)
[2019.09.05-18.01.21:915][361]LogModuleManager: Shutting down and abandoning module AlembicImporter (352)
[2019.09.05-18.01.21:915][361]LogModuleManager: Shutting down and abandoning module AlembicLibrary (351)
[2019.09.05-18.01.21:915][361]LogModuleManager: Shutting down and abandoning module GeometryCache (350)
[2019.09.05-18.01.21:915][361]LogModuleManager: Shutting down and abandoning module GeometryCacheEd (349)
[2019.09.05-18.01.21:915][361]LogModuleManager: Shutting down and abandoning module VariantManagerContent (344)
[2019.09.05-18.01.21:915][361]LogModuleManager: Shutting down and abandoning module DatasmithContentEditor (342)
[2019.09.05-18.01.21:916][361]LogModuleManager: Shutting down and abandoning module SpeedTreeImporter (340)
[2019.09.05-18.01.21:916][361]LogModuleManager: Shutting down and abandoning module PluginBrowser (338)
[2019.09.05-18.01.21:918][361]LogModuleManager: Shutting down and abandoning module MobileLauncherProfileWizard (336)
[2019.09.05-18.01.21:919][361]LogModuleManager: Shutting down and abandoning module PolygonModeling (334)
[2019.09.05-18.01.21:919][361]LogModuleManager: Shutting down and abandoning module MeshEditor (332)
[2019.09.05-18.01.21:919][361]LogModuleManager: Shutting down and abandoning module CryptoKeysOpenSSL (330)
[2019.09.05-18.01.21:919][361]LogModuleManager: Shutting down and abandoning module CryptoKeys (328)
[2019.09.05-18.01.21:919][361]LogModuleManager: Shutting down and abandoning module VisualStudioSourceCodeAccess (326)
[2019.09.05-18.01.21:919][361]LogModuleManager: Shutting down and abandoning module VisualStudioCodeSourceCodeAccess (324)
[2019.09.05-18.01.21:919][361]LogModuleManager: Shutting down and abandoning module UObjectPlugin (322)
[2019.09.05-18.01.21:919][361]LogModuleManager: Shutting down and abandoning module SubversionSourceControl (320)
[2019.09.05-18.01.21:919][361]LogModuleManager: Shutting down and abandoning module PerforceSourceControl (318)
[2019.09.05-18.01.21:920][361]LogModuleManager: Shutting down and abandoning module GitSourceControl (316)
[2019.09.05-18.01.21:921][361]LogModuleManager: Shutting down and abandoning module SourceControl (315)
[2019.09.05-18.01.21:921][361]LogModuleManager: Shutting down and abandoning module CLionSourceCodeAccess (312)
[2019.09.05-18.01.21:921][361]LogModuleManager: Shutting down and abandoning module ActorLayerUtilitiesEditor (310)
[2019.09.05-18.01.21:921][361]LogModuleManager: Shutting down and abandoning module ActorLayerUtilities (308)
[2019.09.05-18.01.21:921][361]LogModuleManager: Shutting down and abandoning module LightPropagationVolumeEditor (306)
[2019.09.05-18.01.21:921][361]LogModuleManager: Shutting down and abandoning module PaperTiledImporter (304)
[2019.09.05-18.01.21:921][361]LogModuleManager: Shutting down and abandoning module PaperSpriteSheetImporter (302)
[2019.09.05-18.01.21:921][361]LogModuleManager: Shutting down and abandoning module Paper2DEditor (300)
[2019.09.05-18.01.21:922][361]LogModuleManager: Shutting down and abandoning module MeshPaint (299)
[2019.09.05-18.01.21:922][361]LogModuleManager: Shutting down and abandoning module RuntimePhysXCooking (296)
[2019.09.05-18.01.21:922][361]LogModuleManager: Shutting down and abandoning module PhysXVehiclesEditor (294)
[2019.09.05-18.01.21:922][361]LogModuleManager: Shutting down and abandoning module PhysXVehicles (292)
[2019.09.05-18.01.21:922][361]LogModuleManager: Shutting down and abandoning module OculusEditor (290)
[2019.09.05-18.01.21:923][361]LogModuleManager: Shutting down and abandoning module LocationServicesBPLibrary (288)
[2019.09.05-18.01.21:923][361]LogModuleManager: Shutting down and abandoning module ActorSequence (286)
[2019.09.05-18.01.21:923][361]LogModuleManager: Shutting down and abandoning module UdpMessaging (284)
[2019.09.05-18.01.22:024][361]LogModuleManager: Shutting down and abandoning module TcpMessaging (282)
[2019.09.05-18.01.22:125][361]LogModuleManager: Shutting down and abandoning module MagicLeapAudio (280)
[2019.09.05-18.01.22:125][361]LogModuleManager: Shutting down and abandoning module GameplayTagsEditor (278)
[2019.09.05-18.01.22:126][361]LogModuleManager: Shutting down and abandoning module FacialAnimationEditor (276)
[2019.09.05-18.01.22:126][361]LogModuleManager: Shutting down and abandoning module FacialAnimation (274)
[2019.09.05-18.01.22:126][361]LogModuleManager: Shutting down and abandoning module DataValidation (272)
[2019.09.05-18.01.22:126][361]LogModuleManager: Shutting down and abandoning module AssetManagerEditor (270)
[2019.09.05-18.01.22:126][361]LogModuleManager: Shutting down and abandoning module LevelEditor (269)
[2019.09.05-18.01.22:128][361]LogModuleManager: Shutting down and abandoning module PixelInspectorModule (268)
[2019.09.05-18.01.22:129][361]LogModuleManager: Shutting down and abandoning module CommonMenuExtensions (266)
[2019.09.05-18.01.22:129][361]LogModuleManager: Shutting down and abandoning module MainFrame (264)
[2019.09.05-18.01.22:129][361]LogModuleManager: Shutting down and abandoning module HotReload (263)
[2019.09.05-18.01.22:130][361]LogModuleManager: Shutting down and abandoning module ContentBrowser (259)
[2019.09.05-18.01.22:131][361]LogModuleManager: Shutting down and abandoning module TreeMap (257)
[2019.09.05-18.01.22:131][361]LogModuleManager: Shutting down and abandoning module LightPropagationVolumeRuntime (254)
[2019.09.05-18.01.22:131][361]LogModuleManager: Shutting down and abandoning module AISupportModule (252)
[2019.09.05-18.01.22:131][361]LogModuleManager: Shutting down and abandoning module Paper2D (250)
[2019.09.05-18.01.22:131][361]LogModuleManager: Shutting down and abandoning module WindowsMoviePlayer (248)
[2019.09.05-18.01.22:131][361]LogModuleManager: Shutting down and abandoning module WebMMoviePlayer (246)
[2019.09.05-18.01.22:131][361]LogModuleManager: Shutting down and abandoning module WmfMedia (244)
[2019.09.05-18.01.22:133][361]LogModuleManager: Shutting down and abandoning module Media (243)
[2019.09.05-18.01.22:139][361]LogModuleManager: Shutting down and abandoning module PacketHandler (240)
[2019.09.05-18.01.22:139][361]LogModuleManager: Shutting down and abandoning module ClothingSystemEditor (238)
[2019.09.05-18.01.22:139][361]LogModuleManager: Shutting down and abandoning module ClothingSystemRuntime (236)
[2019.09.05-18.01.22:139][361]LogModuleManager: Shutting down and abandoning module MediaAssets (234)
[2019.09.05-18.01.22:139][361]LogModuleManager: Shutting down and abandoning module Overlay (232)
[2019.09.05-18.01.22:139][361]LogModuleManager: Shutting down and abandoning module OverlayEditor (231)
[2019.09.05-18.01.22:139][361]LogModuleManager: Shutting down and abandoning module VREditor (228)
[2019.09.05-18.01.22:139][361]LogModuleManager: Shutting down and abandoning module StringTableEditor (226)
[2019.09.05-18.01.22:140][361]LogModuleManager: Shutting down and abandoning module GameplayTasksEditor (224)
[2019.09.05-18.01.22:140][361]LogModuleManager: Shutting down and abandoning module BehaviorTreeEditor (222)
[2019.09.05-18.01.22:140][361]LogModuleManager: Shutting down and abandoning module FunctionalTesting (220)
[2019.09.05-18.01.22:140][361]LogModuleManager: Shutting down and abandoning module CollisionAnalyzer (218)
[2019.09.05-18.01.22:140][361]LogModuleManager: Shutting down and abandoning module WorkspaceMenuStructure (217)
[2019.09.05-18.01.22:140][361]LogModuleManager: Shutting down and abandoning module UMG (214)
[2019.09.05-18.01.22:140][361]LogModuleManager: Shutting down and abandoning module UMGEditor (213)
[2019.09.05-18.01.22:140][361]LogModuleManager: Shutting down and abandoning module Sequencer (212)
[2019.09.05-18.01.22:141][361]LogModuleManager: Shutting down and abandoning module MessageLog (209)
[2019.09.05-18.01.22:141][361]LogModuleManager: Shutting down and abandoning module SlateReflector (204)
[2019.09.05-18.01.22:141][361]LogModuleManager: Shutting down and abandoning module Slate (202)
[2019.09.05-18.01.22:141][361]LogModuleManager: Shutting down and abandoning module EditorStyle (200)
[2019.09.05-18.01.22:143][361]LogModuleManager: Shutting down and abandoning module MRMesh (198)
[2019.09.05-18.01.22:143][361]LogModuleManager: Shutting down and abandoning module SourceCodeAccess (196)
[2019.09.05-18.01.22:143][361]LogModuleManager: Shutting down and abandoning module HeadMountedDisplay (194)
[2019.09.05-18.01.22:143][361]LogModuleManager: Shutting down and abandoning module XAudio2 (192)
[2019.09.05-18.01.22:143][361]LogModuleManager: Shutting down and abandoning module Networking (190)
[2019.09.05-18.01.22:143][361]LogModuleManager: Shutting down and abandoning module Core (188)
[2019.09.05-18.01.22:143][361]LogModuleManager: Shutting down and abandoning module LevelSequence (186)
[2019.09.05-18.01.22:143][361]LogModuleManager: Shutting down and abandoning module KismetCompiler (184)
[2019.09.05-18.01.22:143][361]LogModuleManager: Shutting down and abandoning module MeshUtilities (182)
[2019.09.05-18.01.22:143][361]LogModuleManager: Shutting down and abandoning module MeshMergeUtilities (181)
[2019.09.05-18.01.22:143][361]LogModuleManager: Shutting down and abandoning module MeshReductionInterface (180)
[2019.09.05-18.01.22:143][361]LogModuleManager: Shutting down and abandoning module SimplygonSwarm (179)
[2019.09.05-18.01.22:143][361]LogModuleManager: Shutting down and abandoning module ProxyLODMeshReduction (177)
[2019.09.05-18.01.22:143][361]LogModuleManager: Shutting down and abandoning module SimplygonMeshReduction (175)
[2019.09.05-18.01.22:143][361]LogModuleManager: Shutting down and abandoning module QuadricMeshReduction (173)
[2019.09.05-18.01.22:143][361]LogModuleManager: Shutting down and abandoning module MaterialBaking (169)
[2019.09.05-18.01.22:143][361]LogModuleManager: Shutting down and abandoning module DirectoryWatcher (165)
[2019.09.05-18.01.22:143][361]LogModuleManager: Shutting down and abandoning module DerivedDataCache (162)
[2019.09.05-18.01.22:192][361]LogDerivedDataCache: Shutdown
[2019.09.05-18.01.22:192][361]LogModuleManager: Shutting down and abandoning module XGEController (160)
[2019.09.05-18.01.22:192][361]LogModuleManager: Shutting down and abandoning module TargetPlatform (158)
[2019.09.05-18.01.22:192][361]LogModuleManager: Shutting down and abandoning module VulkanShaderFormat (157)
[2019.09.05-18.01.22:192][361]LogModuleManager: Shutting down and abandoning module ShaderFormatVectorVM (155)
[2019.09.05-18.01.22:192][361]LogModuleManager: Shutting down and abandoning module ShaderFormatOpenGL (153)
[2019.09.05-18.01.22:192][361]LogModuleManager: Shutting down and abandoning module ShaderFormatD3D (151)
[2019.09.05-18.01.22:192][361]LogModuleManager: Shutting down and abandoning module MetalShaderFormat (149)
[2019.09.05-18.01.22:192][361]LogModuleManager: Shutting down and abandoning module TextureFormatUncompressed (147)
[2019.09.05-18.01.22:193][361]LogModuleManager: Shutting down and abandoning module TextureFormatPVR (145)
[2019.09.05-18.01.22:193][361]LogModuleManager: Shutting down and abandoning module TextureFormatDXT (143)
[2019.09.05-18.01.22:193][361]LogModuleManager: Shutting down and abandoning module TextureFormatIntelISPCTexComp (141)
[2019.09.05-18.01.22:193][361]LogModuleManager: Shutting down and abandoning module TextureFormatASTC (139)
[2019.09.05-18.01.22:193][361]LogModuleManager: Shutting down and abandoning module ImageWrapper (138)
[2019.09.05-18.01.22:193][361]LogModuleManager: Shutting down and abandoning module TextureFormatAndroid (135)
[2019.09.05-18.01.22:193][361]LogModuleManager: Shutting down and abandoning module AudioFormatOpus (133)
[2019.09.05-18.01.22:193][361]LogModuleManager: Shutting down and abandoning module AudioFormatOgg (131)
[2019.09.05-18.01.22:193][361]LogModuleManager: Shutting down and abandoning module AudioFormatADPCM (129)
[2019.09.05-18.01.22:193][361]LogModuleManager: Shutting down and abandoning module LuminTargetPlatform (127)
[2019.09.05-18.01.22:195][361]LogModuleManager: Shutting down and abandoning module LinuxTargetPlatform (125)
[2019.09.05-18.01.22:195][361]LogModuleManager: Shutting down and abandoning module LinuxServerTargetPlatform (123)
[2019.09.05-18.01.22:195][361]LogModuleManager: Shutting down and abandoning module LinuxNoEditorTargetPlatform (121)
[2019.09.05-18.01.22:195][361]LogModuleManager: Shutting down and abandoning module LinuxClientTargetPlatform (119)
[2019.09.05-18.01.22:195][361]LogModuleManager: Shutting down and abandoning module TVOSTargetPlatform (117)
[2019.09.05-18.01.22:197][361]LogModuleManager: Shutting down and abandoning module Messaging (115)
[2019.09.05-18.01.22:197][361]LogModuleManager: Shutting down and abandoning module IOSTargetPlatform (113)
[2019.09.05-18.01.22:198][361]LogModuleManager: Shutting down and abandoning module HTML5TargetPlatform (111)
[2019.09.05-18.01.22:198][361]LogModuleManager: Shutting down and abandoning module AndroidTargetPlatform (109)
[2019.09.05-18.01.22:212][361]LogModuleManager: Shutting down and abandoning module WindowsTargetPlatform (107)
[2019.09.05-18.01.22:212][361]LogModuleManager: Shutting down and abandoning module WindowsServerTargetPlatform (105)
[2019.09.05-18.01.22:212][361]LogModuleManager: Shutting down and abandoning module WindowsNoEditorTargetPlatform (103)
[2019.09.05-18.01.22:212][361]LogModuleManager: Shutting down and abandoning module WindowsClientTargetPlatform (101)
[2019.09.05-18.01.22:212][361]LogModuleManager: Shutting down and abandoning module MacTargetPlatform (99)
[2019.09.05-18.01.22:212][361]LogModuleManager: Shutting down and abandoning module MacServerTargetPlatform (97)
[2019.09.05-18.01.22:212][361]LogModuleManager: Shutting down and abandoning module MacNoEditorTargetPlatform (95)
[2019.09.05-18.01.22:212][361]LogModuleManager: Shutting down and abandoning module MacClientTargetPlatform (93)
[2019.09.05-18.01.22:212][361]LogModuleManager: Shutting down and abandoning module AllDesktopTargetPlatform (91)
[2019.09.05-18.01.22:212][361]LogModuleManager: Shutting down and abandoning module InputCore (88)
[2019.09.05-18.01.22:212][361]LogModuleManager: Shutting down and abandoning module Settings (86)
[2019.09.05-18.01.22:212][361]LogModuleManager: Shutting down and abandoning module PhysXCooking (84)
[2019.09.05-18.01.22:212][361]LogModuleManager: Shutting down and abandoning module SteamVR (82)
[2019.09.05-18.01.22:212][361]LogHMD: Freeing OpenVRDLLHandle.
[2019.09.05-18.01.22:212][361]LogModuleManager: Shutting down and abandoning module OculusHMD (80)
[2019.09.05-18.01.22:212][361]LogModuleManager: Shutting down and abandoning module ExampleDeviceProfileSelector (78)
[2019.09.05-18.01.22:213][361]LogModuleManager: Shutting down and abandoning module LauncherChunkInstaller (76)
[2019.09.05-18.01.22:213][361]LogModuleManager: Shutting down and abandoning module OnlineBlueprintSupport (74)
[2019.09.05-18.01.22:213][361]LogModuleManager: Shutting down and abandoning module OnlineSubsystem (70)
[2019.09.05-18.01.22:215][361]LogModuleManager: Shutting down and abandoning module XMPP (63)
[2019.09.05-18.01.22:215][361]LogModuleManager: Shutting down and abandoning module WebSockets (62)
[2019.09.05-18.01.22:237][361]LogModuleManager: Shutting down and abandoning module HTTP (59)
[2019.09.05-18.01.22:237][361]LogHttp: Display: Http module shutting down, but needs to wait on 1 outstanding Http requests:
[2019.09.05-18.01.22:237][361]LogHttp: Display: 	verb=[POST] url=[https://datarouter.ol.epicgames.com/datarouter/api/v1/public/data?SessionID=%7B8E711B19-447B-01F2-1BC9-51BAB6916285%7D&AppID=UEEditor.Rocket.Release&AppVersion=4.21.2-4753647%2B%2B%2BUE4%2BRelease-4.21&UserID=92849ef140996939fe475ea2f485fe93%7Ca9c1ec50ce9049899a9c604d07c127e5%7Ce3898b4f-5161-44f3-906c-6f24372dc987&AppEnvironment=datacollector-binary&UploadType=eteventstream] status=Processing
[2019.09.05-18.01.22:258][361]LogModuleManager: Shutting down and abandoning module SSL (58)
[2019.09.05-18.01.22:260][361]LogModuleManager: Shutting down and abandoning module MagicLeapIdentity (54)
[2019.09.05-18.01.22:260][361]LogModuleManager: Shutting down and abandoning module MagicLeapHelperVulkan (52)
[2019.09.05-18.01.22:260][361]LogModuleManager: Shutting down and abandoning module MagicLeapHelperOpenGL (50)
[2019.09.05-18.01.22:260][361]LogModuleManager: Shutting down and abandoning module MagicLeapSecureStorage (48)
[2019.09.05-18.01.22:260][361]LogModuleManager: Shutting down and abandoning module MagicLeapHandTracking (46)
[2019.09.05-18.01.22:260][361]LogModuleManager: Shutting down and abandoning module MagicLeapEyeTracker (44)
[2019.09.05-18.01.22:260][361]LogModuleManager: Shutting down and abandoning module MagicLeapController (42)
[2019.09.05-18.01.22:260][361]LogSlate: Slate User Destroyed.  User Index 0, Is Virtual User: 0
[2019.09.05-18.01.22:261][361]LogModuleManager: Shutting down and abandoning module MagicLeap (40)
[2019.09.05-18.01.22:261][361]LogModuleManager: Shutting down and abandoning module DatasmithContent (38)
[2019.09.05-18.01.22:261][361]LogModuleManager: Shutting down and abandoning module AnimationModifiers (36)
[2019.09.05-18.01.22:261][361]LogModuleManager: Shutting down and abandoning module PropertyEditor (35)
[2019.09.05-18.01.22:261][361]LogModuleManager: Shutting down and abandoning module AudioEditor (32)
[2019.09.05-18.01.22:261][361]LogModuleManager: Shutting down and abandoning module TextureCompressor (30)
[2019.09.05-18.01.22:262][361]LogModuleManager: Shutting down and abandoning module ShaderCore (28)
[2019.09.05-18.01.22:262][361]LogModuleManager: Shutting down and abandoning module Landscape (26)
[2019.09.05-18.01.22:262][361]LogModuleManager: Shutting down and abandoning module SlateRHIRenderer (24)
[2019.09.05-18.01.22:262][361]LogModuleManager: Shutting down and abandoning module OpenGLDrv (22)
[2019.09.05-18.01.22:262][361]LogModuleManager: Shutting down and abandoning module D3D11RHI (20)
[2019.09.05-18.01.22:262][361]LogModuleManager: Shutting down and abandoning module AnimGraphRuntime (18)
[2019.09.05-18.01.22:263][361]LogModuleManager: Shutting down and abandoning module Renderer (16)
[2019.09.05-18.01.22:263][361]LogModuleManager: Shutting down and abandoning module Engine (14)
[2019.09.05-18.01.22:263][361]LogModuleManager: Shutting down and abandoning module CoreUObject (12)
[2019.09.05-18.01.22:263][361]LogModuleManager: Shutting down and abandoning module NetworkFile (10)
[2019.09.05-18.01.22:263][361]LogModuleManager: Shutting down and abandoning module CookedIterativeFile (8)
[2019.09.05-18.01.22:263][361]LogModuleManager: Shutting down and abandoning module StreamingFile (6)
[2019.09.05-18.01.22:263][361]LogModuleManager: Shutting down and abandoning module SandboxFile (4)
[2019.09.05-18.01.22:263][361]LogModuleManager: Shutting down and abandoning module PakFile (2)
[2019.09.05-18.01.22:274][361]LogExit: Exiting.
[2019.09.05-18.01.22:281][361]Log file closed, 09/05/19 20:01:22
