Log file open, 08/15/19 20:48:21
LogWindows: Failed to load 'aqProf.dll' (GetLastError=126)
LogWindows: File 'aqProf.dll' does not exist
LogWindows: Failed to load 'VtuneApi.dll' (GetLastError=126)
LogWindows: File 'VtuneApi.dll' does not exist
LogWindows: Failed to load 'VtuneApi32e.dll' (GetLastError=126)
LogWindows: File 'VtuneApi32e.dll' does not exist
LogConsoleResponse: Display: Failed to find resolution value strings in scalability ini. Falling back to default.
LogInit: Display: Running engine for game: ProjectZombies
LogPakFile: Registered encryption key '00000000000000000000000000000000': 0 pak files mounted, 0 remain pending
LogPlatformFile: Not using cached read wrapper
LogTaskGraph: Started task graph with 5 named threads and 23 total threads with 3 sets of task threads.
LogStats: Stats thread started at 0.316230
LogD3D11RHI: Loaded GFSDK_Aftermath_Lib.x64.dll
LogICUInternationalization: ICU TimeZone Detection - Raw Offset: +1:00, Platform Override: ''
LogPluginManager: Mounting plugin Paper2D
LogPluginManager: Mounting plugin AISupport
LogPluginManager: Mounting plugin LightPropagationVolume
LogPluginManager: Mounting plugin ActorLayerUtilities
LogPluginManager: Mounting plugin CLionSourceCodeAccess
LogPluginManager: Mounting plugin CodeLiteSourceCodeAccess
LogPluginManager: Mounting plugin GitSourceControl
LogPluginManager: Mounting plugin KDevelopSourceCodeAccess
LogPluginManager: Mounting plugin NullSourceCodeAccess
LogPluginManager: Mounting plugin PerforceSourceControl
LogPluginManager: Mounting plugin SubversionSourceControl
LogPluginManager: Mounting plugin UObjectPlugin
LogPluginManager: Mounting plugin VisualStudioCodeSourceCodeAccess
LogPluginManager: Mounting plugin VisualStudioSourceCodeAccess
LogPluginManager: Mounting plugin XCodeSourceCodeAccess
LogPluginManager: Mounting plugin AssetManagerEditor
LogPluginManager: Mounting plugin CryptoKeys
LogPluginManager: Mounting plugin DataValidation
LogPluginManager: Mounting plugin FacialAnimation
LogPluginManager: Mounting plugin GameplayTagsEditor
LogPluginManager: Mounting plugin MacGraphicsSwitching
LogPluginManager: Mounting plugin MeshEditor
LogPluginManager: Mounting plugin MobileLauncherProfileWizard
LogPluginManager: Mounting plugin PluginBrowser
LogPluginManager: Mounting plugin SpeedTreeImporter
LogPluginManager: Mounting plugin DatasmithContent
LogPluginManager: Mounting plugin VariantManagerContent
LogPluginManager: Mounting plugin AlembicImporter
LogPluginManager: Mounting plugin AppleImageUtils
LogPluginManager: Mounting plugin AppleVision
LogPluginManager: Mounting plugin BackChannel
LogPluginManager: Mounting plugin CharacterAI
LogPluginManager: Mounting plugin GeometryCache
LogPluginManager: Mounting plugin HTML5Networking
LogPluginManager: Mounting plugin ProxyLODPlugin
LogPluginManager: Mounting plugin MagicLeap
LogPluginManager: Mounting plugin MagicLeapMedia
LogPluginManager: Mounting plugin AndroidMedia
LogPluginManager: Mounting plugin AvfMedia
LogPluginManager: Mounting plugin ImgMedia
LogPluginManager: Mounting plugin LinearTimecode
LogPluginManager: Mounting plugin MediaCompositing
LogPluginManager: Mounting plugin MediaPlayerEditor
LogPluginManager: Mounting plugin WebMMedia
LogPluginManager: Mounting plugin WmfMedia
LogPluginManager: Mounting plugin TcpMessaging
LogPluginManager: Mounting plugin UdpMessaging
LogPluginManager: Mounting plugin ActorSequence
LogPluginManager: Mounting plugin LevelSequenceEditor
LogPluginManager: Mounting plugin MatineeToLevelSequence
LogPluginManager: Mounting plugin NetcodeUnitTest
LogPluginManager: Mounting plugin NUTUnrealEngine4
LogPluginManager: Mounting plugin OnlineSubsystemGooglePlay
LogPluginManager: Mounting plugin OnlineSubsystemIOS
LogPluginManager: Mounting plugin OnlineSubsystem
LogPluginManager: Mounting plugin OnlineSubsystemNull
LogPluginManager: Mounting plugin OnlineSubsystemUtils
LogPluginManager: Mounting plugin LauncherChunkInstaller
LogPluginManager: Mounting plugin AndroidDeviceProfileSelector
LogPluginManager: Mounting plugin AndroidMoviePlayer
LogPluginManager: Mounting plugin AndroidPermission
LogPluginManager: Mounting plugin AppleMoviePlayer
LogPluginManager: Mounting plugin ArchVisCharacter
LogPluginManager: Mounting plugin AudioCapture
LogPluginManager: Mounting plugin CableComponent
LogPluginManager: Mounting plugin CustomMeshComponent
LogPluginManager: Mounting plugin EditableMesh
LogPluginManager: Mounting plugin ExampleDeviceProfileSelector
LogPluginManager: Mounting plugin Firebase
LogPluginManager: Mounting plugin GoogleCloudMessaging
LogPluginManager: Mounting plugin IOSDeviceProfileSelector
LogPluginManager: Mounting plugin LinuxDeviceProfileSelector
LogPluginManager: Mounting plugin LocationServicesBPLibrary
LogPluginManager: Mounting plugin MobilePatchingUtils
LogPluginManager: Mounting plugin OculusVR
LogPluginManager: Mounting plugin PhysXVehicles
LogPluginManager: Mounting plugin ProceduralMeshComponent
LogPluginManager: Mounting plugin RuntimePhysXCooking
LogPluginManager: Mounting plugin SteamVR
LogPluginManager: Mounting plugin WebMMoviePlayer
LogPluginManager: Mounting plugin WindowsMoviePlayer
LogStreaming: Display: Took  0.120s to configure plugins.
LogInit: Using libcurl 7.55.1-DEV
LogInit:  - built for x86_64-pc-win32
LogInit:  - supports SSL with OpenSSL/1.0.2h
LogInit:  - supports HTTP deflate (compression) using libz 1.2.8
LogInit:  - other features:
LogInit:      CURL_VERSION_SSL
LogInit:      CURL_VERSION_LIBZ
LogInit:      CURL_VERSION_IPV6
LogInit:      CURL_VERSION_ASYNCHDNS
LogInit:      CURL_VERSION_LARGEFILE
LogInit:      CURL_VERSION_IDN
LogInit:  CurlRequestOptions (configurable via config and command line):
LogInit:  - bVerifyPeer = true  - Libcurl will verify peer certificate
LogInit:  - bUseHttpProxy = false  - Libcurl will NOT use HTTP proxy
LogInit:  - bDontReuseConnections = false  - Libcurl will reuse connections
LogInit:  - MaxHostConnections = 16  - Libcurl will limit the number of connections to a host
LogInit:  - LocalHostAddr = Default
LogInit:  - BufferSize = 65536
LogModuleManager: Warning: ModuleManager: Unable to load module 'OnlineSubsystemSteam'  - 0 instances of that module name found.
LogInit: WinSock: version 1.1 (2.2), MaxSocks=32767, MaxUdp=65467
LogInit: Build: ++UE4+Release-4.21-CL-4753647
LogInit: Engine Version: 4.21.2-4753647+++UE4+Release-4.21
LogInit: Compatible Engine Version: 4.21.0-4541578+++UE4+Release-4.21
LogInit: Net CL: 4541578
LogInit: OS: Windows 10 (), CPU: Intel(R) Core(TM) i7-7700HQ CPU @ 2.80GHz, GPU: Intel(R) HD Graphics 630
LogInit: Compiled (64-bit): Jan 19 2019 02:07:31
LogInit: Compiled with Visual C++: 19.13.26129.00
LogInit: Build Configuration: Development
LogInit: Branch Name: ++UE4+Release-4.21
LogInit: Command Line: 
LogInit: Base Directory: C:/Program Files/Epic Games/UE_4.21/Engine/Binaries/Win64/
LogInit: Installed Engine Build: 1
LogDevObjectVersion: Number of dev versions registered: 22
LogDevObjectVersion:   Dev-Blueprints (B0D832E4-1F89-4F0D-ACCF-7EB736FD4AA2): 10
LogDevObjectVersion:   Dev-Build (E1C64328-A22C-4D53-A36C-8E866417BD8C): 0
LogDevObjectVersion:   Dev-Core (375EC13C-06E4-48FB-B500-84F0262A717E): 2
LogDevObjectVersion:   Dev-Editor (E4B068ED-F494-42E9-A231-DA0B2E46BB41): 26
LogDevObjectVersion:   Dev-Framework (CFFC743F-43B0-4480-9391-14DF171D2073): 34
LogDevObjectVersion:   Dev-Mobile (B02B49B5-BB20-44E9-A304-32B752E40360): 2
LogDevObjectVersion:   Dev-Networking (A4E4105C-59A1-49B5-A7C5-40C4547EDFEE): 0
LogDevObjectVersion:   Dev-Online (39C831C9-5AE6-47DC-9A44-9C173E1C8E7C): 0
LogDevObjectVersion:   Dev-Physics (78F01B33-EBEA-4F98-B9B4-84EACCB95AA2): 0
LogDevObjectVersion:   Dev-Platform (6631380F-2D4D-43E0-8009-CF276956A95A): 0
LogDevObjectVersion:   Dev-Rendering (12F88B9F-8875-4AFC-A67C-D90C383ABD29): 27
LogDevObjectVersion:   Dev-Sequencer (7B5AE74C-D270-4C10-A958-57980B212A5A): 9
LogDevObjectVersion:   Dev-VR (D7296918-1DD6-4BDD-9DE2-64A83CC13884): 2
LogDevObjectVersion:   Dev-LoadTimes (C2A15278-BFE7-4AFE-6C17-90FF531DF755): 1
LogDevObjectVersion:   Private-Geometry (6EACA3D4-40EC-4CC1-B786-8BED09428FC5): 3
LogDevObjectVersion:   Dev-AnimPhys (29E575DD-E0A3-4627-9D10-D276232CDCEA): 17
LogDevObjectVersion:   Dev-Anim (AF43A65D-7FD3-4947-9873-3E8ED9C1BB05): 2
LogDevObjectVersion:   Dev-ReflectionCapture (6B266CEC-1EC7-4B8F-A30B-E4D90942FC07): 1
LogDevObjectVersion:   Dev-Automation (0DF73D61-A23F-47EA-B727-89E90C41499A): 1
LogDevObjectVersion:   FortniteMain (601D1886-AC64-4F84-AA16-D3DE0DEAC7D6): 17
LogDevObjectVersion:   Dev-Enterprise (9DFFBCD6-494F-0158-E221-12823C92A888): 4
LogDevObjectVersion:   Dev-Niagara (F2AED0AC-9AFE-416F-8664-AA7FFA26D6FC): 1
LogStreaming: Display: Took  0.003s to delete old logs.
LogInit: Presizing for max 8388607 objects, including 0 objects not considered by GC, pre-allocating 0 bytes for permanent pool.
LogInit: Object subsystem initialized
LogConfig: Setting CVar [[con.DebugEarlyDefault:1]]
LogConfig: Setting CVar [[r.setres:1280x720]]
[2019.08.15-18.48.21:991][  0]LogConfig: Setting CVar [[r.VSync:0]]
[2019.08.15-18.48.21:991][  0]LogConfig: Setting CVar [[r.RHICmdBypass:0]]
[2019.08.15-18.48.21:991][  0]LogConfig: Applying CVar settings from Section [/Script/Engine.RendererSettings] File [C:/Users/Yannick/Documents/Unreal Projects/ProjectZombies/Saved/Config/Windows/Engine.ini]
[2019.08.15-18.48.21:992][  0]LogConfig: Setting CVar [[r.GPUCrashDebugging:0]]
[2019.08.15-18.48.21:992][  0]LogConfig: Applying CVar settings from Section [/Script/Engine.RendererOverrideSettings] File [C:/Users/Yannick/Documents/Unreal Projects/ProjectZombies/Saved/Config/Windows/Engine.ini]
[2019.08.15-18.48.21:992][  0]LogConfig: Applying CVar settings from Section [/Script/Engine.StreamingSettings] File [C:/Users/Yannick/Documents/Unreal Projects/ProjectZombies/Saved/Config/Windows/Engine.ini]
[2019.08.15-18.48.21:992][  0]LogConfig: Setting CVar [[s.MinBulkDataSizeForAsyncLoading:131072]]
[2019.08.15-18.48.21:992][  0]LogConfig: Setting CVar [[s.AsyncLoadingThreadEnabled:0]]
[2019.08.15-18.48.21:992][  0]LogConfig: Setting CVar [[s.EventDrivenLoaderEnabled:1]]
[2019.08.15-18.48.21:992][  0]LogConfig: Setting CVar [[s.WarnIfTimeLimitExceeded:0]]
[2019.08.15-18.48.21:992][  0]LogConfig: Setting CVar [[s.TimeLimitExceededMultiplier:1.5]]
[2019.08.15-18.48.21:992][  0]LogConfig: Setting CVar [[s.TimeLimitExceededMinTime:0.005]]
[2019.08.15-18.48.21:992][  0]LogConfig: Setting CVar [[s.UseBackgroundLevelStreaming:1]]
[2019.08.15-18.48.21:992][  0]LogConfig: Setting CVar [[s.PriorityAsyncLoadingExtraTime:15.0]]
[2019.08.15-18.48.21:992][  0]LogConfig: Setting CVar [[s.LevelStreamingActorsUpdateTimeLimit:5.0]]
[2019.08.15-18.48.21:992][  0]LogConfig: Setting CVar [[s.PriorityLevelStreamingActorsUpdateExtraTime:5.0]]
[2019.08.15-18.48.21:992][  0]LogConfig: Setting CVar [[s.LevelStreamingComponentsRegistrationGranularity:10]]
[2019.08.15-18.48.21:992][  0]LogConfig: Setting CVar [[s.UnregisterComponentsTimeLimit:1.0]]
[2019.08.15-18.48.21:992][  0]LogConfig: Setting CVar [[s.LevelStreamingComponentsUnregistrationGranularity:5]]
[2019.08.15-18.48.21:992][  0]LogConfig: Applying CVar settings from Section [/Script/Engine.GarbageCollectionSettings] File [C:/Users/Yannick/Documents/Unreal Projects/ProjectZombies/Saved/Config/Windows/Engine.ini]
[2019.08.15-18.48.21:992][  0]LogConfig: Setting CVar [[gc.MaxObjectsNotConsideredByGC:1]]
[2019.08.15-18.48.21:992][  0]LogConfig: Setting CVar [[gc.SizeOfPermanentObjectPool:0]]
[2019.08.15-18.48.21:992][  0]LogConfig: Setting CVar [[gc.FlushStreamingOnGC:0]]
[2019.08.15-18.48.21:992][  0]LogConfig: Setting CVar [[gc.NumRetriesBeforeForcingGC:10]]
[2019.08.15-18.48.21:992][  0]LogConfig: Setting CVar [[gc.AllowParallelGC:1]]
[2019.08.15-18.48.21:992][  0]LogConfig: Setting CVar [[gc.TimeBetweenPurgingPendingKillObjects:61.1]]
[2019.08.15-18.48.21:992][  0]LogConfig: Setting CVar [[gc.MaxObjectsInEditor:8388607]]
[2019.08.15-18.48.21:992][  0]LogConfig: Setting CVar [[gc.IncrementalBeginDestroyEnabled:1]]
[2019.08.15-18.48.21:992][  0]LogConfig: Setting CVar [[gc.CreateGCClusters:1]]
[2019.08.15-18.48.21:992][  0]LogConfig: Setting CVar [[gc.MergeGCClusters:0]]
[2019.08.15-18.48.21:992][  0]LogConfig: Setting CVar [[gc.MinGCClusterSize:5]]
[2019.08.15-18.48.21:992][  0]LogConfig: Setting CVar [[gc.ActorClusteringEnabled:0]]
[2019.08.15-18.48.21:992][  0]LogConfig: Setting CVar [[gc.BlueprintClusteringEnabled:0]]
[2019.08.15-18.48.21:992][  0]LogConfig: Setting CVar [[gc.UseDisregardForGCOnDedicatedServers:0]]
[2019.08.15-18.48.21:992][  0]LogConfig: Applying CVar settings from Section [/Script/Engine.NetworkSettings] File [C:/Users/Yannick/Documents/Unreal Projects/ProjectZombies/Saved/Config/Windows/Engine.ini]
[2019.08.15-18.48.21:992][  0]LogConfig: Applying CVar settings from Section [/Script/UnrealEd.CookerSettings] File [C:/Users/Yannick/Documents/Unreal Projects/ProjectZombies/Saved/Config/Windows/Engine.ini]
[2019.08.15-18.48.21:997][  0]LogConfig: Applying CVar settings from Section [ViewDistanceQuality@3] File [C:/Users/Yannick/Documents/Unreal Projects/ProjectZombies/Saved/Config/Windows/Scalability.ini]
[2019.08.15-18.48.21:997][  0]LogConfig: Setting CVar [[r.SkeletalMeshLODBias:0]]
[2019.08.15-18.48.21:997][  0]LogConfig: Setting CVar [[r.ViewDistanceScale:1.0]]
[2019.08.15-18.48.21:998][  0]LogConfig: Applying CVar settings from Section [AntiAliasingQuality@3] File [C:/Users/Yannick/Documents/Unreal Projects/ProjectZombies/Saved/Config/Windows/Scalability.ini]
[2019.08.15-18.48.21:998][  0]LogConfig: Setting CVar [[r.PostProcessAAQuality:4]]
[2019.08.15-18.48.21:998][  0]LogConfig: Applying CVar settings from Section [ShadowQuality@3] File [C:/Users/Yannick/Documents/Unreal Projects/ProjectZombies/Saved/Config/Windows/Scalability.ini]
[2019.08.15-18.48.21:998][  0]LogConfig: Setting CVar [[r.LightFunctionQuality:1]]
[2019.08.15-18.48.21:998][  0]LogConfig: Setting CVar [[r.ShadowQuality:5]]
[2019.08.15-18.48.21:998][  0]LogConfig: Setting CVar [[r.Shadow.CSM.MaxCascades:10]]
[2019.08.15-18.48.21:998][  0]LogConfig: Setting CVar [[r.Shadow.MaxResolution:2048]]
[2019.08.15-18.48.21:998][  0]LogConfig: Setting CVar [[r.Shadow.MaxCSMResolution:2048]]
[2019.08.15-18.48.21:998][  0]LogConfig: Setting CVar [[r.Shadow.RadiusThreshold:0.01]]
[2019.08.15-18.48.21:998][  0]LogConfig: Setting CVar [[r.Shadow.DistanceScale:1.0]]
[2019.08.15-18.48.21:998][  0]LogConfig: Setting CVar [[r.Shadow.CSM.TransitionScale:1.0]]
[2019.08.15-18.48.21:998][  0]LogConfig: Setting CVar [[r.Shadow.PreShadowResolutionFactor:1.0]]
[2019.08.15-18.48.21:998][  0]LogConfig: Setting CVar [[r.DistanceFieldShadowing:1]]
[2019.08.15-18.48.21:998][  0]LogConfig: Setting CVar [[r.DistanceFieldAO:1]]
[2019.08.15-18.48.21:998][  0]LogConfig: Setting CVar [[r.AOQuality:2]]
[2019.08.15-18.48.21:998][  0]LogConfig: Setting CVar [[r.VolumetricFog:1]]
[2019.08.15-18.48.21:998][  0]LogConfig: Setting CVar [[r.VolumetricFog.GridPixelSize:8]]
[2019.08.15-18.48.21:998][  0]LogConfig: Setting CVar [[r.VolumetricFog.GridSizeZ:128]]
[2019.08.15-18.48.21:998][  0]LogConfig: Setting CVar [[r.VolumetricFog.HistoryMissSupersampleCount:4]]
[2019.08.15-18.48.21:998][  0]LogConfig: Setting CVar [[r.LightMaxDrawDistanceScale:1]]
[2019.08.15-18.48.21:998][  0]LogConfig: Setting CVar [[r.CapsuleShadows:1]]
[2019.08.15-18.48.21:998][  0]LogConfig: Applying CVar settings from Section [PostProcessQuality@3] File [C:/Users/Yannick/Documents/Unreal Projects/ProjectZombies/Saved/Config/Windows/Scalability.ini]
[2019.08.15-18.48.21:998][  0]LogConfig: Setting CVar [[r.MotionBlurQuality:4]]
[2019.08.15-18.48.21:998][  0]LogConfig: Setting CVar [[r.AmbientOcclusionMipLevelFactor:0.4]]
[2019.08.15-18.48.21:998][  0]LogConfig: Setting CVar [[r.AmbientOcclusionMaxQuality:100]]
[2019.08.15-18.48.21:998][  0]LogConfig: Setting CVar [[r.AmbientOcclusionLevels:-1]]
[2019.08.15-18.48.21:998][  0]LogConfig: Setting CVar [[r.AmbientOcclusionRadiusScale:1.0]]
[2019.08.15-18.48.21:998][  0]LogConfig: Setting CVar [[r.DepthOfFieldQuality:2]]
[2019.08.15-18.48.21:998][  0]LogConfig: Setting CVar [[r.RenderTargetPoolMin:400]]
[2019.08.15-18.48.21:998][  0]LogConfig: Setting CVar [[r.LensFlareQuality:2]]
[2019.08.15-18.48.21:998][  0]LogConfig: Setting CVar [[r.SceneColorFringeQuality:1]]
[2019.08.15-18.48.21:998][  0]LogConfig: Setting CVar [[r.EyeAdaptationQuality:2]]
[2019.08.15-18.48.21:998][  0]LogConfig: Setting CVar [[r.BloomQuality:5]]
[2019.08.15-18.48.21:998][  0]LogConfig: Setting CVar [[r.FastBlurThreshold:100]]
[2019.08.15-18.48.21:998][  0]LogConfig: Setting CVar [[r.Upscale.Quality:3]]
[2019.08.15-18.48.21:998][  0]LogConfig: Setting CVar [[r.Tonemapper.GrainQuantization:1]]
[2019.08.15-18.48.21:998][  0]LogConfig: Setting CVar [[r.LightShaftQuality:1]]
[2019.08.15-18.48.21:998][  0]LogConfig: Setting CVar [[r.Filter.SizeScale:1]]
[2019.08.15-18.48.21:998][  0]LogConfig: Setting CVar [[r.Tonemapper.Quality:5]]
[2019.08.15-18.48.21:998][  0]LogConfig: Setting CVar [[r.DOF.Gather.AccumulatorQuality:1        ; higher gathering accumulator quality]]
[2019.08.15-18.48.21:998][  0]LogConfig: Setting CVar [[r.DOF.Gather.PostfilterMethod:1          ; Median3x3 postfilering method]]
[2019.08.15-18.48.21:998][  0]LogConfig: Setting CVar [[r.DOF.Gather.EnableBokehSettings:0       ; no bokeh simulation when gathering]]
[2019.08.15-18.48.21:998][  0]LogConfig: Setting CVar [[r.DOF.Gather.RingCount:4                 ; medium number of samples when gathering]]
[2019.08.15-18.48.21:998][  0]LogConfig: Setting CVar [[r.DOF.Scatter.ForegroundCompositing:1    ; additive foreground scattering]]
[2019.08.15-18.48.21:998][  0]LogConfig: Setting CVar [[r.DOF.Scatter.BackgroundCompositing:2    ; additive background scattering]]
[2019.08.15-18.48.21:998][  0]LogConfig: Setting CVar [[r.DOF.Scatter.EnableBokehSettings:1      ; bokeh simulation when scattering]]
[2019.08.15-18.48.21:998][  0]LogConfig: Setting CVar [[r.DOF.Scatter.MaxSpriteRatio:0.1         ; only a maximum of 10% of scattered bokeh]]
[2019.08.15-18.48.21:999][  0]LogConfig: Setting CVar [[r.DOF.Recombine.Quality:1                ; cheap slight out of focus]]
[2019.08.15-18.48.21:999][  0]LogConfig: Setting CVar [[r.DOF.Recombine.EnableBokehSettings:0    ; no bokeh simulation on slight out of focus]]
[2019.08.15-18.48.21:999][  0]LogConfig: Setting CVar [[r.DOF.TemporalAAQuality:1                ; more stable temporal accumulation]]
[2019.08.15-18.48.21:999][  0]LogConfig: Setting CVar [[r.DOF.Kernel.MaxForegroundRadius:0.025]]
[2019.08.15-18.48.21:999][  0]LogConfig: Setting CVar [[r.DOF.Kernel.MaxBackgroundRadius:0.025]]
[2019.08.15-18.48.21:999][  0]LogConfig: Applying CVar settings from Section [TextureQuality@3] File [C:/Users/Yannick/Documents/Unreal Projects/ProjectZombies/Saved/Config/Windows/Scalability.ini]
[2019.08.15-18.48.21:999][  0]LogConfig: Setting CVar [[r.Streaming.MipBias:0]]
[2019.08.15-18.48.21:999][  0]LogConfig: Setting CVar [[r.Streaming.AmortizeCPUToGPUCopy:0]]
[2019.08.15-18.48.21:999][  0]LogConfig: Setting CVar [[r.Streaming.MaxNumTexturesToStreamPerFrame:0]]
[2019.08.15-18.48.21:999][  0]LogConfig: Setting CVar [[r.Streaming.Boost:1]]
[2019.08.15-18.48.21:999][  0]LogConfig: Setting CVar [[r.MaxAnisotropy:8]]
[2019.08.15-18.48.21:999][  0]LogConfig: Setting CVar [[r.Streaming.LimitPoolSizeToVRAM:0]]
[2019.08.15-18.48.21:999][  0]LogConfig: Setting CVar [[r.Streaming.PoolSize:1000]]
[2019.08.15-18.48.21:999][  0]LogConfig: Setting CVar [[r.Streaming.MaxEffectiveScreenSize:0]]
[2019.08.15-18.48.21:999][  0]LogConfig: Applying CVar settings from Section [EffectsQuality@3] File [C:/Users/Yannick/Documents/Unreal Projects/ProjectZombies/Saved/Config/Windows/Scalability.ini]
[2019.08.15-18.48.21:999][  0]LogConfig: Setting CVar [[r.TranslucencyLightingVolumeDim:64]]
[2019.08.15-18.48.21:999][  0]LogConfig: Setting CVar [[r.RefractionQuality:2]]
[2019.08.15-18.48.21:999][  0]LogConfig: Setting CVar [[r.SSR.Quality:3]]
[2019.08.15-18.48.21:999][  0]LogConfig: Setting CVar [[r.SceneColorFormat:4]]
[2019.08.15-18.48.21:999][  0]LogConfig: Setting CVar [[r.DetailMode:2]]
[2019.08.15-18.48.21:999][  0]LogConfig: Setting CVar [[r.TranslucencyVolumeBlur:1]]
[2019.08.15-18.48.21:999][  0]LogConfig: Setting CVar [[r.MaterialQualityLevel:1 ; High quality]]
[2019.08.15-18.48.21:999][  0]LogConfig: Setting CVar [[r.SSS.Scale:1]]
[2019.08.15-18.48.21:999][  0]LogConfig: Setting CVar [[r.SSS.SampleSet:2]]
[2019.08.15-18.48.21:999][  0]LogConfig: Setting CVar [[r.SSS.Quality:1]]
[2019.08.15-18.48.21:999][  0]LogConfig: Setting CVar [[r.SSS.HalfRes:1]]
[2019.08.15-18.48.21:999][  0]LogConfig: Setting CVar [[r.EmitterSpawnRateScale:1.0]]
[2019.08.15-18.48.21:999][  0]LogConfig: Setting CVar [[r.ParticleLightQuality:2]]
[2019.08.15-18.48.21:999][  0]LogConfig: Applying CVar settings from Section [FoliageQuality@3] File [C:/Users/Yannick/Documents/Unreal Projects/ProjectZombies/Saved/Config/Windows/Scalability.ini]
[2019.08.15-18.48.21:999][  0]LogConfig: Setting CVar [[foliage.DensityScale:1.0]]
[2019.08.15-18.48.21:999][  0]LogConfig: Setting CVar [[grass.DensityScale:1.0]]
[2019.08.15-18.48.21:999][  0]LogInit: Selected Device Profile: [Windows]
[2019.08.15-18.48.21:999][  0]LogInit: Applying CVar settings loaded from the selected device profile: [Windows]
[2019.08.15-18.48.22:029][  0]LogHAL: Display: Platform has ~ 16 GB [17059446784 / 17179869184 / 16], which maps to Larger [LargestMinGB=32, LargerMinGB=12, DefaultMinGB=8, SmallerMinGB=6, SmallestMinGB=0)
[2019.08.15-18.48.22:029][  0]LogConfig: Setting CVar [[r.Vulkan.UseRealUBs:1]]
[2019.08.15-18.48.22:029][  0]LogInit: Going up to parent DeviceProfile []
[2019.08.15-18.48.22:029][  0]LogConfig: Applying CVar settings from Section [ViewDistanceQuality@3] File [C:/Users/Yannick/Documents/Unreal Projects/ProjectZombies/Saved/Config/Windows/Scalability.ini]
[2019.08.15-18.48.22:029][  0]LogConfig: Setting CVar [[r.SkeletalMeshLODBias:0]]
[2019.08.15-18.48.22:029][  0]LogConfig: Setting CVar [[r.ViewDistanceScale:1.0]]
[2019.08.15-18.48.22:029][  0]LogConfig: Applying CVar settings from Section [AntiAliasingQuality@3] File [C:/Users/Yannick/Documents/Unreal Projects/ProjectZombies/Saved/Config/Windows/Scalability.ini]
[2019.08.15-18.48.22:029][  0]LogConfig: Setting CVar [[r.PostProcessAAQuality:4]]
[2019.08.15-18.48.22:029][  0]LogConfig: Applying CVar settings from Section [ShadowQuality@3] File [C:/Users/Yannick/Documents/Unreal Projects/ProjectZombies/Saved/Config/Windows/Scalability.ini]
[2019.08.15-18.48.22:029][  0]LogConfig: Setting CVar [[r.LightFunctionQuality:1]]
[2019.08.15-18.48.22:029][  0]LogConfig: Setting CVar [[r.ShadowQuality:5]]
[2019.08.15-18.48.22:029][  0]LogConfig: Setting CVar [[r.Shadow.CSM.MaxCascades:10]]
[2019.08.15-18.48.22:029][  0]LogConfig: Setting CVar [[r.Shadow.MaxResolution:2048]]
[2019.08.15-18.48.22:029][  0]LogConfig: Setting CVar [[r.Shadow.MaxCSMResolution:2048]]
[2019.08.15-18.48.22:029][  0]LogConfig: Setting CVar [[r.Shadow.RadiusThreshold:0.01]]
[2019.08.15-18.48.22:029][  0]LogConfig: Setting CVar [[r.Shadow.DistanceScale:1.0]]
[2019.08.15-18.48.22:029][  0]LogConfig: Setting CVar [[r.Shadow.CSM.TransitionScale:1.0]]
[2019.08.15-18.48.22:029][  0]LogConfig: Setting CVar [[r.Shadow.PreShadowResolutionFactor:1.0]]
[2019.08.15-18.48.22:029][  0]LogConfig: Setting CVar [[r.DistanceFieldShadowing:1]]
[2019.08.15-18.48.22:029][  0]LogConfig: Setting CVar [[r.DistanceFieldAO:1]]
[2019.08.15-18.48.22:029][  0]LogConfig: Setting CVar [[r.AOQuality:2]]
[2019.08.15-18.48.22:029][  0]LogConfig: Setting CVar [[r.VolumetricFog:1]]
[2019.08.15-18.48.22:029][  0]LogConfig: Setting CVar [[r.VolumetricFog.GridPixelSize:8]]
[2019.08.15-18.48.22:029][  0]LogConfig: Setting CVar [[r.VolumetricFog.GridSizeZ:128]]
[2019.08.15-18.48.22:029][  0]LogConfig: Setting CVar [[r.VolumetricFog.HistoryMissSupersampleCount:4]]
[2019.08.15-18.48.22:029][  0]LogConfig: Setting CVar [[r.LightMaxDrawDistanceScale:1]]
[2019.08.15-18.48.22:029][  0]LogConfig: Setting CVar [[r.CapsuleShadows:1]]
[2019.08.15-18.48.22:029][  0]LogConfig: Applying CVar settings from Section [PostProcessQuality@3] File [C:/Users/Yannick/Documents/Unreal Projects/ProjectZombies/Saved/Config/Windows/Scalability.ini]
[2019.08.15-18.48.22:029][  0]LogConfig: Setting CVar [[r.MotionBlurQuality:4]]
[2019.08.15-18.48.22:029][  0]LogConfig: Setting CVar [[r.AmbientOcclusionMipLevelFactor:0.4]]
[2019.08.15-18.48.22:029][  0]LogConfig: Setting CVar [[r.AmbientOcclusionMaxQuality:100]]
[2019.08.15-18.48.22:029][  0]LogConfig: Setting CVar [[r.AmbientOcclusionLevels:-1]]
[2019.08.15-18.48.22:029][  0]LogConfig: Setting CVar [[r.AmbientOcclusionRadiusScale:1.0]]
[2019.08.15-18.48.22:029][  0]LogConfig: Setting CVar [[r.DepthOfFieldQuality:2]]
[2019.08.15-18.48.22:029][  0]LogConfig: Setting CVar [[r.RenderTargetPoolMin:400]]
[2019.08.15-18.48.22:029][  0]LogConfig: Setting CVar [[r.LensFlareQuality:2]]
[2019.08.15-18.48.22:029][  0]LogConfig: Setting CVar [[r.SceneColorFringeQuality:1]]
[2019.08.15-18.48.22:029][  0]LogConfig: Setting CVar [[r.EyeAdaptationQuality:2]]
[2019.08.15-18.48.22:030][  0]LogConfig: Setting CVar [[r.BloomQuality:5]]
[2019.08.15-18.48.22:030][  0]LogConfig: Setting CVar [[r.FastBlurThreshold:100]]
[2019.08.15-18.48.22:030][  0]LogConfig: Setting CVar [[r.Upscale.Quality:3]]
[2019.08.15-18.48.22:030][  0]LogConfig: Setting CVar [[r.Tonemapper.GrainQuantization:1]]
[2019.08.15-18.48.22:030][  0]LogConfig: Setting CVar [[r.LightShaftQuality:1]]
[2019.08.15-18.48.22:030][  0]LogConfig: Setting CVar [[r.Filter.SizeScale:1]]
[2019.08.15-18.48.22:030][  0]LogConfig: Setting CVar [[r.Tonemapper.Quality:5]]
[2019.08.15-18.48.22:030][  0]LogConfig: Setting CVar [[r.DOF.Gather.AccumulatorQuality:1        ; higher gathering accumulator quality]]
[2019.08.15-18.48.22:030][  0]LogConfig: Setting CVar [[r.DOF.Gather.PostfilterMethod:1          ; Median3x3 postfilering method]]
[2019.08.15-18.48.22:030][  0]LogConfig: Setting CVar [[r.DOF.Gather.EnableBokehSettings:0       ; no bokeh simulation when gathering]]
[2019.08.15-18.48.22:030][  0]LogConfig: Setting CVar [[r.DOF.Gather.RingCount:4                 ; medium number of samples when gathering]]
[2019.08.15-18.48.22:030][  0]LogConfig: Setting CVar [[r.DOF.Scatter.ForegroundCompositing:1    ; additive foreground scattering]]
[2019.08.15-18.48.22:030][  0]LogConfig: Setting CVar [[r.DOF.Scatter.BackgroundCompositing:2    ; additive background scattering]]
[2019.08.15-18.48.22:030][  0]LogConfig: Setting CVar [[r.DOF.Scatter.EnableBokehSettings:1      ; bokeh simulation when scattering]]
[2019.08.15-18.48.22:030][  0]LogConfig: Setting CVar [[r.DOF.Scatter.MaxSpriteRatio:0.1         ; only a maximum of 10% of scattered bokeh]]
[2019.08.15-18.48.22:030][  0]LogConfig: Setting CVar [[r.DOF.Recombine.Quality:1                ; cheap slight out of focus]]
[2019.08.15-18.48.22:030][  0]LogConfig: Setting CVar [[r.DOF.Recombine.EnableBokehSettings:0    ; no bokeh simulation on slight out of focus]]
[2019.08.15-18.48.22:030][  0]LogConfig: Setting CVar [[r.DOF.TemporalAAQuality:1                ; more stable temporal accumulation]]
[2019.08.15-18.48.22:030][  0]LogConfig: Setting CVar [[r.DOF.Kernel.MaxForegroundRadius:0.025]]
[2019.08.15-18.48.22:030][  0]LogConfig: Setting CVar [[r.DOF.Kernel.MaxBackgroundRadius:0.025]]
[2019.08.15-18.48.22:030][  0]LogConfig: Applying CVar settings from Section [TextureQuality@3] File [C:/Users/Yannick/Documents/Unreal Projects/ProjectZombies/Saved/Config/Windows/Scalability.ini]
[2019.08.15-18.48.22:030][  0]LogConfig: Setting CVar [[r.Streaming.MipBias:0]]
[2019.08.15-18.48.22:030][  0]LogConfig: Setting CVar [[r.Streaming.AmortizeCPUToGPUCopy:0]]
[2019.08.15-18.48.22:030][  0]LogConfig: Setting CVar [[r.Streaming.MaxNumTexturesToStreamPerFrame:0]]
[2019.08.15-18.48.22:030][  0]LogConfig: Setting CVar [[r.Streaming.Boost:1]]
[2019.08.15-18.48.22:030][  0]LogConfig: Setting CVar [[r.MaxAnisotropy:8]]
[2019.08.15-18.48.22:030][  0]LogConfig: Setting CVar [[r.Streaming.LimitPoolSizeToVRAM:0]]
[2019.08.15-18.48.22:030][  0]LogConfig: Setting CVar [[r.Streaming.PoolSize:1000]]
[2019.08.15-18.48.22:030][  0]LogConfig: Setting CVar [[r.Streaming.MaxEffectiveScreenSize:0]]
[2019.08.15-18.48.22:030][  0]LogConfig: Applying CVar settings from Section [EffectsQuality@3] File [C:/Users/Yannick/Documents/Unreal Projects/ProjectZombies/Saved/Config/Windows/Scalability.ini]
[2019.08.15-18.48.22:030][  0]LogConfig: Setting CVar [[r.TranslucencyLightingVolumeDim:64]]
[2019.08.15-18.48.22:030][  0]LogConfig: Setting CVar [[r.RefractionQuality:2]]
[2019.08.15-18.48.22:030][  0]LogConfig: Setting CVar [[r.SSR.Quality:3]]
[2019.08.15-18.48.22:030][  0]LogConfig: Setting CVar [[r.SceneColorFormat:4]]
[2019.08.15-18.48.22:030][  0]LogConfig: Setting CVar [[r.DetailMode:2]]
[2019.08.15-18.48.22:030][  0]LogConfig: Setting CVar [[r.TranslucencyVolumeBlur:1]]
[2019.08.15-18.48.22:030][  0]LogConfig: Setting CVar [[r.MaterialQualityLevel:1 ; High quality]]
[2019.08.15-18.48.22:030][  0]LogConfig: Setting CVar [[r.SSS.Scale:1]]
[2019.08.15-18.48.22:030][  0]LogConfig: Setting CVar [[r.SSS.SampleSet:2]]
[2019.08.15-18.48.22:030][  0]LogConfig: Setting CVar [[r.SSS.Quality:1]]
[2019.08.15-18.48.22:030][  0]LogConfig: Setting CVar [[r.SSS.HalfRes:1]]
[2019.08.15-18.48.22:030][  0]LogConfig: Setting CVar [[r.EmitterSpawnRateScale:1.0]]
[2019.08.15-18.48.22:030][  0]LogConfig: Setting CVar [[r.ParticleLightQuality:2]]
[2019.08.15-18.48.22:030][  0]LogConfig: Applying CVar settings from Section [FoliageQuality@3] File [C:/Users/Yannick/Documents/Unreal Projects/ProjectZombies/Saved/Config/Windows/Scalability.ini]
[2019.08.15-18.48.22:030][  0]LogConfig: Setting CVar [[foliage.DensityScale:1.0]]
[2019.08.15-18.48.22:030][  0]LogConfig: Setting CVar [[grass.DensityScale:1.0]]
[2019.08.15-18.48.22:030][  0]LogConfig: Applying CVar settings from Section [Startup] File [../../../Engine/Config/ConsoleVariables.ini]
[2019.08.15-18.48.22:031][  0]LogConfig: Setting CVar [[net.UseAdaptiveNetUpdateFrequency:0]]
[2019.08.15-18.48.22:031][  0]LogConfig: Applying CVar settings from Section [ConsoleVariables] File [C:/Users/Yannick/Documents/Unreal Projects/ProjectZombies/Saved/Config/Windows/Engine.ini]
[2019.08.15-18.48.22:031][  0]LogInit: Computer: MSI
[2019.08.15-18.48.22:031][  0]LogInit: User: Yannick
[2019.08.15-18.48.22:031][  0]LogInit: CPU Page size=4096, Cores=4
[2019.08.15-18.48.22:031][  0]LogInit: High frequency timer resolution =2.742188 MHz
[2019.08.15-18.48.22:031][  0]LogMemory: Memory total: Physical=15.9GB (16GB approx)
[2019.08.15-18.48.22:031][  0]LogMemory: Platform Memory Stats for Windows
[2019.08.15-18.48.22:031][  0]LogMemory: Process Physical Memory: 102.67 MB used, 102.67 MB peak
[2019.08.15-18.48.22:031][  0]LogMemory: Process Virtual Memory: 94.00 MB used, 94.00 MB peak
[2019.08.15-18.48.22:031][  0]LogMemory: Physical Memory: 9392.55 MB used,  6876.61 MB free, 16269.16 MB total
[2019.08.15-18.48.22:031][  0]LogMemory: Virtual Memory: 4656.15 MB used,  134213072.00 MB free, 134217728.00 MB total
[2019.08.15-18.48.22:066][  0]LogInit: Using OS detected language (en-US).
[2019.08.15-18.48.22:066][  0]LogInit: Using OS detected locale (en-US).
[2019.08.15-18.48.22:068][  0]LogTextLocalizationManager: No specific localization for 'en-US' exists, so the 'en' localization will be used.
[2019.08.15-18.48.22:529][  0]LogStreaming: Display: Took  0.462s to InitEngineTextLocalization.
[2019.08.15-18.48.22:529][  0]LogInit: Setting process to per monitor DPI aware
[2019.08.15-18.48.22:572][  0]LogSlate: New Slate User Created.  User Index 0, Is Virtual User: 0
[2019.08.15-18.48.22:572][  0]LogSlate: Slate User Registered.  User Index 0, Is Virtual User: 0
[2019.08.15-18.48.22:846][  0]LogHMD: Failed to initialize OpenVR with code 110
[2019.08.15-18.48.22:846][  0]LogD3D11RHI: D3D11 adapters:
[2019.08.15-18.48.22:920][  0]LogD3D11RHI:    0. 'NVIDIA GeForce GTX 1060' (Feature Level 11_0)
[2019.08.15-18.48.22:920][  0]LogD3D11RHI:       2987/0/8134 MB DedicatedVideo/DedicatedSystem/SharedSystem, Outputs:1, VendorId:0x10de
[2019.08.15-18.48.22:934][  0]LogD3D11RHI:    1. 'Intel(R) HD Graphics 630' (Feature Level 11_0)
[2019.08.15-18.48.22:934][  0]LogD3D11RHI:       128/0/8134 MB DedicatedVideo/DedicatedSystem/SharedSystem, Outputs:0, VendorId:0x8086
[2019.08.15-18.48.22:937][  0]LogD3D11RHI:    2. 'Microsoft Basic Render Driver' (Feature Level 11_0)
[2019.08.15-18.48.22:937][  0]LogD3D11RHI:       0/0/8134 MB DedicatedVideo/DedicatedSystem/SharedSystem, Outputs:0, VendorId:0x1414
[2019.08.15-18.48.22:937][  0]LogD3D11RHI: Chosen D3D11 Adapter: 0
[2019.08.15-18.48.22:972][  0]LogD3D11RHI: Creating new Direct3DDevice
[2019.08.15-18.48.22:972][  0]LogD3D11RHI:     GPU DeviceId: 0x1c20 (for the marketing name, search the web for "GPU Device Id")
[2019.08.15-18.48.22:972][  0]LogWindows: EnumDisplayDevices:
[2019.08.15-18.48.22:972][  0]LogWindows:    0. 'Intel(R) HD Graphics 630' (P:1 D:1)
[2019.08.15-18.48.22:972][  0]LogWindows:    1. 'Intel(R) HD Graphics 630' (P:0 D:0)
[2019.08.15-18.48.22:972][  0]LogWindows:    2. 'Intel(R) HD Graphics 630' (P:0 D:0)
[2019.08.15-18.48.22:973][  0]LogWindows:    3. 'NVIDIA GeForce GTX 1060' (P:0 D:0)
[2019.08.15-18.48.22:973][  0]LogWindows:    4. 'NVIDIA GeForce GTX 1060' (P:0 D:0)
[2019.08.15-18.48.22:973][  0]LogWindows:    5. 'NVIDIA GeForce GTX 1060' (P:0 D:0)
[2019.08.15-18.48.22:973][  0]LogWindows:    6. 'NVIDIA GeForce GTX 1060' (P:0 D:0)
[2019.08.15-18.48.22:974][  0]LogWindows: DebugString: PrimaryIsNotTheChoosenAdapter PrimaryIsNotTheChoosenAdapter PrimaryIsNotTheChoosenAdapter FoundDriverCount:4 
[2019.08.15-18.48.22:974][  0]LogD3D11RHI:     Adapter Name: NVIDIA GeForce GTX 1060
[2019.08.15-18.48.22:974][  0]LogD3D11RHI:   Driver Version: 399.24 (internal:24.21.13.9924, unified:399.24)
[2019.08.15-18.48.22:974][  0]LogD3D11RHI:      Driver Date: 9-5-2018
[2019.08.15-18.48.22:974][  0]LogRHI: Texture pool is 2090 MB (70% of 2987 MB)
[2019.08.15-18.48.23:021][  0]LogD3D11RHI: Async texture creation enabled
[2019.08.15-18.48.23:045][  0]LogD3D11RHI: GPU Timing Frequency: 1000.000000 (Debug: 2 2)
[2019.08.15-18.48.23:449][  0]LogTemp: Display: Loaded TP AllDesktopTargetPlatform
[2019.08.15-18.48.23:464][  0]LogTemp: Display: Loaded TP MacClientTargetPlatform
[2019.08.15-18.48.23:481][  0]LogTemp: Display: Loaded TP MacNoEditorTargetPlatform
[2019.08.15-18.48.23:498][  0]LogTemp: Display: Loaded TP MacServerTargetPlatform
[2019.08.15-18.48.23:515][  0]LogTemp: Display: Loaded TP MacTargetPlatform
[2019.08.15-18.48.23:531][  0]LogTemp: Display: Loaded TP WindowsClientTargetPlatform
[2019.08.15-18.48.23:548][  0]LogTemp: Display: Loaded TP WindowsNoEditorTargetPlatform
[2019.08.15-18.48.23:564][  0]LogTemp: Display: Loaded TP WindowsServerTargetPlatform
[2019.08.15-18.48.23:571][  0]LogTemp: Display: Loaded TP WindowsTargetPlatform
[2019.08.15-18.48.23:666][  0]LogTemp: Display: Loaded TP AndroidTargetPlatform
[2019.08.15-18.48.23:666][  0]LogTemp: Display: Loaded TP AndroidTargetPlatform
[2019.08.15-18.48.23:666][  0]LogTemp: Display: Loaded TP AndroidTargetPlatform
[2019.08.15-18.48.23:666][  0]LogTemp: Display: Loaded TP AndroidTargetPlatform
[2019.08.15-18.48.23:667][  0]LogTemp: Display: Loaded TP AndroidTargetPlatform
[2019.08.15-18.48.23:667][  0]LogTemp: Display: Loaded TP AndroidTargetPlatform
[2019.08.15-18.48.23:667][  0]LogTemp: Display: Loaded TP AndroidTargetPlatform
[2019.08.15-18.48.23:667][  0]LogTemp: Display: Loaded TP AndroidTargetPlatform
[2019.08.15-18.48.23:667][  0]LogTemp: Display: Loaded TP AndroidTargetPlatform
[2019.08.15-18.48.23:667][  0]LogTemp: Display: Loaded TP AndroidTargetPlatform
[2019.08.15-18.48.23:667][  0]LogTemp: Display: Loaded TP AndroidTargetPlatform
[2019.08.15-18.48.23:667][  0]LogTemp: Display: Loaded TP AndroidTargetPlatform
[2019.08.15-18.48.23:667][  0]LogTemp: Display: Loaded TP AndroidTargetPlatform
[2019.08.15-18.48.23:667][  0]LogTemp: Display: Loaded TP AndroidTargetPlatform
[2019.08.15-18.48.23:667][  0]LogTemp: Display: Loaded TP AndroidTargetPlatform
[2019.08.15-18.48.23:667][  0]LogTemp: Display: Loaded TP AndroidTargetPlatform
[2019.08.15-18.48.23:667][  0]LogTemp: Display: Loaded TP AndroidTargetPlatform
[2019.08.15-18.48.23:667][  0]LogTemp: Display: Loaded TP AndroidTargetPlatform
[2019.08.15-18.48.23:670][  0]LogTemp: Display: Loaded TP HTML5TargetPlatform
[2019.08.15-18.48.23:746][  0]LogTemp: Display: Loaded TP IOSTargetPlatform
[2019.08.15-18.48.23:746][  0]LogTemp: Display: Loaded TP IOSTargetPlatform
[2019.08.15-18.48.23:784][  0]LogTemp: Display: Loaded TP TVOSTargetPlatform
[2019.08.15-18.48.23:784][  0]LogTemp: Display: Loaded TP TVOSTargetPlatform
[2019.08.15-18.48.23:803][  0]LogTemp: Display: Loaded TP LinuxClientTargetPlatform
[2019.08.15-18.48.23:824][  0]LogTemp: Display: Loaded TP LinuxNoEditorTargetPlatform
[2019.08.15-18.48.23:844][  0]LogTemp: Display: Loaded TP LinuxServerTargetPlatform
[2019.08.15-18.48.23:864][  0]LogTemp: Display: Loaded TP LinuxTargetPlatform
[2019.08.15-18.48.23:925][  0]LogTemp: Display: Loaded TP LuminTargetPlatform
[2019.08.15-18.48.23:925][  0]LogTemp: Display: Loaded TP LuminTargetPlatform
[2019.08.15-18.48.23:925][  0]LogTargetPlatformManager: Display: Building Assets For Windows
[2019.08.15-18.48.23:992][  0]LogShaderCompilers: Guid format shader working directory is -25 characters bigger than the processId version (../../../../../../Users/Yannick/Documents/Unreal Projects/ProjectZombies/Intermediate/Shaders/WorkingDirectory/23868/).
[2019.08.15-18.48.23:992][  0]LogShaderCompilers: Cleaned the shader compiler working directory 'C:/Users/Yannick/AppData/Local/Temp/UnrealShaderWorkingDir/7F5D5F76480F4B061105F1A141E5E8D0/'.
[2019.08.15-18.48.23:995][  0]LogXGEController: Cannot use XGE Controller as Incredibuild is not installed on this machine.
[2019.08.15-18.48.23:995][  0]LogShaderCompilers: Cannot use XGE Shader Compiler as Incredibuild is not installed on this machine.
[2019.08.15-18.48.23:995][  0]LogShaderCompilers: Display: Using Local Shader Compiler.
[2019.08.15-18.48.24:744][  0]LogDerivedDataCache: Display: Max Cache Size: 512 MB
[2019.08.15-18.48.24:814][  0]LogDerivedDataCache: Loaded boot cache 0.07s 71MB C:/Users/Yannick/AppData/Local/UnrealEngine/4.21/DerivedDataCache/Boot.ddc.
[2019.08.15-18.48.24:814][  0]LogDerivedDataCache: Display: Loaded Boot cache: C:/Users/Yannick/AppData/Local/UnrealEngine/4.21/DerivedDataCache/Boot.ddc
[2019.08.15-18.48.24:814][  0]LogDerivedDataCache: FDerivedDataBackendGraph:  Pak pak cache file ../../../../../../Users/Yannick/Documents/Unreal Projects/ProjectZombies/DerivedDataCache/DDC.ddp not found, will not use a pak cache.
[2019.08.15-18.48.24:814][  0]LogDerivedDataCache: Unable to find inner node Pak for hierarchical cache Hierarchy.
[2019.08.15-18.48.24:814][  0]LogDerivedDataCache: FDerivedDataBackendGraph:  CompressedPak pak cache file ../../../../../../Users/Yannick/Documents/Unreal Projects/ProjectZombies/DerivedDataCache/Compressed.ddp not found, will not use a pak cache.
[2019.08.15-18.48.24:814][  0]LogDerivedDataCache: Unable to find inner node CompressedPak for hierarchical cache Hierarchy.
[2019.08.15-18.48.24:832][  0]LogDerivedDataCache: Display: Pak cache opened for reading ../../../Engine/DerivedDataCache/Compressed.ddp.
[2019.08.15-18.48.24:832][  0]LogDerivedDataCache: FDerivedDataBackendGraph:  EnterprisePak pak cache file ../../../Enterprise/DerivedDataCache/Compressed.ddp not found, will not use a pak cache.
[2019.08.15-18.48.24:832][  0]LogDerivedDataCache: Unable to find inner node EnterprisePak for hierarchical cache Hierarchy.
[2019.08.15-18.48.24:844][  0]LogDerivedDataCache: Using Local data cache path C:/Users/Yannick/AppData/Local/UnrealEngine/Common/DerivedDataCache: Writable
[2019.08.15-18.48.24:844][  0]LogDerivedDataCache: Shared data cache path not found in *engine.ini, will not use an Shared cache.
[2019.08.15-18.48.24:844][  0]LogDerivedDataCache: Unable to find inner node Shared for hierarchical cache Hierarchy.
[2019.08.15-18.48.24:871][  0]LogMaterial: Verifying Global Shaders for PCD3D_SM5
[2019.08.15-18.48.24:872][  0]LogSlate: Using FreeType 2.6.0
[2019.08.15-18.48.24:873][  0]LogSlate: SlateFontServices - WITH_FREETYPE: 1, WITH_HARFBUZZ: 1
[2019.08.15-18.48.24:973][  0]LogAssetRegistry: FAssetRegistry took 0.0350 seconds to start up
[2019.08.15-18.48.25:429][  0]LogInit: Selected Device Profile: [Windows]
[2019.08.15-18.48.25:633][  0]LogSimplygon: Simplygon DLL not present - disabling.
[2019.08.15-18.48.25:639][  0]LogMeshReduction: Using SimplygonSwarm for distributed automatic mesh merging
[2019.08.15-18.48.25:639][  0]LogMeshReduction: Using ProxyLODMeshReduction for automatic mesh merging
[2019.08.15-18.48.25:639][  0]LogMeshReduction: Using QuadricMeshReduction for automatic static mesh reduction
[2019.08.15-18.48.25:639][  0]LogMeshReduction: No automatic skeletal mesh reduction module available
[2019.08.15-18.48.25:658][  0]LogNetVersion: ProjectZombies 1.0.0, NetCL: 4541578, EngineNetVer: 5, GameNetVer: 0 (Checksum: 2519672339)
[2019.08.15-18.48.26:423][  0]LogPackageLocalizationCache: Processed 11 localized package path(s) for 2 prioritized culture(s) in 0.153497 seconds
[2019.08.15-18.48.26:431][  0]LogUObjectArray: 39775 objects as part of root set at end of initial load.
[2019.08.15-18.48.26:431][  0]LogUObjectAllocator: 6914656 out of 0 bytes used by permanent object pool.
[2019.08.15-18.48.26:431][  0]LogUObjectArray: CloseDisregardForGC: 0/0 objects in disregard for GC pool
[2019.08.15-18.48.27:461][  0]LogTcpMessaging: Initializing TcpMessaging bridge
[2019.08.15-18.48.27:474][  0]LogUdpMessaging: Initializing bridge on interface 0.0.0.0:0 to multicast group 230.0.0.1:6666.
[2019.08.15-18.48.28:287][  0]SourceControl: Source control is disabled
[2019.08.15-18.48.28:288][  0]SourceControl: Source control is disabled
[2019.08.15-18.48.28:289][  0]SourceControl: Source control is disabled
[2019.08.15-18.48.28:291][  0]SourceControl: Source control is disabled
[2019.08.15-18.48.28:475][  0]LogAndroidPermission: UAndroidPermissionCallbackProxy::GetInstance
[2019.08.15-18.48.28:561][  0]LogOcInput: OculusInput pre-init called
[2019.08.15-18.48.28:709][  0]LogEngine: Initializing Engine...
[2019.08.15-18.48.28:710][  0]LogHMD: Failed to initialize OpenVR with code 110
[2019.08.15-18.48.28:712][  0]LogStats: UGameplayTagsManager::ConstructGameplayTagTree: ImportINI prefixes -  0.000 s
[2019.08.15-18.48.28:712][  0]LogStats: UGameplayTagsManager::ConstructGameplayTagTree: Construct from data asset -  0.000 s
[2019.08.15-18.48.28:712][  0]LogStats: UGameplayTagsManager::ConstructGameplayTagTree: ImportINI -  0.000 s
[2019.08.15-18.48.28:712][  0]LogStats: UGameplayTagsManager::ConstructGameplayTagTree: GameplayTagTreeChangedEvent.Broadcast -  0.000 s
[2019.08.15-18.48.28:996][  0]LogInit: Initializing FReadOnlyCVARCache
[2019.08.15-18.48.29:008][  0]LogAIModule: Creating AISystem for world Untitled
[2019.08.15-18.48.29:088][  0]LogInit: XAudio2 using 'Headphones (SteelSeries Arctis 5 Game)' : 2 channels at 48 kHz using 16 bits per sample (channel mask 0x3)
[2019.08.15-18.48.29:138][  0]LogInit: FAudioDevice initialized.
[2019.08.15-18.48.29:139][  0]LogNetVersion: Set ProjectVersion to 1.0.0.0. Version Checksum will be recalculated on next use.
[2019.08.15-18.48.29:288][  0]LogDerivedDataCache: Saved boot cache 0.15s 71MB C:/Users/Yannick/AppData/Local/UnrealEngine/4.21/DerivedDataCache/Boot.ddc.
[2019.08.15-18.48.29:302][  0]LogInit: Texture streaming: Enabled
[2019.08.15-18.48.29:321][  0]LogEngineSessionManager: EngineSessionManager initialized
[2019.08.15-18.48.29:337][  0]LogInit: Transaction tracking system initialized
[2019.08.15-18.48.29:364][  0]BlueprintLog: New page: Editor Load
[2019.08.15-18.48.29:448][  0]LocalizationService: Localization service is disabled
[2019.08.15-18.48.30:023][  0]LogCook: Display: Max memory allowance for cook 16384mb min free memory 0mb
[2019.08.15-18.48.30:023][  0]LogCook: Display: Mobile HDR setting 1
[2019.08.15-18.48.30:024][  0]LogGameplayTags: Display: UGameplayTagsManager::DoneAddingNativeTags. DelegateIsBound: 0
[2019.08.15-18.48.30:024][  0]LogStats: UGameplayTagsManager::ConstructGameplayTagTree: ImportINI prefixes -  0.000 s
[2019.08.15-18.48.30:024][  0]LogStats: UGameplayTagsManager::ConstructGameplayTagTree: Construct from data asset -  0.000 s
[2019.08.15-18.48.30:024][  0]LogStats: UGameplayTagsManager::ConstructGameplayTagTree: ImportINI -  0.000 s
[2019.08.15-18.48.30:024][  0]LogStats: UGameplayTagsManager::ConstructGameplayTagTree: GameplayTagTreeChangedEvent.Broadcast -  0.000 s
[2019.08.15-18.48.30:192][  0]LogFileCache: Scanning file cache for directory 'C:/Users/Yannick/Documents/Unreal Projects/ProjectZombies/Content/' took 0.04s
[2019.08.15-18.48.30:192][  0]SourceControl: Source control is disabled
[2019.08.15-18.48.30:193][  0]Cmd: MAP LOAD FILE="../../../../../../Users/Yannick/Documents/Unreal Projects/ProjectZombies/Content/Maps/mainmenu.umap" TEMPLATE=0 SHOWPROGRESS=1 FEATURELEVEL=3
[2019.08.15-18.48.30:193][  0]LightingResults: New page: Lighting Build
[2019.08.15-18.48.30:196][  0]MapCheck: New page: Map Check
[2019.08.15-18.48.30:196][  0]LightingResults: New page: Lighting Build
[2019.08.15-18.48.30:655][  0]LogAIModule: Creating AISystem for world mainmenu
[2019.08.15-18.48.30:656][  0]LogEditorServer: Finished looking for orphan Actors (0.000 secs)
[2019.08.15-18.48.30:682][  0]Cmd: MAP CHECKDEP NOCLEARLOG
[2019.08.15-18.48.30:682][  0]MapCheck: Map check complete: 0 Error(s), 0 Warning(s), took 0.167ms to complete.
[2019.08.15-18.48.30:682][  0]LogFileHelpers: Loading map 'mainmenu' took 0.489
[2019.08.15-18.48.30:821][  0]LogSlate: Updating window title bar state: overlay mode, drag disabled, window buttons hidden, title bar hidden
[2019.08.15-18.48.30:830][  0]LogSlate: Updating window title bar state: overlay mode, drag disabled, window buttons hidden, title bar hidden
[2019.08.15-18.48.30:838][  0]LogSlate: Updating window title bar state: overlay mode, drag disabled, window buttons hidden, title bar hidden
[2019.08.15-18.48.30:848][  0]LogSlate: Updating window title bar state: overlay mode, drag disabled, window buttons hidden, title bar hidden
[2019.08.15-18.48.30:862][  0]LogCollectionManager: Loaded 0 collections in 0.003340 seconds
[2019.08.15-18.48.30:880][  0]LogFileCache: Scanning file cache for directory 'C:/Users/Yannick/Documents/Unreal Projects/ProjectZombies/Saved/Collections/' took 0.01s
[2019.08.15-18.48.30:880][  0]LogFileCache: Scanning file cache for directory 'C:/Users/Yannick/Documents/Unreal Projects/ProjectZombies/Content/Developers/Yannick/Collections/' took 0.00s
[2019.08.15-18.48.30:880][  0]LogFileCache: Scanning file cache for directory 'C:/Users/Yannick/Documents/Unreal Projects/ProjectZombies/Content/Collections/' took 0.00s
[2019.08.15-18.48.30:880][  0]LogCollectionManager: Rebuilt the GUID cache for 0 collections in 0.000000 seconds
[2019.08.15-18.48.30:890][  0]LogContentBrowser: Native class hierarchy populated in 0.0096 seconds. Added 2651 classes and 620 folders.
[2019.08.15-18.48.30:900][  0]LogContentBrowser: Native class hierarchy updated for 'WidgetCarousel' in 0.0002 seconds. Added 0 classes and 0 folders.
[2019.08.15-18.48.30:913][  0]LogPakFile: Registered encryption key '00000000000000000000000000000000': 0 pak files mounted, 0 remain pending
[2019.08.15-18.48.30:921][  0]LogPakFile: Registered encryption key '00000000000000000000000000000000': 0 pak files mounted, 0 remain pending
[2019.08.15-18.48.30:938][  0]LogPakFile: Registered encryption key '00000000000000000000000000000000': 0 pak files mounted, 0 remain pending
[2019.08.15-18.48.30:945][  0]LogPakFile: Registered encryption key '00000000000000000000000000000000': 0 pak files mounted, 0 remain pending
[2019.08.15-18.48.30:952][  0]LogPakFile: Registered encryption key '00000000000000000000000000000000': 0 pak files mounted, 0 remain pending
[2019.08.15-18.48.30:958][  0]LogPakFile: Registered encryption key '00000000000000000000000000000000': 0 pak files mounted, 0 remain pending
[2019.08.15-18.48.30:965][  0]LogPakFile: Registered encryption key '00000000000000000000000000000000': 0 pak files mounted, 0 remain pending
[2019.08.15-18.48.30:971][  0]LogPakFile: Registered encryption key '00000000000000000000000000000000': 0 pak files mounted, 0 remain pending
[2019.08.15-18.48.30:979][  0]LogPakFile: Registered encryption key '00000000000000000000000000000000': 0 pak files mounted, 0 remain pending
[2019.08.15-18.48.30:986][  0]LogPakFile: Registered encryption key '00000000000000000000000000000000': 0 pak files mounted, 0 remain pending
[2019.08.15-18.48.30:993][  0]LogPakFile: Registered encryption key '00000000000000000000000000000000': 0 pak files mounted, 0 remain pending
[2019.08.15-18.48.30:999][  0]LogPakFile: Registered encryption key '00000000000000000000000000000000': 0 pak files mounted, 0 remain pending
[2019.08.15-18.48.31:007][  0]LogPakFile: Registered encryption key '00000000000000000000000000000000': 0 pak files mounted, 0 remain pending
[2019.08.15-18.48.31:014][  0]LogPakFile: Registered encryption key '00000000000000000000000000000000': 0 pak files mounted, 0 remain pending
[2019.08.15-18.48.31:020][  0]LogPakFile: Registered encryption key '00000000000000000000000000000000': 0 pak files mounted, 0 remain pending
[2019.08.15-18.48.31:027][  0]LogPakFile: Registered encryption key '00000000000000000000000000000000': 0 pak files mounted, 0 remain pending
[2019.08.15-18.48.31:052][  0]LogPakFile: Registered encryption key '00000000000000000000000000000000': 0 pak files mounted, 0 remain pending
[2019.08.15-18.48.31:059][  0]LogPakFile: Registered encryption key '00000000000000000000000000000000': 0 pak files mounted, 0 remain pending
[2019.08.15-18.48.31:065][  0]LogPakFile: Registered encryption key '00000000000000000000000000000000': 0 pak files mounted, 0 remain pending
[2019.08.15-18.48.31:073][  0]LogPakFile: Registered encryption key '00000000000000000000000000000000': 0 pak files mounted, 0 remain pending
[2019.08.15-18.48.31:105][  0]LogPakFile: Registered encryption key '00000000000000000000000000000000': 0 pak files mounted, 0 remain pending
[2019.08.15-18.48.31:112][  0]LogPakFile: Registered encryption key '00000000000000000000000000000000': 0 pak files mounted, 0 remain pending
[2019.08.15-18.48.31:120][  0]LogPakFile: Registered encryption key '00000000000000000000000000000000': 0 pak files mounted, 0 remain pending
[2019.08.15-18.48.31:128][  0]LogPakFile: Registered encryption key '00000000000000000000000000000000': 0 pak files mounted, 0 remain pending
[2019.08.15-18.48.31:137][  0]LogPakFile: Registered encryption key '00000000000000000000000000000000': 0 pak files mounted, 0 remain pending
[2019.08.15-18.48.31:144][  0]LogPakFile: Registered encryption key '00000000000000000000000000000000': 0 pak files mounted, 0 remain pending
[2019.08.15-18.48.31:371][  0]LogContentBrowser: Native class hierarchy updated for 'AddContentDialog' in 0.0002 seconds. Added 0 classes and 0 folders.
[2019.08.15-18.48.31:379][  0]LogContentBrowser: Native class hierarchy updated for 'SceneOutliner' in 0.0003 seconds. Added 1 classes and 2 folders.
[2019.08.15-18.48.31:504][  0]LogSlate: Took 0.000254 seconds to synchronously load lazily loaded font '../../../Engine/Content/Slate/Fonts/Roboto-Regular.ttf' (155K)
[2019.08.15-18.48.31:507][  0]LogSlate: Took 0.000229 seconds to synchronously load lazily loaded font '../../../Engine/Content/Slate/Fonts/Roboto-Bold.ttf' (160K)
[2019.08.15-18.48.31:525][  0]LogSlate: Took 0.008664 seconds to synchronously load lazily loaded font '../../../Engine/Content/Editor/Slate/Fonts/FontAwesome.ttf' (139K)
[2019.08.15-18.48.31:692][  0]LogRenderer: Reallocating scene render targets to support 1208x576 Format 10 NumSamples 1 (Frame:1).
[2019.08.15-18.48.31:866][  0]LogContentBrowser: Native class hierarchy updated for 'HierarchicalLODOutliner' in 0.0003 seconds. Added 0 classes and 0 folders.
[2019.08.15-18.48.31:866][  0]LogLoad: (Engine Initialization) Total time: 12.48 seconds
[2019.08.15-18.48.31:866][  0]LogLoad: (Engine Initialization) Total Blueprint compile time: 0.00 seconds
[2019.08.15-18.48.31:885][  0]LogWindowsTextInputMethodSystem: Display: IME system now deactivated.
[2019.08.15-18.48.31:932][  0]LogContentStreaming: Texture pool size now 1000 MB
[2019.08.15-18.48.31:976][  0]LogSlate: Took 0.006236 seconds to synchronously load lazily loaded font '../../../Engine/Content/Slate/Fonts/Roboto-Light.ttf' (167K)
[2019.08.15-18.48.32:118][  3]LogAssetRegistry: Asset discovery search completed in 7.1667 seconds
[2019.08.15-18.48.32:120][  3]LogCollectionManager: Rebuilt the object cache for 0 collections in 0.000000 seconds (found 0 objects)
[2019.08.15-18.48.32:120][  3]LogCollectionManager: Fixed up redirectors for 0 collections in 0.000047 seconds (updated 0 objects)
[2019.08.15-18.48.37:202][307]LogSlate: FSceneViewport::OnFocusLost() reason 2
[2019.08.15-18.48.43:396][543]LogSlate: FSceneViewport::OnFocusLost() reason 0
[2019.08.15-18.50.33:010][  6]LogSlate: FSceneViewport::OnFocusLost() reason 0
[2019.08.15-18.50.55:779][337]LogSlate: Took 0.000258 seconds to synchronously load lazily loaded font '../../../Engine/Content/Slate/Fonts/Roboto-Light.ttf' (167K)
[2019.08.15-18.50.55:800][337]Cmd: OBJ SAVEPACKAGE PACKAGE="/Game/Maps/mainmenu" FILE="../../../../../../Users/Yannick/Documents/Unreal Projects/ProjectZombies/Content/Maps/mainmenu.umap" SILENT=true AUTOSAVING=false KEEPDIRTY=false
[2019.08.15-18.50.55:957][337]LogSavePackage: Moving '../../../../../../Users/Yannick/Documents/Unreal Projects/ProjectZombies/Saved/mainmenuF9F2A54B4353B142D62F0C92119B5BFC.tmp' to '../../../../../../Users/Yannick/Documents/Unreal Projects/ProjectZombies/Content/Maps/mainmenu.umap'
[2019.08.15-18.50.57:455][424]LogTemp: Repeating last play command: Standalone Game
[2019.08.15-18.52.40:504][922]LogEditorViewport: Clicking Background
[2019.08.15-18.52.41:225][965]LogSlate: FSceneViewport::OnFocusLost() reason 0
[2019.08.15-18.52.41:329][970]Cmd: OBJ SAVEPACKAGE PACKAGE="/Game/Maps/mainmenu" FILE="../../../../../../Users/Yannick/Documents/Unreal Projects/ProjectZombies/Content/Maps/mainmenu.umap" SILENT=true AUTOSAVING=false KEEPDIRTY=false
[2019.08.15-18.52.41:445][970]LogSavePackage: Moving '../../../../../../Users/Yannick/Documents/Unreal Projects/ProjectZombies/Saved/mainmenuE382E00A4AB7DFED27D1B690127A680A.tmp' to '../../../../../../Users/Yannick/Documents/Unreal Projects/ProjectZombies/Content/Maps/mainmenu.umap'
[2019.08.15-18.52.42:235][  9]LogSlate: Window 'ProjectZombies - Unreal Editor' being destroyed
[2019.08.15-18.52.42:237][  9]LogWindowsTextInputMethodSystem: Display: IME system now deactivated.
[2019.08.15-18.52.42:437][ 10]Cmd: QUIT_EDITOR
[2019.08.15-18.52.42:473][ 10]LogExit: Preparing to exit.
[2019.08.15-18.52.42:629][ 10]LogExit: Editor shut down
[2019.08.15-18.52.42:630][ 10]LogExit: Transaction tracking system shut down
[2019.08.15-18.52.42:811][ 10]LogExit: Object subsystem successfully closed.
[2019.08.15-18.52.42:835][ 10]LogShaderCompilers: Display: Shaders left to compile 0
[2019.08.15-18.52.42:839][ 10]LogD3D11RHI: Shutdown
[2019.08.15-18.52.42:839][ 10]LogD3D11RHI: CleanupD3DDevice
[2019.08.15-18.52.42:839][ 10]LogD3D11RHI: ~FD3D11DynamicRHI
[2019.08.15-18.52.42:875][ 10]LogModuleManager: Shutting down and abandoning module HierarchicalLODOutliner (623)
[2019.08.15-18.52.42:875][ 10]LogModuleManager: Shutting down and abandoning module SceneOutliner (621)
[2019.08.15-18.52.42:875][ 10]LogModuleManager: Shutting down and abandoning module AddContentDialog (619)
[2019.08.15-18.52.42:876][ 10]LogModuleManager: Shutting down and abandoning module WidgetCarousel (618)
[2019.08.15-18.52.42:876][ 10]LogModuleManager: Shutting down and abandoning module EditorWidgets (615)
[2019.08.15-18.52.42:876][ 10]LogModuleManager: Shutting down and abandoning module CollectionManager (613)
[2019.08.15-18.52.42:877][ 10]LogModuleManager: Shutting down and abandoning module StatsViewer (611)
[2019.08.15-18.52.42:877][ 10]LogModuleManager: Shutting down and abandoning module FoliageEdit (609)
[2019.08.15-18.52.42:877][ 10]LogModuleManager: Shutting down and abandoning module LandscapeEditor (607)
[2019.08.15-18.52.42:877][ 10]LogModuleManager: Shutting down and abandoning module MeshPaintMode (605)
[2019.08.15-18.52.42:877][ 10]LogModuleManager: Shutting down and abandoning module SceneDepthPickerMode (603)
[2019.08.15-18.52.42:877][ 10]LogModuleManager: Shutting down and abandoning module ActorPickerMode (601)
[2019.08.15-18.52.42:877][ 10]LogModuleManager: Shutting down and abandoning module GeometryMode (599)
[2019.08.15-18.52.42:877][ 10]LogModuleManager: Shutting down and abandoning module TextureAlignMode (597)
[2019.08.15-18.52.42:877][ 10]LogModuleManager: Shutting down and abandoning module BspMode (595)
[2019.08.15-18.52.42:877][ 10]LogModuleManager: Shutting down and abandoning module PIEPreviewDeviceProfileSelector (593)
[2019.08.15-18.52.42:877][ 10]LogModuleManager: Shutting down and abandoning module SequenceRecorderSections (591)
[2019.08.15-18.52.42:877][ 10]LogModuleManager: Shutting down and abandoning module AutomationWorker (589)
[2019.08.15-18.52.42:877][ 10]LogModuleManager: Shutting down and abandoning module AudioCaptureEditor (587)
[2019.08.15-18.52.42:877][ 10]LogModuleManager: Shutting down and abandoning module MatineeToLevelSequence (585)
[2019.08.15-18.52.42:877][ 10]LogModuleManager: Shutting down and abandoning module LevelSequenceEditor (583)
[2019.08.15-18.52.42:877][ 10]LogModuleManager: Shutting down and abandoning module PlacementMode (582)
[2019.08.15-18.52.42:877][ 10]LogModuleManager: Shutting down and abandoning module MaterialEditor (581)
[2019.08.15-18.52.42:877][ 10]LogModuleManager: Shutting down and abandoning module WmfMediaFactory (577)
[2019.08.15-18.52.42:877][ 10]LogModuleManager: Shutting down and abandoning module WmfMediaEditor (575)
[2019.08.15-18.52.42:877][ 10]LogModuleManager: Shutting down and abandoning module WebMMediaFactory (573)
[2019.08.15-18.52.42:878][ 10]LogModuleManager: Shutting down and abandoning module WebMMediaEditor (571)
[2019.08.15-18.52.42:878][ 10]LogModuleManager: Shutting down and abandoning module WebMMedia (569)
[2019.08.15-18.52.42:878][ 10]LogModuleManager: Shutting down and abandoning module MediaPlayerEditor (567)
[2019.08.15-18.52.42:878][ 10]LogModuleManager: Shutting down and abandoning module MediaCompositingEditor (565)
[2019.08.15-18.52.42:878][ 10]LogModuleManager: Shutting down and abandoning module SequenceRecorder (564)
[2019.08.15-18.52.42:878][ 10]LogModuleManager: Shutting down and abandoning module OpenExrWrapper (561)
[2019.08.15-18.52.42:878][ 10]LogModuleManager: Shutting down and abandoning module ImgMediaFactory (559)
[2019.08.15-18.52.42:878][ 10]LogModuleManager: Shutting down and abandoning module ImgMediaEditor (557)
[2019.08.15-18.52.42:878][ 10]LogModuleManager: Shutting down and abandoning module AvfMediaFactory (555)
[2019.08.15-18.52.42:878][ 10]LogModuleManager: Shutting down and abandoning module AvfMediaEditor (553)
[2019.08.15-18.52.42:878][ 10]LogModuleManager: Shutting down and abandoning module AndroidMediaFactory (551)
[2019.08.15-18.52.42:878][ 10]LogModuleManager: Shutting down and abandoning module AndroidMediaEditor (549)
[2019.08.15-18.52.42:878][ 10]LogModuleManager: Shutting down and abandoning module MagicLeapCameraPreviewFactory (547)
[2019.08.15-18.52.42:878][ 10]LogModuleManager: Shutting down and abandoning module MagicLeapMediaFactory (545)
[2019.08.15-18.52.42:878][ 10]LogModuleManager: Shutting down and abandoning module MagicLeapMediaEditor (543)
[2019.08.15-18.52.42:878][ 10]LogModuleManager: Shutting down and abandoning module CharacterAI (541)
[2019.08.15-18.52.42:878][ 10]LogModuleManager: Shutting down and abandoning module SmartSnapping (539)
[2019.08.15-18.52.42:878][ 10]LogModuleManager: Shutting down and abandoning module SessionServices (537)
[2019.08.15-18.52.42:878][ 10]LogModuleManager: Shutting down and abandoning module ViewportSnapping (535)
[2019.08.15-18.52.42:878][ 10]LogModuleManager: Shutting down and abandoning module ViewportInteraction (533)
[2019.08.15-18.52.42:878][ 10]LogModuleManager: Shutting down and abandoning module ClothPainter (531)
[2019.08.15-18.52.42:878][ 10]LogModuleManager: Shutting down and abandoning module SkeletalMeshEditor (530)
[2019.08.15-18.52.42:878][ 10]LogModuleManager: Shutting down and abandoning module LogVisualizer (527)
[2019.08.15-18.52.42:878][ 10]LogModuleManager: Shutting down and abandoning module IntroTutorials (525)
[2019.08.15-18.52.42:878][ 10]LogModuleManager: Shutting down and abandoning module GameProjectGeneration (524)
[2019.08.15-18.52.42:878][ 10]LogModuleManager: Shutting down and abandoning module LuminPlatformEditor (521)
[2019.08.15-18.52.42:878][ 10]LogModuleManager: Shutting down and abandoning module IOSPlatformEditor (519)
[2019.08.15-18.52.42:878][ 10]LogModuleManager: Shutting down and abandoning module HTML5PlatformEditor (517)
[2019.08.15-18.52.42:878][ 10]LogModuleManager: Shutting down and abandoning module AndroidPlatformEditor (515)
[2019.08.15-18.52.42:878][ 10]LogModuleManager: Shutting down and abandoning module AndroidDeviceDetection (514)
[2019.08.15-18.52.43:840][ 10]LogModuleManager: Shutting down and abandoning module WindowsPlatformEditor (511)
[2019.08.15-18.52.43:840][ 10]LogModuleManager: Shutting down and abandoning module LuminRuntimeSettings (509)
[2019.08.15-18.52.43:840][ 10]LogModuleManager: Shutting down and abandoning module IOSRuntimeSettings (507)
[2019.08.15-18.52.43:840][ 10]LogModuleManager: Shutting down and abandoning module AndroidRuntimeSettings (505)
[2019.08.15-18.52.43:840][ 10]LogModuleManager: Shutting down and abandoning module TimeManagementEditor (503)
[2019.08.15-18.52.43:840][ 10]LogModuleManager: Shutting down and abandoning module InputBindingEditor (501)
[2019.08.15-18.52.43:840][ 10]LogModuleManager: Shutting down and abandoning module MergeActors (499)
[2019.08.15-18.52.43:840][ 10]LogModuleManager: Shutting down and abandoning module LocalizationDashboard (497)
[2019.08.15-18.52.43:840][ 10]LogModuleManager: Shutting down and abandoning module LocalizationService (496)
[2019.08.15-18.52.43:840][ 10]LogModuleManager: Shutting down and abandoning module HardwareTargeting (493)
[2019.08.15-18.52.43:840][ 10]LogModuleManager: Shutting down and abandoning module DeviceProfileEditor (491)
[2019.08.15-18.52.43:840][ 10]LogModuleManager: Shutting down and abandoning module UndoHistory (489)
[2019.08.15-18.52.43:840][ 10]LogModuleManager: Shutting down and abandoning module XmlParser (487)
[2019.08.15-18.52.43:841][ 10]LogModuleManager: Shutting down and abandoning module Blutility (485)
[2019.08.15-18.52.43:841][ 10]LogModuleManager: Shutting down and abandoning module ProjectSettingsViewer (483)
[2019.08.15-18.52.43:841][ 10]LogModuleManager: Shutting down and abandoning module ProjectTargetPlatformEditor (482)
[2019.08.15-18.52.43:841][ 10]LogModuleManager: Shutting down and abandoning module EditorSettingsViewer (479)
[2019.08.15-18.52.43:841][ 10]LogModuleManager: Shutting down and abandoning module SettingsEditor (477)
[2019.08.15-18.52.43:841][ 10]LogModuleManager: Shutting down and abandoning module ProjectLauncher (475)
[2019.08.15-18.52.43:841][ 10]LogModuleManager: Shutting down and abandoning module SessionFrontend (473)
[2019.08.15-18.52.43:841][ 10]LogModuleManager: Shutting down and abandoning module ProfilerClient (471)
[2019.08.15-18.52.43:841][ 10]LogModuleManager: Shutting down and abandoning module DeviceManager (469)
[2019.08.15-18.52.43:841][ 10]LogModuleManager: Shutting down and abandoning module TargetDeviceServices (468)
[2019.08.15-18.52.43:907][ 10]LogModuleManager: Shutting down and abandoning module AutomationController (465)
[2019.08.15-18.52.43:907][ 10]LogModuleManager: Shutting down and abandoning module AutomationWindow (463)
[2019.08.15-18.52.43:907][ 10]LogModuleManager: Shutting down and abandoning module Layers (461)
[2019.08.15-18.52.43:907][ 10]LogModuleManager: Shutting down and abandoning module ComponentVisualizers (459)
[2019.08.15-18.52.43:907][ 10]LogModuleManager: Shutting down and abandoning module DetailCustomizations (457)
[2019.08.15-18.52.43:907][ 10]LogModuleManager: Shutting down and abandoning module PackagesDialog (455)
[2019.08.15-18.52.43:907][ 10]LogModuleManager: Shutting down and abandoning module Persona (453)
[2019.08.15-18.52.43:907][ 10]LogModuleManager: Shutting down and abandoning module AdvancedPreviewScene (452)
[2019.08.15-18.52.43:907][ 10]LogModuleManager: Shutting down and abandoning module AnimGraph (450)
[2019.08.15-18.52.43:907][ 10]LogModuleManager: Shutting down and abandoning module Kismet (447)
[2019.08.15-18.52.43:908][ 10]LogModuleManager: Shutting down and abandoning module GraphEditor (445)
[2019.08.15-18.52.43:908][ 10]LogModuleManager: Shutting down and abandoning module ClassViewer (443)
[2019.08.15-18.52.43:908][ 10]LogModuleManager: Shutting down and abandoning module Toolbox (441)
[2019.08.15-18.52.43:908][ 10]LogModuleManager: Shutting down and abandoning module ModuleUI (439)
[2019.08.15-18.52.43:908][ 10]LogModuleManager: Shutting down and abandoning module MovieSceneTools (437)
[2019.08.15-18.52.43:908][ 10]LogModuleManager: Shutting down and abandoning module OutputLog (435)
[2019.08.15-18.52.43:908][ 10]LogModuleManager: Shutting down and abandoning module GammaUI (433)
[2019.08.15-18.52.43:908][ 10]LogModuleManager: Shutting down and abandoning module Documentation (431)
[2019.08.15-18.52.43:908][ 10]LogModuleManager: Shutting down and abandoning module MovieSceneTracks (429)
[2019.08.15-18.52.43:908][ 10]LogModuleManager: Shutting down and abandoning module MovieScene (427)
[2019.08.15-18.52.43:908][ 10]LogModuleManager: Shutting down and abandoning module StreamingPauseRendering (425)
[2019.08.15-18.52.43:908][ 10]LogModuleManager: Shutting down and abandoning module LauncherPlatform (423)
[2019.08.15-18.52.43:908][ 10]LogModuleManager: Shutting down and abandoning module AnalyticsET (421)
[2019.08.15-18.52.43:908][ 10]LogModuleManager: Shutting down and abandoning module PortalServices (419)
[2019.08.15-18.52.43:908][ 10]LogModuleManager: Shutting down and abandoning module PortalRpc (417)
[2019.08.15-18.52.43:908][ 10]LogModuleManager: Shutting down and abandoning module MessagingRpc (415)
[2019.08.15-18.52.43:908][ 10]LogModuleManager: Shutting down and abandoning module AIModule (413)
[2019.08.15-18.52.43:908][ 10]LogModuleManager: Shutting down and abandoning module GameplayDebugger (412)
[2019.08.15-18.52.43:908][ 10]LogModuleManager: Shutting down and abandoning module AITestSuite (410)
[2019.08.15-18.52.43:908][ 10]LogModuleManager: Shutting down and abandoning module NavigationSystem (408)
[2019.08.15-18.52.43:908][ 10]LogModuleManager: Shutting down and abandoning module DesktopPlatform (405)
[2019.08.15-18.52.43:908][ 10]LogModuleManager: Shutting down and abandoning module ImageWriteQueue (403)
[2019.08.15-18.52.43:913][ 10]LogModuleManager: Shutting down and abandoning module ProfilerService (401)
[2019.08.15-18.52.43:991][ 10]LogModuleManager: Shutting down and abandoning module TaskGraph (399)
[2019.08.15-18.52.43:991][ 10]LogModuleManager: Shutting down and abandoning module SteamVRController (397)
[2019.08.15-18.52.43:991][ 10]LogModuleManager: Shutting down and abandoning module ProceduralMeshComponentEditor (395)
[2019.08.15-18.52.43:991][ 10]LogModuleManager: Shutting down and abandoning module ProceduralMeshComponent (393)
[2019.08.15-18.52.43:991][ 10]LogModuleManager: Shutting down and abandoning module OculusInput (391)
[2019.08.15-18.52.43:991][ 10]LogModuleManager: Shutting down and abandoning module MobilePatchingUtils (389)
[2019.08.15-18.52.43:991][ 10]LogModuleManager: Shutting down and abandoning module EditableMesh (387)
[2019.08.15-18.52.43:991][ 10]LogModuleManager: Shutting down and abandoning module CustomMeshComponent (385)
[2019.08.15-18.52.43:991][ 10]LogModuleManager: Shutting down and abandoning module CableComponent (383)
[2019.08.15-18.52.43:991][ 10]LogModuleManager: Shutting down and abandoning module AudioCapture (381)
[2019.08.15-18.52.43:991][ 10]LogModuleManager: Shutting down and abandoning module ArchVisCharacter (379)
[2019.08.15-18.52.43:991][ 10]LogModuleManager: Shutting down and abandoning module AndroidPermission (377)
[2019.08.15-18.52.43:991][ 10]LogModuleManager: Shutting down and abandoning module NUTUnrealEngine4 (375)
[2019.08.15-18.52.43:991][ 10]LogModuleManager: Shutting down and abandoning module NetcodeUnitTest (373)
[2019.08.15-18.52.43:991][ 10]LogModuleManager: Shutting down and abandoning module MediaCompositing (371)
[2019.08.15-18.52.43:991][ 10]LogModuleManager: Shutting down and abandoning module LinearTimecode (369)
[2019.08.15-18.52.43:991][ 10]LogModuleManager: Shutting down and abandoning module ImgMedia (367)
[2019.08.15-18.52.43:995][ 10]LogModuleManager: Shutting down and abandoning module HTML5Networking (365)
[2019.08.15-18.52.43:995][ 10]LogModuleManager: Shutting down and abandoning module GeometryCacheTracks (363)
[2019.08.15-18.52.43:995][ 10]LogModuleManager: Shutting down and abandoning module GeometryCacheSequencer (361)
[2019.08.15-18.52.43:995][ 10]LogModuleManager: Shutting down and abandoning module BackChannel (359)
[2019.08.15-18.52.43:995][ 10]LogModuleManager: Shutting down and abandoning module AppleVision (357)
[2019.08.15-18.52.43:995][ 10]LogModuleManager: Shutting down and abandoning module AppleImageUtilsBlueprintSupport (355)
[2019.08.15-18.52.43:995][ 10]LogModuleManager: Shutting down and abandoning module AppleImageUtils (353)
[2019.08.15-18.52.43:995][ 10]LogModuleManager: Shutting down and abandoning module AlembicImporter (351)
[2019.08.15-18.52.43:995][ 10]LogModuleManager: Shutting down and abandoning module AlembicLibrary (350)
[2019.08.15-18.52.43:996][ 10]LogModuleManager: Shutting down and abandoning module GeometryCache (349)
[2019.08.15-18.52.43:996][ 10]LogModuleManager: Shutting down and abandoning module GeometryCacheEd (348)
[2019.08.15-18.52.43:996][ 10]LogModuleManager: Shutting down and abandoning module VariantManagerContent (343)
[2019.08.15-18.52.43:996][ 10]LogModuleManager: Shutting down and abandoning module DatasmithContentEditor (341)
[2019.08.15-18.52.43:996][ 10]LogModuleManager: Shutting down and abandoning module SpeedTreeImporter (339)
[2019.08.15-18.52.43:996][ 10]LogModuleManager: Shutting down and abandoning module PluginBrowser (337)
[2019.08.15-18.52.43:996][ 10]LogModuleManager: Shutting down and abandoning module MobileLauncherProfileWizard (335)
[2019.08.15-18.52.43:996][ 10]LogModuleManager: Shutting down and abandoning module PolygonModeling (333)
[2019.08.15-18.52.43:996][ 10]LogModuleManager: Shutting down and abandoning module MeshEditor (331)
[2019.08.15-18.52.43:996][ 10]LogModuleManager: Shutting down and abandoning module CryptoKeysOpenSSL (329)
[2019.08.15-18.52.43:996][ 10]LogModuleManager: Shutting down and abandoning module CryptoKeys (327)
[2019.08.15-18.52.43:996][ 10]LogModuleManager: Shutting down and abandoning module VisualStudioSourceCodeAccess (325)
[2019.08.15-18.52.43:996][ 10]LogModuleManager: Shutting down and abandoning module VisualStudioCodeSourceCodeAccess (323)
[2019.08.15-18.52.43:996][ 10]LogModuleManager: Shutting down and abandoning module UObjectPlugin (321)
[2019.08.15-18.52.43:996][ 10]LogModuleManager: Shutting down and abandoning module SubversionSourceControl (319)
[2019.08.15-18.52.43:996][ 10]LogModuleManager: Shutting down and abandoning module PerforceSourceControl (317)
[2019.08.15-18.52.43:996][ 10]LogModuleManager: Shutting down and abandoning module GitSourceControl (315)
[2019.08.15-18.52.43:996][ 10]LogModuleManager: Shutting down and abandoning module SourceControl (314)
[2019.08.15-18.52.43:996][ 10]LogModuleManager: Shutting down and abandoning module CLionSourceCodeAccess (311)
[2019.08.15-18.52.43:996][ 10]LogModuleManager: Shutting down and abandoning module ActorLayerUtilitiesEditor (309)
[2019.08.15-18.52.43:996][ 10]LogModuleManager: Shutting down and abandoning module ActorLayerUtilities (307)
[2019.08.15-18.52.43:996][ 10]LogModuleManager: Shutting down and abandoning module LightPropagationVolumeEditor (305)
[2019.08.15-18.52.43:996][ 10]LogModuleManager: Shutting down and abandoning module PaperTiledImporter (303)
[2019.08.15-18.52.43:996][ 10]LogModuleManager: Shutting down and abandoning module PaperSpriteSheetImporter (301)
[2019.08.15-18.52.43:996][ 10]LogModuleManager: Shutting down and abandoning module Paper2DEditor (299)
[2019.08.15-18.52.43:996][ 10]LogModuleManager: Shutting down and abandoning module MeshPaint (298)
[2019.08.15-18.52.43:996][ 10]LogModuleManager: Shutting down and abandoning module RuntimePhysXCooking (295)
[2019.08.15-18.52.43:996][ 10]LogModuleManager: Shutting down and abandoning module PhysXVehiclesEditor (293)
[2019.08.15-18.52.43:996][ 10]LogModuleManager: Shutting down and abandoning module PhysXVehicles (291)
[2019.08.15-18.52.43:996][ 10]LogModuleManager: Shutting down and abandoning module OculusEditor (289)
[2019.08.15-18.52.43:996][ 10]LogModuleManager: Shutting down and abandoning module LocationServicesBPLibrary (287)
[2019.08.15-18.52.43:996][ 10]LogModuleManager: Shutting down and abandoning module ActorSequence (285)
[2019.08.15-18.52.43:996][ 10]LogModuleManager: Shutting down and abandoning module UdpMessaging (283)
[2019.08.15-18.52.44:098][ 10]LogModuleManager: Shutting down and abandoning module TcpMessaging (281)
[2019.08.15-18.52.44:199][ 10]LogModuleManager: Shutting down and abandoning module MagicLeapAudio (279)
[2019.08.15-18.52.44:199][ 10]LogModuleManager: Shutting down and abandoning module GameplayTagsEditor (277)
[2019.08.15-18.52.44:199][ 10]LogModuleManager: Shutting down and abandoning module FacialAnimationEditor (275)
[2019.08.15-18.52.44:199][ 10]LogModuleManager: Shutting down and abandoning module FacialAnimation (273)
[2019.08.15-18.52.44:199][ 10]LogModuleManager: Shutting down and abandoning module DataValidation (271)
[2019.08.15-18.52.44:199][ 10]LogModuleManager: Shutting down and abandoning module AssetManagerEditor (269)
[2019.08.15-18.52.44:199][ 10]LogModuleManager: Shutting down and abandoning module LevelEditor (268)
[2019.08.15-18.52.44:200][ 10]LogModuleManager: Shutting down and abandoning module PixelInspectorModule (267)
[2019.08.15-18.52.44:200][ 10]LogModuleManager: Shutting down and abandoning module CommonMenuExtensions (265)
[2019.08.15-18.52.44:200][ 10]LogModuleManager: Shutting down and abandoning module MainFrame (263)
[2019.08.15-18.52.44:200][ 10]LogModuleManager: Shutting down and abandoning module HotReload (262)
[2019.08.15-18.52.44:201][ 10]LogModuleManager: Shutting down and abandoning module ContentBrowser (258)
[2019.08.15-18.52.44:202][ 10]LogModuleManager: Shutting down and abandoning module TreeMap (256)
[2019.08.15-18.52.44:202][ 10]LogModuleManager: Shutting down and abandoning module LightPropagationVolumeRuntime (253)
[2019.08.15-18.52.44:202][ 10]LogModuleManager: Shutting down and abandoning module AISupportModule (251)
[2019.08.15-18.52.44:202][ 10]LogModuleManager: Shutting down and abandoning module Paper2D (249)
[2019.08.15-18.52.44:202][ 10]LogModuleManager: Shutting down and abandoning module WindowsMoviePlayer (247)
[2019.08.15-18.52.44:202][ 10]LogModuleManager: Shutting down and abandoning module WebMMoviePlayer (245)
[2019.08.15-18.52.44:202][ 10]LogModuleManager: Shutting down and abandoning module WmfMedia (243)
[2019.08.15-18.52.44:203][ 10]LogModuleManager: Shutting down and abandoning module Media (242)
[2019.08.15-18.52.44:209][ 10]LogModuleManager: Shutting down and abandoning module PacketHandler (239)
[2019.08.15-18.52.44:209][ 10]LogModuleManager: Shutting down and abandoning module ClothingSystemEditor (237)
[2019.08.15-18.52.44:209][ 10]LogModuleManager: Shutting down and abandoning module ClothingSystemRuntime (235)
[2019.08.15-18.52.44:209][ 10]LogModuleManager: Shutting down and abandoning module MediaAssets (233)
[2019.08.15-18.52.44:209][ 10]LogModuleManager: Shutting down and abandoning module Overlay (231)
[2019.08.15-18.52.44:209][ 10]LogModuleManager: Shutting down and abandoning module OverlayEditor (230)
[2019.08.15-18.52.44:209][ 10]LogModuleManager: Shutting down and abandoning module VREditor (227)
[2019.08.15-18.52.44:210][ 10]LogModuleManager: Shutting down and abandoning module StringTableEditor (225)
[2019.08.15-18.52.44:210][ 10]LogModuleManager: Shutting down and abandoning module GameplayTasksEditor (223)
[2019.08.15-18.52.44:210][ 10]LogModuleManager: Shutting down and abandoning module BehaviorTreeEditor (221)
[2019.08.15-18.52.44:210][ 10]LogModuleManager: Shutting down and abandoning module FunctionalTesting (219)
[2019.08.15-18.52.44:210][ 10]LogModuleManager: Shutting down and abandoning module CollisionAnalyzer (217)
[2019.08.15-18.52.44:210][ 10]LogModuleManager: Shutting down and abandoning module WorkspaceMenuStructure (216)
[2019.08.15-18.52.44:210][ 10]LogModuleManager: Shutting down and abandoning module UMG (213)
[2019.08.15-18.52.44:210][ 10]LogModuleManager: Shutting down and abandoning module UMGEditor (212)
[2019.08.15-18.52.44:210][ 10]LogModuleManager: Shutting down and abandoning module Sequencer (211)
[2019.08.15-18.52.44:210][ 10]LogModuleManager: Shutting down and abandoning module MessageLog (208)
[2019.08.15-18.52.44:210][ 10]LogModuleManager: Shutting down and abandoning module SlateReflector (203)
[2019.08.15-18.52.44:210][ 10]LogModuleManager: Shutting down and abandoning module Slate (201)
[2019.08.15-18.52.44:210][ 10]LogModuleManager: Shutting down and abandoning module EditorStyle (199)
[2019.08.15-18.52.44:211][ 10]LogModuleManager: Shutting down and abandoning module MRMesh (197)
[2019.08.15-18.52.44:211][ 10]LogModuleManager: Shutting down and abandoning module SourceCodeAccess (195)
[2019.08.15-18.52.44:211][ 10]LogModuleManager: Shutting down and abandoning module HeadMountedDisplay (193)
[2019.08.15-18.52.44:211][ 10]LogModuleManager: Shutting down and abandoning module XAudio2 (191)
[2019.08.15-18.52.44:212][ 10]LogModuleManager: Shutting down and abandoning module Networking (189)
[2019.08.15-18.52.44:212][ 10]LogModuleManager: Shutting down and abandoning module Core (187)
[2019.08.15-18.52.44:212][ 10]LogModuleManager: Shutting down and abandoning module LevelSequence (185)
[2019.08.15-18.52.44:212][ 10]LogModuleManager: Shutting down and abandoning module KismetCompiler (183)
[2019.08.15-18.52.44:212][ 10]LogModuleManager: Shutting down and abandoning module MeshUtilities (181)
[2019.08.15-18.52.44:212][ 10]LogModuleManager: Shutting down and abandoning module MeshMergeUtilities (180)
[2019.08.15-18.52.44:212][ 10]LogModuleManager: Shutting down and abandoning module MeshReductionInterface (179)
[2019.08.15-18.52.44:212][ 10]LogModuleManager: Shutting down and abandoning module SimplygonSwarm (178)
[2019.08.15-18.52.44:212][ 10]LogModuleManager: Shutting down and abandoning module ProxyLODMeshReduction (176)
[2019.08.15-18.52.44:212][ 10]LogModuleManager: Shutting down and abandoning module SimplygonMeshReduction (174)
[2019.08.15-18.52.44:212][ 10]LogModuleManager: Shutting down and abandoning module QuadricMeshReduction (172)
[2019.08.15-18.52.44:212][ 10]LogModuleManager: Shutting down and abandoning module MaterialBaking (168)
[2019.08.15-18.52.44:212][ 10]LogModuleManager: Shutting down and abandoning module DirectoryWatcher (164)
[2019.08.15-18.52.44:212][ 10]LogModuleManager: Shutting down and abandoning module DerivedDataCache (161)
[2019.08.15-18.52.44:297][ 10]LogDerivedDataCache: Shutdown
[2019.08.15-18.52.44:297][ 10]LogModuleManager: Shutting down and abandoning module XGEController (159)
[2019.08.15-18.52.44:297][ 10]LogModuleManager: Shutting down and abandoning module TargetPlatform (157)
[2019.08.15-18.52.44:297][ 10]LogModuleManager: Shutting down and abandoning module VulkanShaderFormat (156)
[2019.08.15-18.52.44:297][ 10]LogModuleManager: Shutting down and abandoning module ShaderFormatVectorVM (154)
[2019.08.15-18.52.44:297][ 10]LogModuleManager: Shutting down and abandoning module ShaderFormatOpenGL (152)
[2019.08.15-18.52.44:297][ 10]LogModuleManager: Shutting down and abandoning module ShaderFormatD3D (150)
[2019.08.15-18.52.44:297][ 10]LogModuleManager: Shutting down and abandoning module MetalShaderFormat (148)
[2019.08.15-18.52.44:297][ 10]LogModuleManager: Shutting down and abandoning module TextureFormatUncompressed (146)
[2019.08.15-18.52.44:297][ 10]LogModuleManager: Shutting down and abandoning module TextureFormatPVR (144)
[2019.08.15-18.52.44:297][ 10]LogModuleManager: Shutting down and abandoning module TextureFormatDXT (142)
[2019.08.15-18.52.44:297][ 10]LogModuleManager: Shutting down and abandoning module TextureFormatIntelISPCTexComp (140)
[2019.08.15-18.52.44:298][ 10]LogModuleManager: Shutting down and abandoning module TextureFormatASTC (138)
[2019.08.15-18.52.44:298][ 10]LogModuleManager: Shutting down and abandoning module ImageWrapper (137)
[2019.08.15-18.52.44:298][ 10]LogModuleManager: Shutting down and abandoning module TextureFormatAndroid (134)
[2019.08.15-18.52.44:298][ 10]LogModuleManager: Shutting down and abandoning module AudioFormatOpus (132)
[2019.08.15-18.52.44:298][ 10]LogModuleManager: Shutting down and abandoning module AudioFormatOgg (130)
[2019.08.15-18.52.44:298][ 10]LogModuleManager: Shutting down and abandoning module AudioFormatADPCM (128)
[2019.08.15-18.52.44:298][ 10]LogModuleManager: Shutting down and abandoning module LuminTargetPlatform (126)
[2019.08.15-18.52.44:298][ 10]LogModuleManager: Shutting down and abandoning module LinuxTargetPlatform (124)
[2019.08.15-18.52.44:298][ 10]LogModuleManager: Shutting down and abandoning module LinuxServerTargetPlatform (122)
[2019.08.15-18.52.44:298][ 10]LogModuleManager: Shutting down and abandoning module LinuxNoEditorTargetPlatform (120)
[2019.08.15-18.52.44:298][ 10]LogModuleManager: Shutting down and abandoning module LinuxClientTargetPlatform (118)
[2019.08.15-18.52.44:298][ 10]LogModuleManager: Shutting down and abandoning module TVOSTargetPlatform (116)
[2019.08.15-18.52.44:299][ 10]LogModuleManager: Shutting down and abandoning module Messaging (114)
[2019.08.15-18.52.44:299][ 10]LogModuleManager: Shutting down and abandoning module IOSTargetPlatform (112)
[2019.08.15-18.52.44:299][ 10]LogModuleManager: Shutting down and abandoning module HTML5TargetPlatform (110)
[2019.08.15-18.52.44:299][ 10]LogModuleManager: Shutting down and abandoning module AndroidTargetPlatform (108)
[2019.08.15-18.52.44:304][ 10]LogModuleManager: Shutting down and abandoning module WindowsTargetPlatform (106)
[2019.08.15-18.52.44:304][ 10]LogModuleManager: Shutting down and abandoning module WindowsServerTargetPlatform (104)
[2019.08.15-18.52.44:304][ 10]LogModuleManager: Shutting down and abandoning module WindowsNoEditorTargetPlatform (102)
[2019.08.15-18.52.44:304][ 10]LogModuleManager: Shutting down and abandoning module WindowsClientTargetPlatform (100)
[2019.08.15-18.52.44:304][ 10]LogModuleManager: Shutting down and abandoning module MacTargetPlatform (98)
[2019.08.15-18.52.44:304][ 10]LogModuleManager: Shutting down and abandoning module MacServerTargetPlatform (96)
[2019.08.15-18.52.44:304][ 10]LogModuleManager: Shutting down and abandoning module MacNoEditorTargetPlatform (94)
[2019.08.15-18.52.44:304][ 10]LogModuleManager: Shutting down and abandoning module MacClientTargetPlatform (92)
[2019.08.15-18.52.44:304][ 10]LogModuleManager: Shutting down and abandoning module AllDesktopTargetPlatform (90)
[2019.08.15-18.52.44:304][ 10]LogModuleManager: Shutting down and abandoning module InputCore (87)
[2019.08.15-18.52.44:304][ 10]LogModuleManager: Shutting down and abandoning module Settings (85)
[2019.08.15-18.52.44:304][ 10]LogModuleManager: Shutting down and abandoning module PhysXCooking (83)
[2019.08.15-18.52.44:304][ 10]LogModuleManager: Shutting down and abandoning module SteamVR (81)
[2019.08.15-18.52.44:304][ 10]LogHMD: Freeing OpenVRDLLHandle.
[2019.08.15-18.52.44:304][ 10]LogModuleManager: Shutting down and abandoning module OculusHMD (79)
[2019.08.15-18.52.44:304][ 10]LogModuleManager: Shutting down and abandoning module ExampleDeviceProfileSelector (77)
[2019.08.15-18.52.44:304][ 10]LogModuleManager: Shutting down and abandoning module LauncherChunkInstaller (75)
[2019.08.15-18.52.44:304][ 10]LogModuleManager: Shutting down and abandoning module OnlineBlueprintSupport (73)
[2019.08.15-18.52.44:304][ 10]LogModuleManager: Shutting down and abandoning module OnlineSubsystem (69)
[2019.08.15-18.52.44:306][ 10]LogModuleManager: Shutting down and abandoning module XMPP (63)
[2019.08.15-18.52.44:306][ 10]LogModuleManager: Shutting down and abandoning module WebSockets (62)
[2019.08.15-18.52.44:324][ 10]LogModuleManager: Shutting down and abandoning module HTTP (59)
[2019.08.15-18.52.44:324][ 10]LogHttp: Display: Http module shutting down, but needs to wait on 1 outstanding Http requests:
[2019.08.15-18.52.44:324][ 10]LogHttp: Display: 	verb=[POST] url=[https://datarouter.ol.epicgames.com/datarouter/api/v1/public/data?SessionID=%7BE7EBF092-42E7-BC4E-937C-D58529019B6D%7D&AppID=UEEditor.Rocket.Release&AppVersion=4.21.2-4753647%2B%2B%2BUE4%2BRelease-4.21&UserID=92849ef140996939fe475ea2f485fe93%7Ca9c1ec50ce9049899a9c604d07c127e5%7Ce3898b4f-5161-44f3-906c-6f24372dc987&AppEnvironment=datacollector-binary&UploadType=eteventstream] status=Processing
[2019.08.15-18.52.44:329][ 10]LogModuleManager: Shutting down and abandoning module SSL (58)
[2019.08.15-18.52.44:330][ 10]LogModuleManager: Shutting down and abandoning module MagicLeapIdentity (54)
[2019.08.15-18.52.44:330][ 10]LogModuleManager: Shutting down and abandoning module MagicLeapHelperVulkan (52)
[2019.08.15-18.52.44:330][ 10]LogModuleManager: Shutting down and abandoning module MagicLeapHelperOpenGL (50)
[2019.08.15-18.52.44:330][ 10]LogModuleManager: Shutting down and abandoning module MagicLeapSecureStorage (48)
[2019.08.15-18.52.44:330][ 10]LogModuleManager: Shutting down and abandoning module MagicLeapHandTracking (46)
[2019.08.15-18.52.44:330][ 10]LogModuleManager: Shutting down and abandoning module MagicLeapEyeTracker (44)
[2019.08.15-18.52.44:330][ 10]LogModuleManager: Shutting down and abandoning module MagicLeapController (42)
[2019.08.15-18.52.44:330][ 10]LogSlate: Slate User Destroyed.  User Index 0, Is Virtual User: 0
[2019.08.15-18.52.44:330][ 10]LogModuleManager: Shutting down and abandoning module MagicLeap (40)
[2019.08.15-18.52.44:330][ 10]LogModuleManager: Shutting down and abandoning module DatasmithContent (38)
[2019.08.15-18.52.44:331][ 10]LogModuleManager: Shutting down and abandoning module AnimationModifiers (36)
[2019.08.15-18.52.44:331][ 10]LogModuleManager: Shutting down and abandoning module PropertyEditor (35)
[2019.08.15-18.52.44:331][ 10]LogModuleManager: Shutting down and abandoning module AudioEditor (32)
[2019.08.15-18.52.44:331][ 10]LogModuleManager: Shutting down and abandoning module TextureCompressor (30)
[2019.08.15-18.52.44:331][ 10]LogModuleManager: Shutting down and abandoning module ShaderCore (28)
[2019.08.15-18.52.44:331][ 10]LogModuleManager: Shutting down and abandoning module Landscape (26)
[2019.08.15-18.52.44:331][ 10]LogModuleManager: Shutting down and abandoning module SlateRHIRenderer (24)
[2019.08.15-18.52.44:331][ 10]LogModuleManager: Shutting down and abandoning module OpenGLDrv (22)
[2019.08.15-18.52.44:331][ 10]LogModuleManager: Shutting down and abandoning module D3D11RHI (20)
[2019.08.15-18.52.44:331][ 10]LogModuleManager: Shutting down and abandoning module AnimGraphRuntime (18)
[2019.08.15-18.52.44:331][ 10]LogModuleManager: Shutting down and abandoning module Renderer (16)
[2019.08.15-18.52.44:331][ 10]LogModuleManager: Shutting down and abandoning module Engine (14)
[2019.08.15-18.52.44:331][ 10]LogModuleManager: Shutting down and abandoning module CoreUObject (12)
[2019.08.15-18.52.44:331][ 10]LogModuleManager: Shutting down and abandoning module NetworkFile (10)
[2019.08.15-18.52.44:331][ 10]LogModuleManager: Shutting down and abandoning module CookedIterativeFile (8)
[2019.08.15-18.52.44:331][ 10]LogModuleManager: Shutting down and abandoning module StreamingFile (6)
[2019.08.15-18.52.44:331][ 10]LogModuleManager: Shutting down and abandoning module SandboxFile (4)
[2019.08.15-18.52.44:331][ 10]LogModuleManager: Shutting down and abandoning module PakFile (2)
[2019.08.15-18.52.44:337][ 10]LogExit: Exiting.
[2019.08.15-18.52.44:360][ 10]Log file closed, 08/15/19 20:52:44
